{"total": {"lines":{"total":2156,"covered":646,"skipped":0,"pct":29.96},"statements":{"total":2192,"covered":646,"skipped":0,"pct":29.47},"functions":{"total":338,"covered":39,"skipped":0,"pct":11.53},"branches":{"total":916,"covered":101,"skipped":0,"pct":11.02},"branchesTrue":{"total":0,"covered":0,"skipped":0,"pct":100}}
,"D:\\projects\\windows\\AdVantage\\backend\\src\\app.create.js": {"lines":{"total":36,"covered":24,"skipped":0,"pct":66.66},"functions":{"total":3,"covered":1,"skipped":0,"pct":33.33},"statements":{"total":38,"covered":24,"skipped":0,"pct":63.15},"branches":{"total":8,"covered":1,"skipped":0,"pct":12.5}}
,"D:\\projects\\windows\\AdVantage\\backend\\src\\config\\chatbot.config.js": {"lines":{"total":1,"covered":1,"skipped":0,"pct":100},"functions":{"total":0,"covered":0,"skipped":0,"pct":100},"statements":{"total":1,"covered":1,"skipped":0,"pct":100},"branches":{"total":10,"covered":10,"skipped":0,"pct":100}}
,"D:\\projects\\windows\\AdVantage\\backend\\src\\config\\cloudinary.config.js": {"lines":{"total":1,"covered":1,"skipped":0,"pct":100},"functions":{"total":0,"covered":0,"skipped":0,"pct":100},"statements":{"total":1,"covered":1,"skipped":0,"pct":100},"branches":{"total":0,"covered":0,"skipped":0,"pct":100}}
,"D:\\projects\\windows\\AdVantage\\backend\\src\\config\\logger.config.js": {"lines":{"total":5,"covered":4,"skipped":0,"pct":80},"functions":{"total":0,"covered":0,"skipped":0,"pct":100},"statements":{"total":5,"covered":4,"skipped":0,"pct":80},"branches":{"total":2,"covered":1,"skipped":0,"pct":50}}
,"D:\\projects\\windows\\AdVantage\\backend\\src\\config\\payment.config.js": {"lines":{"total":1,"covered":1,"skipped":0,"pct":100},"functions":{"total":0,"covered":0,"skipped":0,"pct":100},"statements":{"total":1,"covered":1,"skipped":0,"pct":100},"branches":{"total":0,"covered":0,"skipped":0,"pct":100}}
,"D:\\projects\\windows\\AdVantage\\backend\\src\\controllers\\admin.controller.js": {"lines":{"total":77,"covered":8,"skipped":0,"pct":10.38},"functions":{"total":9,"covered":0,"skipped":0,"pct":0},"statements":{"total":78,"covered":8,"skipped":0,"pct":10.25},"branches":{"total":48,"covered":0,"skipped":0,"pct":0}}
,"D:\\projects\\windows\\AdVantage\\backend\\src\\controllers\\anyone.controller.js": {"lines":{"total":23,"covered":17,"skipped":0,"pct":73.91},"functions":{"total":3,"covered":3,"skipped":0,"pct":100},"statements":{"total":23,"covered":17,"skipped":0,"pct":73.91},"branches":{"total":6,"covered":3,"skipped":0,"pct":50}}
,"D:\\projects\\windows\\AdVantage\\backend\\src\\controllers\\auth.controller.js": {"lines":{"total":92,"covered":26,"skipped":0,"pct":28.26},"functions":{"total":8,"covered":3,"skipped":0,"pct":37.5},"statements":{"total":92,"covered":26,"skipped":0,"pct":28.26},"branches":{"total":42,"covered":8,"skipped":0,"pct":19.04}}
,"D:\\projects\\windows\\AdVantage\\backend\\src\\controllers\\buyer.controller.js": {"lines":{"total":188,"covered":36,"skipped":0,"pct":19.14},"functions":{"total":18,"covered":2,"skipped":0,"pct":11.11},"statements":{"total":188,"covered":36,"skipped":0,"pct":19.14},"branches":{"total":91,"covered":14,"skipped":0,"pct":15.38}}
,"D:\\projects\\windows\\AdVantage\\backend\\src\\controllers\\chat.controller.js": {"lines":{"total":44,"covered":4,"skipped":0,"pct":9.09},"functions":{"total":4,"covered":0,"skipped":0,"pct":0},"statements":{"total":46,"covered":4,"skipped":0,"pct":8.69},"branches":{"total":18,"covered":0,"skipped":0,"pct":0}}
,"D:\\projects\\windows\\AdVantage\\backend\\src\\controllers\\chatbot.controller.js": {"lines":{"total":17,"covered":2,"skipped":0,"pct":11.76},"functions":{"total":2,"covered":0,"skipped":0,"pct":0},"statements":{"total":17,"covered":2,"skipped":0,"pct":11.76},"branches":{"total":16,"covered":0,"skipped":0,"pct":0}}
,"D:\\projects\\windows\\AdVantage\\backend\\src\\controllers\\complaint.controller.js": {"lines":{"total":34,"covered":4,"skipped":0,"pct":11.76},"functions":{"total":4,"covered":0,"skipped":0,"pct":0},"statements":{"total":34,"covered":4,"skipped":0,"pct":11.76},"branches":{"total":29,"covered":0,"skipped":0,"pct":0}}
,"D:\\projects\\windows\\AdVantage\\backend\\src\\controllers\\manager.controller.js": {"lines":{"total":38,"covered":4,"skipped":0,"pct":10.52},"functions":{"total":4,"covered":0,"skipped":0,"pct":0},"statements":{"total":39,"covered":4,"skipped":0,"pct":10.25},"branches":{"total":22,"covered":0,"skipped":0,"pct":0}}
,"D:\\projects\\windows\\AdVantage\\backend\\src\\controllers\\seller.controller.js": {"lines":{"total":90,"covered":11,"skipped":0,"pct":12.22},"functions":{"total":11,"covered":0,"skipped":0,"pct":0},"statements":{"total":94,"covered":11,"skipped":0,"pct":11.7},"branches":{"total":22,"covered":0,"skipped":0,"pct":0}}
,"D:\\projects\\windows\\AdVantage\\backend\\src\\daos\\admins.dao.js": {"lines":{"total":30,"covered":7,"skipped":0,"pct":23.33},"functions":{"total":7,"covered":0,"skipped":0,"pct":0},"statements":{"total":30,"covered":7,"skipped":0,"pct":23.33},"branches":{"total":8,"covered":0,"skipped":0,"pct":0}}
,"D:\\projects\\windows\\AdVantage\\backend\\src\\daos\\chat.dao.js": {"lines":{"total":49,"covered":5,"skipped":0,"pct":10.2},"functions":{"total":5,"covered":0,"skipped":0,"pct":0},"statements":{"total":49,"covered":5,"skipped":0,"pct":10.2},"branches":{"total":16,"covered":0,"skipped":0,"pct":0}}
,"D:\\projects\\windows\\AdVantage\\backend\\src\\daos\\complaints.dao.js": {"lines":{"total":37,"covered":9,"skipped":0,"pct":24.32},"functions":{"total":10,"covered":0,"skipped":0,"pct":0},"statements":{"total":39,"covered":9,"skipped":0,"pct":23.07},"branches":{"total":16,"covered":0,"skipped":0,"pct":0}}
,"D:\\projects\\windows\\AdVantage\\backend\\src\\daos\\managers.dao.js": {"lines":{"total":32,"covered":8,"skipped":0,"pct":25},"functions":{"total":9,"covered":0,"skipped":0,"pct":0},"statements":{"total":32,"covered":8,"skipped":0,"pct":25},"branches":{"total":4,"covered":0,"skipped":0,"pct":0}}
,"D:\\projects\\windows\\AdVantage\\backend\\src\\daos\\notifications.dao.js": {"lines":{"total":40,"covered":16,"skipped":0,"pct":40},"functions":{"total":16,"covered":0,"skipped":0,"pct":0},"statements":{"total":40,"covered":16,"skipped":0,"pct":40},"branches":{"total":10,"covered":0,"skipped":0,"pct":0}}
,"D:\\projects\\windows\\AdVantage\\backend\\src\\daos\\orders.dao.js": {"lines":{"total":15,"covered":3,"skipped":0,"pct":20},"functions":{"total":3,"covered":0,"skipped":0,"pct":0},"statements":{"total":15,"covered":3,"skipped":0,"pct":20},"branches":{"total":5,"covered":0,"skipped":0,"pct":0}}
,"D:\\projects\\windows\\AdVantage\\backend\\src\\daos\\payment.dao.js": {"lines":{"total":62,"covered":27,"skipped":0,"pct":43.54},"functions":{"total":27,"covered":0,"skipped":0,"pct":0},"statements":{"total":62,"covered":27,"skipped":0,"pct":43.54},"branches":{"total":12,"covered":0,"skipped":0,"pct":0}}
,"D:\\projects\\windows\\AdVantage\\backend\\src\\daos\\pendingUser.dao.js": {"lines":{"total":13,"covered":3,"skipped":0,"pct":23.07},"functions":{"total":3,"covered":0,"skipped":0,"pct":0},"statements":{"total":13,"covered":3,"skipped":0,"pct":23.07},"branches":{"total":0,"covered":0,"skipped":0,"pct":100}}
,"D:\\projects\\windows\\AdVantage\\backend\\src\\daos\\products.dao.js": {"lines":{"total":222,"covered":55,"skipped":0,"pct":24.77},"functions":{"total":39,"covered":6,"skipped":0,"pct":15.38},"statements":{"total":226,"covered":55,"skipped":0,"pct":24.33},"branches":{"total":104,"covered":11,"skipped":0,"pct":10.57}}
,"D:\\projects\\windows\\AdVantage\\backend\\src\\daos\\users.dao.js": {"lines":{"total":62,"covered":35,"skipped":0,"pct":56.45},"functions":{"total":15,"covered":6,"skipped":0,"pct":40},"statements":{"total":65,"covered":35,"skipped":0,"pct":53.84},"branches":{"total":16,"covered":5,"skipped":0,"pct":31.25}}
,"D:\\projects\\windows\\AdVantage\\backend\\src\\helpers\\chatbot.helper.js": {"lines":{"total":24,"covered":3,"skipped":0,"pct":12.5},"functions":{"total":4,"covered":0,"skipped":0,"pct":0},"statements":{"total":24,"covered":3,"skipped":0,"pct":12.5},"branches":{"total":12,"covered":0,"skipped":0,"pct":0}}
,"D:\\projects\\windows\\AdVantage\\backend\\src\\helpers\\graph.helper.js": {"lines":{"total":39,"covered":15,"skipped":0,"pct":38.46},"functions":{"total":8,"covered":3,"skipped":0,"pct":37.5},"statements":{"total":40,"covered":15,"skipped":0,"pct":37.5},"branches":{"total":8,"covered":0,"skipped":0,"pct":0}}
,"D:\\projects\\windows\\AdVantage\\backend\\src\\helpers\\notification.helper.js": {"lines":{"total":51,"covered":19,"skipped":0,"pct":37.25},"functions":{"total":20,"covered":0,"skipped":0,"pct":0},"statements":{"total":52,"covered":19,"skipped":0,"pct":36.53},"branches":{"total":14,"covered":0,"skipped":0,"pct":0}}
,"D:\\projects\\windows\\AdVantage\\backend\\src\\helpers\\productEmbedding.helper.js": {"lines":{"total":22,"covered":5,"skipped":0,"pct":22.72},"functions":{"total":4,"covered":0,"skipped":0,"pct":0},"statements":{"total":22,"covered":5,"skipped":0,"pct":22.72},"branches":{"total":22,"covered":0,"skipped":0,"pct":0}}
,"D:\\projects\\windows\\AdVantage\\backend\\src\\helpers\\user.helper.js": {"lines":{"total":30,"covered":2,"skipped":0,"pct":6.66},"functions":{"total":2,"covered":0,"skipped":0,"pct":0},"statements":{"total":30,"covered":2,"skipped":0,"pct":6.66},"branches":{"total":14,"covered":0,"skipped":0,"pct":0}}
,"D:\\projects\\windows\\AdVantage\\backend\\src\\middlewares\\error.middleware.js": {"lines":{"total":21,"covered":1,"skipped":0,"pct":4.76},"functions":{"total":1,"covered":0,"skipped":0,"pct":0},"statements":{"total":21,"covered":1,"skipped":0,"pct":4.76},"branches":{"total":17,"covered":0,"skipped":0,"pct":0}}
,"D:\\projects\\windows\\AdVantage\\backend\\src\\middlewares\\protect.js": {"lines":{"total":22,"covered":19,"skipped":0,"pct":86.36},"functions":{"total":5,"covered":5,"skipped":0,"pct":100},"statements":{"total":22,"covered":19,"skipped":0,"pct":86.36},"branches":{"total":8,"covered":6,"skipped":0,"pct":75}}
,"D:\\projects\\windows\\AdVantage\\backend\\src\\middlewares\\upload.js": {"lines":{"total":46,"covered":5,"skipped":0,"pct":10.86},"functions":{"total":8,"covered":0,"skipped":0,"pct":0},"statements":{"total":49,"covered":5,"skipped":0,"pct":10.2},"branches":{"total":30,"covered":0,"skipped":0,"pct":0}}
,"D:\\projects\\windows\\AdVantage\\backend\\src\\models\\Admins.js": {"lines":{"total":1,"covered":1,"skipped":0,"pct":100},"functions":{"total":0,"covered":0,"skipped":0,"pct":100},"statements":{"total":1,"covered":1,"skipped":0,"pct":100},"branches":{"total":0,"covered":0,"skipped":0,"pct":100}}
,"D:\\projects\\windows\\AdVantage\\backend\\src\\models\\Complaints.js": {"lines":{"total":8,"covered":6,"skipped":0,"pct":75},"functions":{"total":1,"covered":0,"skipped":0,"pct":0},"statements":{"total":8,"covered":6,"skipped":0,"pct":75},"branches":{"total":0,"covered":0,"skipped":0,"pct":100}}
,"D:\\projects\\windows\\AdVantage\\backend\\src\\models\\Contact.js": {"lines":{"total":2,"covered":2,"skipped":0,"pct":100},"functions":{"total":0,"covered":0,"skipped":0,"pct":100},"statements":{"total":2,"covered":2,"skipped":0,"pct":100},"branches":{"total":0,"covered":0,"skipped":0,"pct":100}}
,"D:\\projects\\windows\\AdVantage\\backend\\src\\models\\Managers.js": {"lines":{"total":1,"covered":1,"skipped":0,"pct":100},"functions":{"total":0,"covered":0,"skipped":0,"pct":100},"statements":{"total":1,"covered":1,"skipped":0,"pct":100},"branches":{"total":0,"covered":0,"skipped":0,"pct":100}}
,"D:\\projects\\windows\\AdVantage\\backend\\src\\models\\Messages.js": {"lines":{"total":2,"covered":2,"skipped":0,"pct":100},"functions":{"total":0,"covered":0,"skipped":0,"pct":100},"statements":{"total":2,"covered":2,"skipped":0,"pct":100},"branches":{"total":0,"covered":0,"skipped":0,"pct":100}}
,"D:\\projects\\windows\\AdVantage\\backend\\src\\models\\Notifications.js": {"lines":{"total":4,"covered":4,"skipped":0,"pct":100},"functions":{"total":0,"covered":0,"skipped":0,"pct":100},"statements":{"total":4,"covered":4,"skipped":0,"pct":100},"branches":{"total":0,"covered":0,"skipped":0,"pct":100}}
,"D:\\projects\\windows\\AdVantage\\backend\\src\\models\\Orders.js": {"lines":{"total":21,"covered":4,"skipped":0,"pct":19.04},"functions":{"total":3,"covered":0,"skipped":0,"pct":0},"statements":{"total":25,"covered":4,"skipped":0,"pct":16},"branches":{"total":20,"covered":0,"skipped":0,"pct":0}}
,"D:\\projects\\windows\\AdVantage\\backend\\src\\models\\Payment.js": {"lines":{"total":1,"covered":1,"skipped":0,"pct":100},"functions":{"total":0,"covered":0,"skipped":0,"pct":100},"statements":{"total":1,"covered":1,"skipped":0,"pct":100},"branches":{"total":0,"covered":0,"skipped":0,"pct":100}}
,"D:\\projects\\windows\\AdVantage\\backend\\src\\models\\PendingUser.js": {"lines":{"total":1,"covered":1,"skipped":0,"pct":100},"functions":{"total":0,"covered":0,"skipped":0,"pct":100},"statements":{"total":1,"covered":1,"skipped":0,"pct":100},"branches":{"total":0,"covered":0,"skipped":0,"pct":100}}
,"D:\\projects\\windows\\AdVantage\\backend\\src\\models\\Products.js": {"lines":{"total":2,"covered":2,"skipped":0,"pct":100},"functions":{"total":0,"covered":0,"skipped":0,"pct":100},"statements":{"total":2,"covered":2,"skipped":0,"pct":100},"branches":{"total":0,"covered":0,"skipped":0,"pct":100}}
,"D:\\projects\\windows\\AdVantage\\backend\\src\\models\\Users.js": {"lines":{"total":6,"covered":2,"skipped":0,"pct":33.33},"functions":{"total":1,"covered":0,"skipped":0,"pct":0},"statements":{"total":7,"covered":2,"skipped":0,"pct":28.57},"branches":{"total":2,"covered":0,"skipped":0,"pct":0}}
,"D:\\projects\\windows\\AdVantage\\backend\\src\\routes\\admin.router.js": {"lines":{"total":11,"covered":11,"skipped":0,"pct":100},"functions":{"total":0,"covered":0,"skipped":0,"pct":100},"statements":{"total":11,"covered":11,"skipped":0,"pct":100},"branches":{"total":0,"covered":0,"skipped":0,"pct":100}}
,"D:\\projects\\windows\\AdVantage\\backend\\src\\routes\\anyone.router.js": {"lines":{"total":4,"covered":4,"skipped":0,"pct":100},"functions":{"total":0,"covered":0,"skipped":0,"pct":100},"statements":{"total":4,"covered":4,"skipped":0,"pct":100},"branches":{"total":0,"covered":0,"skipped":0,"pct":100}}
,"D:\\projects\\windows\\AdVantage\\backend\\src\\routes\\auth.router.js": {"lines":{"total":9,"covered":9,"skipped":0,"pct":100},"functions":{"total":0,"covered":0,"skipped":0,"pct":100},"statements":{"total":9,"covered":9,"skipped":0,"pct":100},"branches":{"total":0,"covered":0,"skipped":0,"pct":100}}
,"D:\\projects\\windows\\AdVantage\\backend\\src\\routes\\chat.router.js": {"lines":{"total":7,"covered":7,"skipped":0,"pct":100},"functions":{"total":0,"covered":0,"skipped":0,"pct":100},"statements":{"total":7,"covered":7,"skipped":0,"pct":100},"branches":{"total":0,"covered":0,"skipped":0,"pct":100}}
,"D:\\projects\\windows\\AdVantage\\backend\\src\\routes\\chatbot.router.js": {"lines":{"total":4,"covered":4,"skipped":0,"pct":100},"functions":{"total":0,"covered":0,"skipped":0,"pct":100},"statements":{"total":4,"covered":4,"skipped":0,"pct":100},"branches":{"total":0,"covered":0,"skipped":0,"pct":100}}
,"D:\\projects\\windows\\AdVantage\\backend\\src\\routes\\manager.router.js": {"lines":{"total":8,"covered":8,"skipped":0,"pct":100},"functions":{"total":0,"covered":0,"skipped":0,"pct":100},"statements":{"total":8,"covered":8,"skipped":0,"pct":100},"branches":{"total":0,"covered":0,"skipped":0,"pct":100}}
,"D:\\projects\\windows\\AdVantage\\backend\\src\\routes\\user.router.js": {"lines":{"total":47,"covered":47,"skipped":0,"pct":100},"functions":{"total":0,"covered":0,"skipped":0,"pct":100},"statements":{"total":47,"covered":47,"skipped":0,"pct":100},"branches":{"total":0,"covered":0,"skipped":0,"pct":100}}
,"D:\\projects\\windows\\AdVantage\\backend\\src\\services\\admin.service.js": {"lines":{"total":71,"covered":8,"skipped":0,"pct":11.26},"functions":{"total":20,"covered":0,"skipped":0,"pct":0},"statements":{"total":75,"covered":8,"skipped":0,"pct":10.66},"branches":{"total":55,"covered":0,"skipped":0,"pct":0}}
,"D:\\projects\\windows\\AdVantage\\backend\\src\\services\\anyone.service.js": {"lines":{"total":33,"covered":26,"skipped":0,"pct":78.78},"functions":{"total":3,"covered":3,"skipped":0,"pct":100},"statements":{"total":35,"covered":26,"skipped":0,"pct":74.28},"branches":{"total":26,"covered":17,"skipped":0,"pct":65.38}}
,"D:\\projects\\windows\\AdVantage\\backend\\src\\services\\auth.service.js": {"lines":{"total":120,"covered":30,"skipped":0,"pct":25},"functions":{"total":10,"covered":2,"skipped":0,"pct":20},"statements":{"total":120,"covered":30,"skipped":0,"pct":25},"branches":{"total":42,"covered":9,"skipped":0,"pct":21.42}}
,"D:\\projects\\windows\\AdVantage\\backend\\src\\services\\buyer.service.js": {"lines":{"total":135,"covered":42,"skipped":0,"pct":31.11},"functions":{"total":18,"covered":2,"skipped":0,"pct":11.11},"statements":{"total":135,"covered":42,"skipped":0,"pct":31.11},"branches":{"total":66,"covered":12,"skipped":0,"pct":18.18}}
,"D:\\projects\\windows\\AdVantage\\backend\\src\\services\\chat.service.js": {"lines":{"total":8,"covered":4,"skipped":0,"pct":50},"functions":{"total":4,"covered":0,"skipped":0,"pct":0},"statements":{"total":8,"covered":4,"skipped":0,"pct":50},"branches":{"total":0,"covered":0,"skipped":0,"pct":100}}
,"D:\\projects\\windows\\AdVantage\\backend\\src\\services\\chatbot.service.js": {"lines":{"total":16,"covered":6,"skipped":0,"pct":37.5},"functions":{"total":3,"covered":0,"skipped":0,"pct":0},"statements":{"total":16,"covered":6,"skipped":0,"pct":37.5},"branches":{"total":4,"covered":0,"skipped":0,"pct":0}}
,"D:\\projects\\windows\\AdVantage\\backend\\src\\services\\complaint.service.js": {"lines":{"total":31,"covered":4,"skipped":0,"pct":12.9},"functions":{"total":4,"covered":0,"skipped":0,"pct":0},"statements":{"total":31,"covered":4,"skipped":0,"pct":12.9},"branches":{"total":10,"covered":0,"skipped":0,"pct":0}}
,"D:\\projects\\windows\\AdVantage\\backend\\src\\services\\manager.service.js": {"lines":{"total":30,"covered":5,"skipped":0,"pct":16.66},"functions":{"total":5,"covered":0,"skipped":0,"pct":0},"statements":{"total":30,"covered":5,"skipped":0,"pct":16.66},"branches":{"total":10,"covered":0,"skipped":0,"pct":0}}
,"D:\\projects\\windows\\AdVantage\\backend\\src\\services\\seller.service.js": {"lines":{"total":109,"covered":25,"skipped":0,"pct":22.93},"functions":{"total":14,"covered":3,"skipped":0,"pct":21.42},"statements":{"total":110,"covered":25,"skipped":0,"pct":22.72},"branches":{"total":51,"covered":4,"skipped":0,"pct":7.84}}
}
