{"total": {"lines":{"total":3016,"covered":1473,"skipped":0,"pct":48.83},"statements":{"total":3097,"covered":1498,"skipped":0,"pct":48.36},"functions":{"total":468,"covered":179,"skipped":0,"pct":38.24},"branches":{"total":1625,"covered":581,"skipped":0,"pct":35.75},"branchesTrue":{"total":0,"covered":0,"skipped":0,"pct":100}}
,"D:\\Documents\\FFSD\\WBD\\AdVantage\\backend\\src\\app.create.js": {"lines":{"total":36,"covered":24,"skipped":0,"pct":66.66},"functions":{"total":3,"covered":1,"skipped":0,"pct":33.33},"statements":{"total":38,"covered":24,"skipped":0,"pct":63.15},"branches":{"total":8,"covered":1,"skipped":0,"pct":12.5}}
,"D:\\Documents\\FFSD\\WBD\\AdVantage\\backend\\src\\config\\cache.config.js": {"lines":{"total":37,"covered":22,"skipped":0,"pct":59.45},"functions":{"total":16,"covered":12,"skipped":0,"pct":75},"statements":{"total":49,"covered":28,"skipped":0,"pct":57.14},"branches":{"total":20,"covered":9,"skipped":0,"pct":45}}
,"D:\\Documents\\FFSD\\WBD\\AdVantage\\backend\\src\\config\\chatbot.config.js": {"lines":{"total":1,"covered":1,"skipped":0,"pct":100},"functions":{"total":0,"covered":0,"skipped":0,"pct":100},"statements":{"total":1,"covered":1,"skipped":0,"pct":100},"branches":{"total":12,"covered":12,"skipped":0,"pct":100}}
,"D:\\Documents\\FFSD\\WBD\\AdVantage\\backend\\src\\config\\cloudinary.config.js": {"lines":{"total":1,"covered":1,"skipped":0,"pct":100},"functions":{"total":0,"covered":0,"skipped":0,"pct":100},"statements":{"total":1,"covered":1,"skipped":0,"pct":100},"branches":{"total":0,"covered":0,"skipped":0,"pct":100}}
,"D:\\Documents\\FFSD\\WBD\\AdVantage\\backend\\src\\config\\logger.config.js": {"lines":{"total":5,"covered":4,"skipped":0,"pct":80},"functions":{"total":0,"covered":0,"skipped":0,"pct":100},"statements":{"total":5,"covered":4,"skipped":0,"pct":80},"branches":{"total":2,"covered":1,"skipped":0,"pct":50}}
,"D:\\Documents\\FFSD\\WBD\\AdVantage\\backend\\src\\config\\payment.config.js": {"lines":{"total":1,"covered":1,"skipped":0,"pct":100},"functions":{"total":0,"covered":0,"skipped":0,"pct":100},"statements":{"total":1,"covered":1,"skipped":0,"pct":100},"branches":{"total":0,"covered":0,"skipped":0,"pct":100}}
,"D:\\Documents\\FFSD\\WBD\\AdVantage\\backend\\src\\controllers\\admin.controller.js": {"lines":{"total":77,"covered":30,"skipped":0,"pct":38.96},"functions":{"total":9,"covered":3,"skipped":0,"pct":33.33},"statements":{"total":78,"covered":30,"skipped":0,"pct":38.46},"branches":{"total":48,"covered":18,"skipped":0,"pct":37.5}}
,"D:\\Documents\\FFSD\\WBD\\AdVantage\\backend\\src\\controllers\\anyone.controller.js": {"lines":{"total":23,"covered":17,"skipped":0,"pct":73.91},"functions":{"total":3,"covered":3,"skipped":0,"pct":100},"statements":{"total":23,"covered":17,"skipped":0,"pct":73.91},"branches":{"total":6,"covered":3,"skipped":0,"pct":50}}
,"D:\\Documents\\FFSD\\WBD\\AdVantage\\backend\\src\\controllers\\auth.controller.js": {"lines":{"total":93,"covered":60,"skipped":0,"pct":64.51},"functions":{"total":8,"covered":7,"skipped":0,"pct":87.5},"statements":{"total":93,"covered":60,"skipped":0,"pct":64.51},"branches":{"total":42,"covered":30,"skipped":0,"pct":71.42}}
,"D:\\Documents\\FFSD\\WBD\\AdVantage\\backend\\src\\controllers\\buyer.controller.js": {"lines":{"total":203,"covered":38,"skipped":0,"pct":18.71},"functions":{"total":20,"covered":2,"skipped":0,"pct":10},"statements":{"total":203,"covered":38,"skipped":0,"pct":18.71},"branches":{"total":100,"covered":14,"skipped":0,"pct":14}}
,"D:\\Documents\\FFSD\\WBD\\AdVantage\\backend\\src\\controllers\\chat.controller.js": {"lines":{"total":44,"covered":37,"skipped":0,"pct":84.09},"functions":{"total":4,"covered":4,"skipped":0,"pct":100},"statements":{"total":46,"covered":39,"skipped":0,"pct":84.78},"branches":{"total":18,"covered":15,"skipped":0,"pct":83.33}}
,"D:\\Documents\\FFSD\\WBD\\AdVantage\\backend\\src\\controllers\\chatbot.controller.js": {"lines":{"total":17,"covered":15,"skipped":0,"pct":88.23},"functions":{"total":2,"covered":2,"skipped":0,"pct":100},"statements":{"total":17,"covered":15,"skipped":0,"pct":88.23},"branches":{"total":16,"covered":15,"skipped":0,"pct":93.75}}
,"D:\\Documents\\FFSD\\WBD\\AdVantage\\backend\\src\\controllers\\complaint.controller.js": {"lines":{"total":34,"covered":26,"skipped":0,"pct":76.47},"functions":{"total":4,"covered":4,"skipped":0,"pct":100},"statements":{"total":34,"covered":26,"skipped":0,"pct":76.47},"branches":{"total":29,"covered":14,"skipped":0,"pct":48.27}}
,"D:\\Documents\\FFSD\\WBD\\AdVantage\\backend\\src\\controllers\\manager.controller.js": {"lines":{"total":52,"covered":37,"skipped":0,"pct":71.15},"functions":{"total":5,"covered":4,"skipped":0,"pct":80},"statements":{"total":53,"covered":38,"skipped":0,"pct":71.69},"branches":{"total":38,"covered":18,"skipped":0,"pct":47.36}}
,"D:\\Documents\\FFSD\\WBD\\AdVantage\\backend\\src\\controllers\\seller.controller.js": {"lines":{"total":154,"covered":36,"skipped":0,"pct":23.37},"functions":{"total":19,"covered":4,"skipped":0,"pct":21.05},"statements":{"total":158,"covered":36,"skipped":0,"pct":22.78},"branches":{"total":67,"covered":9,"skipped":0,"pct":13.43}}
,"D:\\Documents\\FFSD\\WBD\\AdVantage\\backend\\src\\daos\\admins.dao.js": {"lines":{"total":30,"covered":8,"skipped":0,"pct":26.66},"functions":{"total":7,"covered":1,"skipped":0,"pct":14.28},"statements":{"total":30,"covered":8,"skipped":0,"pct":26.66},"branches":{"total":8,"covered":0,"skipped":0,"pct":0}}
,"D:\\Documents\\FFSD\\WBD\\AdVantage\\backend\\src\\daos\\chat.dao.js": {"lines":{"total":49,"covered":5,"skipped":0,"pct":10.2},"functions":{"total":5,"covered":0,"skipped":0,"pct":0},"statements":{"total":49,"covered":5,"skipped":0,"pct":10.2},"branches":{"total":16,"covered":0,"skipped":0,"pct":0}}
,"D:\\Documents\\FFSD\\WBD\\AdVantage\\backend\\src\\daos\\complaints.dao.js": {"lines":{"total":37,"covered":9,"skipped":0,"pct":24.32},"functions":{"total":10,"covered":0,"skipped":0,"pct":0},"statements":{"total":39,"covered":9,"skipped":0,"pct":23.07},"branches":{"total":17,"covered":0,"skipped":0,"pct":0}}
,"D:\\Documents\\FFSD\\WBD\\AdVantage\\backend\\src\\daos\\managers.dao.js": {"lines":{"total":32,"covered":9,"skipped":0,"pct":28.12},"functions":{"total":9,"covered":1,"skipped":0,"pct":11.11},"statements":{"total":32,"covered":9,"skipped":0,"pct":28.12},"branches":{"total":4,"covered":0,"skipped":0,"pct":0}}
,"D:\\Documents\\FFSD\\WBD\\AdVantage\\backend\\src\\daos\\notifications.dao.js": {"lines":{"total":40,"covered":16,"skipped":0,"pct":40},"functions":{"total":16,"covered":0,"skipped":0,"pct":0},"statements":{"total":40,"covered":16,"skipped":0,"pct":40},"branches":{"total":10,"covered":0,"skipped":0,"pct":0}}
,"D:\\Documents\\FFSD\\WBD\\AdVantage\\backend\\src\\daos\\orders.dao.js": {"lines":{"total":133,"covered":64,"skipped":0,"pct":48.12},"functions":{"total":15,"covered":5,"skipped":0,"pct":33.33},"statements":{"total":142,"covered":65,"skipped":0,"pct":45.77},"branches":{"total":75,"covered":22,"skipped":0,"pct":29.33}}
,"D:\\Documents\\FFSD\\WBD\\AdVantage\\backend\\src\\daos\\payment.dao.js": {"lines":{"total":60,"covered":26,"skipped":0,"pct":43.33},"functions":{"total":26,"covered":0,"skipped":0,"pct":0},"statements":{"total":60,"covered":26,"skipped":0,"pct":43.33},"branches":{"total":12,"covered":0,"skipped":0,"pct":0}}
,"D:\\Documents\\FFSD\\WBD\\AdVantage\\backend\\src\\daos\\payout.dao.js": {"lines":{"total":24,"covered":11,"skipped":0,"pct":45.83},"functions":{"total":12,"covered":0,"skipped":0,"pct":0},"statements":{"total":25,"covered":11,"skipped":0,"pct":44},"branches":{"total":17,"covered":0,"skipped":0,"pct":0}}
,"D:\\Documents\\FFSD\\WBD\\AdVantage\\backend\\src\\daos\\pendingUser.dao.js": {"lines":{"total":13,"covered":3,"skipped":0,"pct":23.07},"functions":{"total":3,"covered":0,"skipped":0,"pct":0},"statements":{"total":13,"covered":3,"skipped":0,"pct":23.07},"branches":{"total":0,"covered":0,"skipped":0,"pct":100}}
,"D:\\Documents\\FFSD\\WBD\\AdVantage\\backend\\src\\daos\\products.dao.js": {"lines":{"total":256,"covered":84,"skipped":0,"pct":32.81},"functions":{"total":46,"covered":10,"skipped":0,"pct":21.73},"statements":{"total":266,"covered":86,"skipped":0,"pct":32.33},"branches":{"total":136,"covered":24,"skipped":0,"pct":17.64}}
,"D:\\Documents\\FFSD\\WBD\\AdVantage\\backend\\src\\daos\\users.dao.js": {"lines":{"total":62,"covered":35,"skipped":0,"pct":56.45},"functions":{"total":15,"covered":6,"skipped":0,"pct":40},"statements":{"total":65,"covered":35,"skipped":0,"pct":53.84},"branches":{"total":16,"covered":5,"skipped":0,"pct":31.25}}
,"D:\\Documents\\FFSD\\WBD\\AdVantage\\backend\\src\\helpers\\chatbot.helper.js": {"lines":{"total":24,"covered":3,"skipped":0,"pct":12.5},"functions":{"total":4,"covered":0,"skipped":0,"pct":0},"statements":{"total":24,"covered":3,"skipped":0,"pct":12.5},"branches":{"total":12,"covered":0,"skipped":0,"pct":0}}
,"D:\\Documents\\FFSD\\WBD\\AdVantage\\backend\\src\\helpers\\graph.helper.js": {"lines":{"total":40,"covered":16,"skipped":0,"pct":40},"functions":{"total":8,"covered":3,"skipped":0,"pct":37.5},"statements":{"total":41,"covered":16,"skipped":0,"pct":39.02},"branches":{"total":8,"covered":0,"skipped":0,"pct":0}}
,"D:\\Documents\\FFSD\\WBD\\AdVantage\\backend\\src\\helpers\\notification.helper.js": {"lines":{"total":51,"covered":19,"skipped":0,"pct":37.25},"functions":{"total":20,"covered":0,"skipped":0,"pct":0},"statements":{"total":52,"covered":19,"skipped":0,"pct":36.53},"branches":{"total":14,"covered":0,"skipped":0,"pct":0}}
,"D:\\Documents\\FFSD\\WBD\\AdVantage\\backend\\src\\helpers\\productEmbedding.helper.js": {"lines":{"total":33,"covered":7,"skipped":0,"pct":21.21},"functions":{"total":6,"covered":0,"skipped":0,"pct":0},"statements":{"total":33,"covered":7,"skipped":0,"pct":21.21},"branches":{"total":30,"covered":0,"skipped":0,"pct":0}}
,"D:\\Documents\\FFSD\\WBD\\AdVantage\\backend\\src\\helpers\\user.helper.js": {"lines":{"total":32,"covered":2,"skipped":0,"pct":6.25},"functions":{"total":2,"covered":0,"skipped":0,"pct":0},"statements":{"total":32,"covered":2,"skipped":0,"pct":6.25},"branches":{"total":14,"covered":0,"skipped":0,"pct":0}}
,"D:\\Documents\\FFSD\\WBD\\AdVantage\\backend\\src\\middlewares\\error.middleware.js": {"lines":{"total":21,"covered":1,"skipped":0,"pct":4.76},"functions":{"total":1,"covered":0,"skipped":0,"pct":0},"statements":{"total":21,"covered":1,"skipped":0,"pct":4.76},"branches":{"total":17,"covered":0,"skipped":0,"pct":0}}
,"D:\\Documents\\FFSD\\WBD\\AdVantage\\backend\\src\\middlewares\\payout.middleware.js": {"lines":{"total":22,"covered":22,"skipped":0,"pct":100},"functions":{"total":2,"covered":2,"skipped":0,"pct":100},"statements":{"total":22,"covered":22,"skipped":0,"pct":100},"branches":{"total":30,"covered":25,"skipped":0,"pct":83.33}}
,"D:\\Documents\\FFSD\\WBD\\AdVantage\\backend\\src\\middlewares\\protect.js": {"lines":{"total":22,"covered":20,"skipped":0,"pct":90.9},"functions":{"total":5,"covered":5,"skipped":0,"pct":100},"statements":{"total":22,"covered":20,"skipped":0,"pct":90.9},"branches":{"total":8,"covered":7,"skipped":0,"pct":87.5}}
,"D:\\Documents\\FFSD\\WBD\\AdVantage\\backend\\src\\middlewares\\upload.js": {"lines":{"total":51,"covered":5,"skipped":0,"pct":9.8},"functions":{"total":10,"covered":0,"skipped":0,"pct":0},"statements":{"total":55,"covered":5,"skipped":0,"pct":9.09},"branches":{"total":36,"covered":0,"skipped":0,"pct":0}}
,"D:\\Documents\\FFSD\\WBD\\AdVantage\\backend\\src\\models\\Admins.js": {"lines":{"total":1,"covered":1,"skipped":0,"pct":100},"functions":{"total":0,"covered":0,"skipped":0,"pct":100},"statements":{"total":1,"covered":1,"skipped":0,"pct":100},"branches":{"total":0,"covered":0,"skipped":0,"pct":100}}
,"D:\\Documents\\FFSD\\WBD\\AdVantage\\backend\\src\\models\\Complaints.js": {"lines":{"total":9,"covered":7,"skipped":0,"pct":77.77},"functions":{"total":1,"covered":0,"skipped":0,"pct":0},"statements":{"total":9,"covered":7,"skipped":0,"pct":77.77},"branches":{"total":0,"covered":0,"skipped":0,"pct":100}}
,"D:\\Documents\\FFSD\\WBD\\AdVantage\\backend\\src\\models\\Contact.js": {"lines":{"total":2,"covered":2,"skipped":0,"pct":100},"functions":{"total":0,"covered":0,"skipped":0,"pct":100},"statements":{"total":2,"covered":2,"skipped":0,"pct":100},"branches":{"total":0,"covered":0,"skipped":0,"pct":100}}
,"D:\\Documents\\FFSD\\WBD\\AdVantage\\backend\\src\\models\\Managers.js": {"lines":{"total":1,"covered":1,"skipped":0,"pct":100},"functions":{"total":0,"covered":0,"skipped":0,"pct":100},"statements":{"total":1,"covered":1,"skipped":0,"pct":100},"branches":{"total":0,"covered":0,"skipped":0,"pct":100}}
,"D:\\Documents\\FFSD\\WBD\\AdVantage\\backend\\src\\models\\Messages.js": {"lines":{"total":2,"covered":2,"skipped":0,"pct":100},"functions":{"total":0,"covered":0,"skipped":0,"pct":100},"statements":{"total":2,"covered":2,"skipped":0,"pct":100},"branches":{"total":0,"covered":0,"skipped":0,"pct":100}}
,"D:\\Documents\\FFSD\\WBD\\AdVantage\\backend\\src\\models\\Notifications.js": {"lines":{"total":4,"covered":4,"skipped":0,"pct":100},"functions":{"total":0,"covered":0,"skipped":0,"pct":100},"statements":{"total":4,"covered":4,"skipped":0,"pct":100},"branches":{"total":0,"covered":0,"skipped":0,"pct":100}}
,"D:\\Documents\\FFSD\\WBD\\AdVantage\\backend\\src\\models\\Orders.js": {"lines":{"total":21,"covered":8,"skipped":0,"pct":38.09},"functions":{"total":3,"covered":2,"skipped":0,"pct":66.66},"statements":{"total":25,"covered":10,"skipped":0,"pct":40},"branches":{"total":20,"covered":4,"skipped":0,"pct":20}}
,"D:\\Documents\\FFSD\\WBD\\AdVantage\\backend\\src\\models\\Payment.js": {"lines":{"total":1,"covered":1,"skipped":0,"pct":100},"functions":{"total":0,"covered":0,"skipped":0,"pct":100},"statements":{"total":1,"covered":1,"skipped":0,"pct":100},"branches":{"total":0,"covered":0,"skipped":0,"pct":100}}
,"D:\\Documents\\FFSD\\WBD\\AdVantage\\backend\\src\\models\\PendingPayouts.js": {"lines":{"total":5,"covered":5,"skipped":0,"pct":100},"functions":{"total":0,"covered":0,"skipped":0,"pct":100},"statements":{"total":5,"covered":5,"skipped":0,"pct":100},"branches":{"total":0,"covered":0,"skipped":0,"pct":100}}
,"D:\\Documents\\FFSD\\WBD\\AdVantage\\backend\\src\\models\\PendingUser.js": {"lines":{"total":1,"covered":1,"skipped":0,"pct":100},"functions":{"total":0,"covered":0,"skipped":0,"pct":100},"statements":{"total":1,"covered":1,"skipped":0,"pct":100},"branches":{"total":0,"covered":0,"skipped":0,"pct":100}}
,"D:\\Documents\\FFSD\\WBD\\AdVantage\\backend\\src\\models\\Products.js": {"lines":{"total":2,"covered":2,"skipped":0,"pct":100},"functions":{"total":0,"covered":0,"skipped":0,"pct":100},"statements":{"total":2,"covered":2,"skipped":0,"pct":100},"branches":{"total":0,"covered":0,"skipped":0,"pct":100}}
,"D:\\Documents\\FFSD\\WBD\\AdVantage\\backend\\src\\models\\SellerPayoutAccount.js": {"lines":{"total":3,"covered":3,"skipped":0,"pct":100},"functions":{"total":0,"covered":0,"skipped":0,"pct":100},"statements":{"total":3,"covered":3,"skipped":0,"pct":100},"branches":{"total":0,"covered":0,"skipped":0,"pct":100}}
,"D:\\Documents\\FFSD\\WBD\\AdVantage\\backend\\src\\models\\SellerWithdrawal.js": {"lines":{"total":2,"covered":2,"skipped":0,"pct":100},"functions":{"total":0,"covered":0,"skipped":0,"pct":100},"statements":{"total":2,"covered":2,"skipped":0,"pct":100},"branches":{"total":0,"covered":0,"skipped":0,"pct":100}}
,"D:\\Documents\\FFSD\\WBD\\AdVantage\\backend\\src\\models\\Users.js": {"lines":{"total":6,"covered":2,"skipped":0,"pct":33.33},"functions":{"total":1,"covered":0,"skipped":0,"pct":0},"statements":{"total":7,"covered":2,"skipped":0,"pct":28.57},"branches":{"total":2,"covered":0,"skipped":0,"pct":0}}
,"D:\\Documents\\FFSD\\WBD\\AdVantage\\backend\\src\\routes\\admin.router.js": {"lines":{"total":11,"covered":11,"skipped":0,"pct":100},"functions":{"total":0,"covered":0,"skipped":0,"pct":100},"statements":{"total":11,"covered":11,"skipped":0,"pct":100},"branches":{"total":0,"covered":0,"skipped":0,"pct":100}}
,"D:\\Documents\\FFSD\\WBD\\AdVantage\\backend\\src\\routes\\anyone.router.js": {"lines":{"total":4,"covered":4,"skipped":0,"pct":100},"functions":{"total":0,"covered":0,"skipped":0,"pct":100},"statements":{"total":4,"covered":4,"skipped":0,"pct":100},"branches":{"total":0,"covered":0,"skipped":0,"pct":100}}
,"D:\\Documents\\FFSD\\WBD\\AdVantage\\backend\\src\\routes\\auth.router.js": {"lines":{"total":9,"covered":9,"skipped":0,"pct":100},"functions":{"total":0,"covered":0,"skipped":0,"pct":100},"statements":{"total":9,"covered":9,"skipped":0,"pct":100},"branches":{"total":0,"covered":0,"skipped":0,"pct":100}}
,"D:\\Documents\\FFSD\\WBD\\AdVantage\\backend\\src\\routes\\chat.router.js": {"lines":{"total":7,"covered":7,"skipped":0,"pct":100},"functions":{"total":0,"covered":0,"skipped":0,"pct":100},"statements":{"total":7,"covered":7,"skipped":0,"pct":100},"branches":{"total":0,"covered":0,"skipped":0,"pct":100}}
,"D:\\Documents\\FFSD\\WBD\\AdVantage\\backend\\src\\routes\\chatbot.router.js": {"lines":{"total":4,"covered":4,"skipped":0,"pct":100},"functions":{"total":0,"covered":0,"skipped":0,"pct":100},"statements":{"total":4,"covered":4,"skipped":0,"pct":100},"branches":{"total":0,"covered":0,"skipped":0,"pct":100}}
,"D:\\Documents\\FFSD\\WBD\\AdVantage\\backend\\src\\routes\\manager.router.js": {"lines":{"total":9,"covered":9,"skipped":0,"pct":100},"functions":{"total":0,"covered":0,"skipped":0,"pct":100},"statements":{"total":9,"covered":9,"skipped":0,"pct":100},"branches":{"total":0,"covered":0,"skipped":0,"pct":100}}
,"D:\\Documents\\FFSD\\WBD\\AdVantage\\backend\\src\\routes\\user.router.js": {"lines":{"total":53,"covered":53,"skipped":0,"pct":100},"functions":{"total":0,"covered":0,"skipped":0,"pct":100},"statements":{"total":53,"covered":53,"skipped":0,"pct":100},"branches":{"total":0,"covered":0,"skipped":0,"pct":100}}
,"D:\\Documents\\FFSD\\WBD\\AdVantage\\backend\\src\\services\\admin.service.js": {"lines":{"total":93,"covered":72,"skipped":0,"pct":77.41},"functions":{"total":18,"covered":17,"skipped":0,"pct":94.44},"statements":{"total":95,"covered":74,"skipped":0,"pct":77.89},"branches":{"total":55,"covered":32,"skipped":0,"pct":58.18}}
,"D:\\Documents\\FFSD\\WBD\\AdVantage\\backend\\src\\services\\anyone.service.js": {"lines":{"total":47,"covered":35,"skipped":0,"pct":74.46},"functions":{"total":3,"covered":3,"skipped":0,"pct":100},"statements":{"total":49,"covered":35,"skipped":0,"pct":71.42},"branches":{"total":36,"covered":23,"skipped":0,"pct":63.88}}
,"D:\\Documents\\FFSD\\WBD\\AdVantage\\backend\\src\\services\\auth.service.js": {"lines":{"total":120,"covered":68,"skipped":0,"pct":56.66},"functions":{"total":10,"covered":8,"skipped":0,"pct":80},"statements":{"total":120,"covered":68,"skipped":0,"pct":56.66},"branches":{"total":42,"covered":20,"skipped":0,"pct":47.61}}
,"D:\\Documents\\FFSD\\WBD\\AdVantage\\backend\\src\\services\\buyer.service.js": {"lines":{"total":172,"covered":62,"skipped":0,"pct":36.04},"functions":{"total":21,"covered":5,"skipped":0,"pct":23.8},"statements":{"total":172,"covered":62,"skipped":0,"pct":36.04},"branches":{"total":89,"covered":19,"skipped":0,"pct":21.34}}
,"D:\\Documents\\FFSD\\WBD\\AdVantage\\backend\\src\\services\\chat.service.js": {"lines":{"total":8,"covered":8,"skipped":0,"pct":100},"functions":{"total":4,"covered":4,"skipped":0,"pct":100},"statements":{"total":8,"covered":8,"skipped":0,"pct":100},"branches":{"total":0,"covered":0,"skipped":0,"pct":100}}
,"D:\\Documents\\FFSD\\WBD\\AdVantage\\backend\\src\\services\\chatbot.service.js": {"lines":{"total":16,"covered":15,"skipped":0,"pct":93.75},"functions":{"total":3,"covered":2,"skipped":0,"pct":66.66},"statements":{"total":16,"covered":15,"skipped":0,"pct":93.75},"branches":{"total":4,"covered":4,"skipped":0,"pct":100}}
,"D:\\Documents\\FFSD\\WBD\\AdVantage\\backend\\src\\services\\complaint.service.js": {"lines":{"total":31,"covered":24,"skipped":0,"pct":77.41},"functions":{"total":4,"covered":4,"skipped":0,"pct":100},"statements":{"total":31,"covered":24,"skipped":0,"pct":77.41},"branches":{"total":10,"covered":10,"skipped":0,"pct":100}}
,"D:\\Documents\\FFSD\\WBD\\AdVantage\\backend\\src\\services\\manager.service.js": {"lines":{"total":109,"covered":87,"skipped":0,"pct":79.81},"functions":{"total":10,"covered":8,"skipped":0,"pct":80},"statements":{"total":110,"covered":88,"skipped":0,"pct":80},"branches":{"total":92,"covered":59,"skipped":0,"pct":64.13}}
,"D:\\Documents\\FFSD\\WBD\\AdVantage\\backend\\src\\services\\payout.service.js": {"lines":{"total":35,"covered":6,"skipped":0,"pct":17.14},"functions":{"total":6,"covered":0,"skipped":0,"pct":0},"statements":{"total":36,"covered":6,"skipped":0,"pct":16.66},"branches":{"total":30,"covered":0,"skipped":0,"pct":0}}
,"D:\\Documents\\FFSD\\WBD\\AdVantage\\backend\\src\\services\\seller.service.js": {"lines":{"total":418,"covered":244,"skipped":0,"pct":58.37},"functions":{"total":69,"covered":47,"skipped":0,"pct":68.11},"statements":{"total":435,"covered":252,"skipped":0,"pct":57.93},"branches":{"total":359,"covered":168,"skipped":0,"pct":46.79}}
}
