TN:
SF:src\app.create.js
FN:20,createApp
FN:51,(anonymous_1)
FN:55,(anonymous_2)
FNF:3
FNH:1
FNDA:1,createApp
FNDA:0,(anonymous_1)
FNDA:0,(anonymous_2)
DA:21,1
DA:23,1
DA:24,1
DA:25,1
DA:26,1
DA:29,1
DA:30,1
DA:31,1
DA:33,1
DA:35,1
DA:46,1
DA:47,1
DA:49,1
DA:51,1
DA:52,0
DA:55,1
DA:56,0
DA:57,0
DA:59,0
DA:60,0
DA:68,0
DA:69,0
DA:74,0
DA:75,0
DA:77,0
DA:78,0
DA:80,0
DA:84,1
DA:85,1
DA:86,1
DA:87,1
DA:88,1
DA:89,1
DA:90,1
DA:92,1
DA:94,1
LF:36
LH:24
BRDA:24,0,0,1
BRDA:24,0,1,0
BRDA:57,1,0,0
BRDA:57,1,1,0
BRDA:68,2,0,0
BRDA:68,2,1,0
BRDA:75,3,0,0
BRDA:75,3,1,0
BRF:8
BRH:1
end_of_record
TN:
SF:src\config\chatbot.config.js
FNF:0
FNH:0
DA:2,1
LF:1
LH:1
BRDA:3,0,0,1
BRDA:3,0,1,1
BRDA:5,1,0,1
BRDA:5,1,1,1
BRDA:7,2,0,1
BRDA:7,2,1,1
BRDA:9,3,0,1
BRDA:9,3,1,1
BRDA:10,4,0,1
BRDA:10,4,1,1
BRF:10
BRH:10
end_of_record
TN:
SF:src\config\cloudinary.config.js
FNF:0
FNH:0
DA:3,1
LF:1
LH:1
BRF:0
BRH:0
end_of_record
TN:
SF:src\config\logger.config.js
FNF:0
FNH:0
DA:5,2
DA:6,2
DA:7,0
DA:10,2
DA:17,2
LF:5
LH:4
BRDA:6,0,0,0
BRDA:6,0,1,2
BRF:2
BRH:1
end_of_record
TN:
SF:src\config\payment.config.js
FNF:0
FNH:0
DA:3,1
LF:1
LH:1
BRF:0
BRH:0
end_of_record
TN:
SF:src\controllers\admin.controller.js
FN:13,(anonymous_0)
FN:16,(anonymous_1)
FN:30,(anonymous_2)
FN:57,(anonymous_3)
FN:77,(anonymous_4)
FN:108,(anonymous_5)
FN:136,(anonymous_6)
FN:157,(anonymous_7)
FN:178,(anonymous_8)
FNF:9
FNH:0
FNDA:0,(anonymous_0)
FNDA:0,(anonymous_1)
FNDA:0,(anonymous_2)
FNDA:0,(anonymous_3)
FNDA:0,(anonymous_4)
FNDA:0,(anonymous_5)
FNDA:0,(anonymous_6)
FNDA:0,(anonymous_7)
FNDA:0,(anonymous_8)
DA:13,1
DA:14,0
DA:15,0
DA:16,0
DA:21,0
DA:26,0
DA:30,1
DA:31,0
DA:32,0
DA:34,0
DA:35,0
DA:42,0
DA:50,0
DA:51,0
DA:57,1
DA:58,0
DA:59,0
DA:61,0
DA:62,0
DA:68,0
DA:69,0
DA:72,0
DA:73,0
DA:77,1
DA:78,0
DA:79,0
DA:80,0
DA:82,0
DA:83,0
DA:89,0
DA:90,0
DA:95,0
DA:96,0
DA:99,0
DA:100,0
DA:103,0
DA:104,0
DA:108,1
DA:109,0
DA:110,0
DA:111,0
DA:113,0
DA:114,0
DA:120,0
DA:121,0
DA:127,0
DA:128,0
DA:131,0
DA:132,0
DA:136,1
DA:137,0
DA:138,0
DA:140,0
DA:141,0
DA:147,0
DA:152,0
DA:153,0
DA:157,1
DA:158,0
DA:159,0
DA:161,0
DA:162,0
DA:168,0
DA:173,0
DA:174,0
DA:178,1
DA:179,0
DA:180,0
DA:181,0
DA:183,0
DA:184,0
DA:190,0
DA:191,0
DA:197,0
DA:198,0
DA:201,0
DA:202,0
LF:77
LH:8
BRDA:34,0,0,0
BRDA:34,0,1,0
BRDA:37,1,0,0
BRDA:37,1,1,0
BRDA:61,2,0,0
BRDA:61,2,1,0
BRDA:61,3,0,0
BRDA:61,3,1,0
BRDA:61,3,2,0
BRDA:69,4,0,0
BRDA:69,4,1,0
BRDA:79,5,0,0
BRDA:79,5,1,0
BRDA:80,6,0,0
BRDA:80,6,1,0
BRDA:82,7,0,0
BRDA:82,7,1,0
BRDA:89,8,0,0
BRDA:89,8,1,0
BRDA:100,9,0,0
BRDA:100,9,1,0
BRDA:110,10,0,0
BRDA:110,10,1,0
BRDA:111,11,0,0
BRDA:111,11,1,0
BRDA:113,12,0,0
BRDA:113,12,1,0
BRDA:120,13,0,0
BRDA:120,13,1,0
BRDA:128,14,0,0
BRDA:128,14,1,0
BRDA:140,15,0,0
BRDA:140,15,1,0
BRDA:143,16,0,0
BRDA:143,16,1,0
BRDA:161,17,0,0
BRDA:161,17,1,0
BRDA:164,18,0,0
BRDA:164,18,1,0
BRDA:183,19,0,0
BRDA:183,19,1,0
BRDA:190,20,0,0
BRDA:190,20,1,0
BRDA:190,21,0,0
BRDA:190,21,1,0
BRDA:190,21,2,0
BRDA:198,22,0,0
BRDA:198,22,1,0
BRF:48
BRH:0
end_of_record
TN:
SF:src\controllers\anyone.controller.js
FN:7,(anonymous_0)
FN:27,(anonymous_1)
FN:53,(anonymous_2)
FNF:3
FNH:3
FNDA:1,(anonymous_0)
FNDA:1,(anonymous_1)
FNDA:1,(anonymous_2)
DA:7,2
DA:8,1
DA:9,1
DA:11,1
DA:12,0
DA:17,1
DA:23,0
DA:27,2
DA:28,1
DA:30,1
DA:31,1
DA:32,0
DA:34,1
DA:36,1
DA:37,1
DA:43,0
DA:49,0
DA:53,2
DA:54,1
DA:55,1
DA:57,1
DA:58,1
DA:65,0
LF:23
LH:17
BRDA:11,0,0,0
BRDA:11,0,1,1
BRDA:31,1,0,0
BRDA:31,1,1,1
BRDA:36,2,0,1
BRDA:36,2,1,0
BRF:6
BRH:3
end_of_record
TN:
SF:src\controllers\auth.controller.js
FN:14,(anonymous_0)
FN:81,(anonymous_1)
FN:156,(anonymous_2)
FN:196,(anonymous_3)
FN:234,(anonymous_4)
FN:260,(anonymous_5)
FN:296,(anonymous_6)
FN:319,(anonymous_7)
FNF:8
FNH:3
FNDA:0,(anonymous_0)
FNDA:1,(anonymous_1)
FNDA:0,(anonymous_2)
FNDA:0,(anonymous_3)
FNDA:1,(anonymous_4)
FNDA:0,(anonymous_5)
FNDA:1,(anonymous_6)
FNDA:0,(anonymous_7)
DA:14,1
DA:15,0
DA:16,0
DA:17,0
DA:18,0
DA:24,0
DA:25,0
DA:26,0
DA:27,0
DA:33,0
DA:38,0
DA:39,0
DA:81,1
DA:82,1
DA:83,1
DA:84,1
DA:86,1
DA:87,0
DA:93,1
DA:94,1
DA:95,0
DA:96,0
DA:102,1
DA:106,1
DA:113,0
DA:114,0
DA:156,1
DA:157,0
DA:159,0
DA:161,0
DA:162,0
DA:168,0
DA:171,0
DA:172,0
DA:178,0
DA:182,0
DA:184,0
DA:192,0
DA:196,1
DA:197,0
DA:198,0
DA:200,0
DA:201,0
DA:207,0
DA:209,0
DA:210,0
DA:217,0
DA:222,0
DA:230,0
DA:234,1
DA:235,1
DA:236,1
DA:237,1
DA:239,1
DA:240,0
DA:242,1
DA:243,1
DA:244,0
DA:249,1
DA:254,0
DA:255,0
DA:260,1
DA:261,0
DA:262,0
DA:264,0
DA:265,0
DA:268,0
DA:270,0
DA:271,0
DA:277,0
DA:282,0
DA:284,0
DA:291,0
DA:292,0
DA:296,1
DA:297,1
DA:298,1
DA:302,1
DA:309,0
DA:310,0
DA:319,1
DA:320,0
DA:321,0
DA:323,0
DA:324,0
DA:327,0
DA:328,0
DA:329,0
DA:334,0
DA:338,0
DA:340,0
DA:348,0
LF:92
LH:26
BRDA:17,0,0,0
BRDA:17,0,1,0
BRDA:17,1,0,0
BRDA:17,1,1,0
BRDA:17,1,2,0
BRDA:17,1,3,0
BRDA:25,2,0,0
BRDA:25,2,1,0
BRDA:86,3,0,0
BRDA:86,3,1,1
BRDA:86,4,0,1
BRDA:86,4,1,1
BRDA:94,5,0,0
BRDA:94,5,1,1
BRDA:161,6,0,0
BRDA:161,6,1,0
BRDA:161,7,0,0
BRDA:161,7,1,0
BRDA:171,8,0,0
BRDA:171,8,1,0
BRDA:200,9,0,0
BRDA:200,9,1,0
BRDA:200,10,0,0
BRDA:200,10,1,0
BRDA:209,11,0,0
BRDA:209,11,1,0
BRDA:239,12,0,0
BRDA:239,12,1,1
BRDA:239,13,0,1
BRDA:239,13,1,1
BRDA:243,14,0,0
BRDA:243,14,1,1
BRDA:264,15,0,0
BRDA:264,15,1,0
BRDA:270,16,0,0
BRDA:270,16,1,0
BRDA:323,17,0,0
BRDA:323,17,1,0
BRDA:323,18,0,0
BRDA:323,18,1,0
BRDA:328,19,0,0
BRDA:328,19,1,0
BRF:42
BRH:8
end_of_record
TN:
SF:src\controllers\buyer.controller.js
FN:22,(anonymous_0)
FN:63,(anonymous_1)
FN:87,(anonymous_2)
FN:98,(anonymous_3)
FN:122,(anonymous_4)
FN:145,(anonymous_5)
FN:178,(anonymous_6)
FN:208,(anonymous_7)
FN:236,(anonymous_8)
FN:270,(anonymous_9)
FN:297,(anonymous_10)
FN:321,(anonymous_11)
FN:344,(anonymous_12)
FN:367,(anonymous_13)
FN:393,(anonymous_14)
FN:420,(anonymous_15)
FN:439,(anonymous_16)
FN:458,(anonymous_17)
FNF:18
FNH:2
FNDA:0,(anonymous_0)
FNDA:0,(anonymous_1)
FNDA:0,(anonymous_2)
FNDA:0,(anonymous_3)
FNDA:0,(anonymous_4)
FNDA:0,(anonymous_5)
FNDA:2,(anonymous_6)
FNDA:2,(anonymous_7)
FNDA:0,(anonymous_8)
FNDA:0,(anonymous_9)
FNDA:0,(anonymous_10)
FNDA:0,(anonymous_11)
FNDA:0,(anonymous_12)
FNDA:0,(anonymous_13)
FNDA:0,(anonymous_14)
FNDA:0,(anonymous_15)
FNDA:0,(anonymous_16)
FNDA:0,(anonymous_17)
DA:22,2
DA:23,0
DA:24,0
DA:25,0
DA:27,0
DA:28,0
DA:34,0
DA:35,0
DA:36,0
DA:42,0
DA:43,0
DA:45,0
DA:46,0
DA:52,0
DA:59,0
DA:63,2
DA:64,0
DA:65,0
DA:66,0
DA:68,0
DA:70,0
DA:71,0
DA:76,0
DA:77,0
DA:83,0
DA:87,2
DA:88,0
DA:89,0
DA:90,0
DA:91,0
DA:93,0
DA:94,0
DA:98,2
DA:99,0
DA:100,0
DA:101,0
DA:103,0
DA:105,0
DA:106,0
DA:112,0
DA:118,0
DA:122,2
DA:123,0
DA:125,0
DA:126,0
DA:128,0
DA:129,0
DA:134,0
DA:140,0
DA:141,0
DA:145,2
DA:146,0
DA:147,0
DA:148,0
DA:149,0
DA:150,0
DA:152,0
DA:153,0
DA:155,0
DA:156,0
DA:157,0
DA:158,0
DA:163,0
DA:170,0
DA:178,2
DA:179,2
DA:180,2
DA:181,2
DA:182,2
DA:184,2
DA:185,1
DA:188,1
DA:190,1
DA:191,0
DA:197,1
DA:204,0
DA:208,2
DA:209,2
DA:210,2
DA:212,2
DA:213,1
DA:216,1
DA:217,1
DA:219,1
DA:221,1
DA:222,0
DA:227,1
DA:232,0
DA:236,2
DA:237,0
DA:238,0
DA:239,0
DA:240,0
DA:241,0
DA:242,0
DA:244,0
DA:245,0
DA:251,0
DA:253,0
DA:254,0
DA:260,0
DA:266,0
DA:270,2
DA:271,0
DA:272,0
DA:273,0
DA:274,0
DA:276,0
DA:278,0
DA:279,0
DA:285,0
DA:292,0
DA:293,0
DA:297,2
DA:298,0
DA:299,0
DA:300,0
DA:302,0
DA:304,0
DA:305,0
DA:311,0
DA:317,0
DA:321,2
DA:322,0
DA:323,0
DA:325,0
DA:327,0
DA:328,0
DA:334,0
DA:340,0
DA:344,2
DA:345,0
DA:346,0
DA:347,0
DA:349,0
DA:351,0
DA:352,0
DA:358,0
DA:363,0
DA:367,2
DA:368,0
DA:369,0
DA:370,0
DA:372,0
DA:373,0
DA:375,0
DA:377,0
DA:378,0
DA:383,0
DA:388,0
DA:389,0
DA:393,2
DA:394,0
DA:396,0
DA:397,0
DA:398,0
DA:399,0
DA:404,0
DA:405,0
DA:406,0
DA:411,0
DA:416,0
DA:420,2
DA:421,0
DA:422,0
DA:423,0
DA:424,0
DA:425,0
DA:430,0
DA:435,0
DA:439,2
DA:440,0
DA:441,0
DA:442,0
DA:443,0
DA:445,0
DA:446,0
DA:449,0
DA:451,0
DA:453,0
DA:454,0
DA:458,2
DA:459,0
DA:460,0
DA:461,0
DA:462,0
DA:464,0
DA:465,0
LF:188
LH:36
BRDA:27,0,0,0
BRDA:27,0,1,0
BRDA:34,1,0,0
BRDA:34,1,1,0
BRDA:34,2,0,0
BRDA:34,2,1,0
BRDA:35,3,0,0
BRDA:35,3,1,0
BRDA:45,4,0,0
BRDA:45,4,1,0
BRDA:70,5,0,0
BRDA:70,5,1,0
BRDA:105,6,0,0
BRDA:105,6,1,0
BRDA:128,7,0,0
BRDA:128,7,1,0
BRDA:152,8,0,0
BRDA:152,8,1,0
BRDA:152,9,0,0
BRDA:152,9,1,0
BRDA:152,9,2,0
BRDA:157,10,0,0
BRDA:157,10,1,0
BRDA:158,11,0,0
BRDA:158,11,1,0
BRDA:181,12,0,2
BRDA:181,12,1,0
BRDA:182,13,0,2
BRDA:182,13,1,1
BRDA:184,14,0,1
BRDA:184,14,1,1
BRDA:184,15,0,2
BRDA:184,15,1,2
BRDA:190,16,0,0
BRDA:190,16,1,1
BRDA:191,17,0,0
BRDA:191,17,1,0
BRDA:212,18,0,1
BRDA:212,18,1,1
BRDA:212,19,0,2
BRDA:212,19,1,2
BRDA:212,19,2,1
BRDA:221,20,0,0
BRDA:221,20,1,1
BRDA:222,21,0,0
BRDA:222,21,1,0
BRDA:241,22,0,0
BRDA:241,22,1,0
BRDA:241,23,0,0
BRDA:241,23,1,0
BRDA:244,24,0,0
BRDA:244,24,1,0
BRDA:253,25,0,0
BRDA:253,25,1,0
BRDA:273,26,0,0
BRDA:273,26,1,0
BRDA:278,27,0,0
BRDA:278,27,1,0
BRDA:304,28,0,0
BRDA:304,28,1,0
BRDA:305,29,0,0
BRDA:305,29,1,0
BRDA:327,30,0,0
BRDA:327,30,1,0
BRDA:328,31,0,0
BRDA:328,31,1,0
BRDA:351,32,0,0
BRDA:351,32,1,0
BRDA:352,33,0,0
BRDA:352,33,1,0
BRDA:372,34,0,0
BRDA:372,34,1,0
BRDA:372,35,0,0
BRDA:372,35,1,0
BRDA:377,36,0,0
BRDA:377,36,1,0
BRDA:398,37,0,0
BRDA:398,37,1,0
BRDA:398,38,0,0
BRDA:398,38,1,0
BRDA:405,39,0,0
BRDA:405,39,1,0
BRDA:424,40,0,0
BRDA:424,40,1,0
BRDA:445,41,0,0
BRDA:445,41,1,0
BRDA:445,42,0,0
BRDA:445,42,1,0
BRDA:445,42,2,0
BRDA:445,42,3,0
BRDA:445,42,4,0
BRF:91
BRH:14
end_of_record
TN:
SF:src\controllers\chat.controller.js
FN:12,(anonymous_0)
FN:38,(anonymous_1)
FN:68,(anonymous_2)
FN:92,(anonymous_3)
FNF:4
FNH:0
FNDA:0,(anonymous_0)
FNDA:0,(anonymous_1)
FNDA:0,(anonymous_2)
FNDA:0,(anonymous_3)
DA:12,1
DA:13,0
DA:14,0
DA:15,0
DA:16,0
DA:21,0
DA:23,0
DA:27,0
DA:34,0
DA:38,1
DA:39,0
DA:40,0
DA:41,0
DA:42,0
DA:43,0
DA:45,0
DA:49,0
DA:50,0
DA:52,0
DA:53,0
DA:58,0
DA:64,0
DA:68,1
DA:69,0
DA:70,0
DA:71,0
DA:72,0
DA:74,0
DA:75,0
DA:77,0
DA:78,0
DA:79,0
DA:81,0
DA:87,0
DA:92,1
DA:93,0
DA:94,0
DA:95,0
DA:96,0
DA:98,0
DA:99,0
DA:100,0
DA:102,0
DA:104,0
LF:44
LH:4
BRDA:15,0,0,0
BRDA:15,0,1,0
BRDA:23,1,0,0
BRDA:23,1,1,0
BRDA:45,2,0,0
BRDA:45,2,1,0
BRDA:45,3,0,0
BRDA:45,3,1,0
BRDA:52,4,0,0
BRDA:52,4,1,0
BRDA:74,5,0,0
BRDA:74,5,1,0
BRDA:74,6,0,0
BRDA:74,6,1,0
BRDA:78,7,0,0
BRDA:78,7,1,0
BRDA:99,8,0,0
BRDA:99,8,1,0
BRF:18
BRH:0
end_of_record
TN:
SF:src\controllers\chatbot.controller.js
FN:7,(anonymous_0)
FN:37,(anonymous_1)
FNF:2
FNH:0
FNDA:0,(anonymous_0)
FNDA:0,(anonymous_1)
DA:7,1
DA:8,0
DA:9,0
DA:11,0
DA:12,0
DA:19,0
DA:25,0
DA:27,0
DA:33,0
DA:37,1
DA:38,0
DA:39,0
DA:41,0
DA:42,0
DA:48,0
DA:50,0
DA:56,0
LF:17
LH:2
BRDA:11,0,0,0
BRDA:11,0,1,0
BRDA:11,1,0,0
BRDA:11,1,1,0
BRDA:19,2,0,0
BRDA:19,2,1,0
BRDA:19,3,0,0
BRDA:19,3,1,0
BRDA:21,4,0,0
BRDA:21,4,1,0
BRDA:39,5,0,0
BRDA:39,5,1,0
BRDA:41,6,0,0
BRDA:41,6,1,0
BRDA:41,7,0,0
BRDA:41,7,1,0
BRF:16
BRH:0
end_of_record
TN:
SF:src\controllers\complaint.controller.js
FN:8,(anonymous_0)
FN:43,(anonymous_1)
FN:53,(anonymous_2)
FN:69,(anonymous_3)
FNF:4
FNH:0
FNDA:0,(anonymous_0)
FNDA:0,(anonymous_1)
FNDA:0,(anonymous_2)
FNDA:0,(anonymous_3)
DA:8,1
DA:9,0
DA:10,0
DA:11,0
DA:13,0
DA:14,0
DA:20,0
DA:21,0
DA:27,0
DA:36,0
DA:38,0
DA:39,0
DA:43,1
DA:44,0
DA:45,0
DA:46,0
DA:47,0
DA:49,0
DA:53,1
DA:54,0
DA:55,0
DA:56,0
DA:57,0
DA:62,0
DA:63,0
DA:65,0
DA:69,1
DA:70,0
DA:71,0
DA:72,0
DA:73,0
DA:78,0
DA:79,0
DA:81,0
LF:34
LH:4
BRDA:13,0,0,0
BRDA:13,0,1,0
BRDA:20,1,0,0
BRDA:20,1,1,0
BRDA:20,2,0,0
BRDA:20,2,1,0
BRDA:20,2,2,0
BRDA:30,3,0,0
BRDA:30,3,1,0
BRDA:36,4,0,0
BRDA:36,4,1,0
BRDA:36,5,0,0
BRDA:36,5,1,0
BRDA:47,6,0,0
BRDA:47,6,1,0
BRDA:47,7,0,0
BRDA:47,7,1,0
BRDA:56,8,0,0
BRDA:56,8,1,0
BRDA:63,9,0,0
BRDA:63,9,1,0
BRDA:63,10,0,0
BRDA:63,10,1,0
BRDA:72,11,0,0
BRDA:72,11,1,0
BRDA:79,12,0,0
BRDA:79,12,1,0
BRDA:79,13,0,0
BRDA:79,13,1,0
BRF:29
BRH:0
end_of_record
TN:
SF:src\controllers\manager.controller.js
FN:9,(anonymous_0)
FN:35,(anonymous_1)
FN:63,(anonymous_2)
FN:80,(anonymous_3)
FNF:4
FNH:0
FNDA:0,(anonymous_0)
FNDA:0,(anonymous_1)
FNDA:0,(anonymous_2)
FNDA:0,(anonymous_3)
DA:9,1
DA:10,0
DA:11,0
DA:17,0
DA:18,0
DA:19,0
DA:20,0
DA:25,0
DA:31,0
DA:35,1
DA:36,0
DA:37,0
DA:38,0
DA:39,0
DA:45,0
DA:46,0
DA:47,0
DA:52,0
DA:59,0
DA:63,1
DA:64,0
DA:65,0
DA:66,0
DA:67,0
DA:73,0
DA:74,0
DA:76,0
DA:80,1
DA:81,0
DA:82,0
DA:83,0
DA:84,0
DA:85,0
DA:87,0
DA:88,0
DA:94,0
DA:95,0
DA:97,0
LF:38
LH:4
BRDA:11,0,0,0
BRDA:11,0,1,0
BRDA:19,1,0,0
BRDA:19,1,1,0
BRDA:20,2,0,0
BRDA:20,2,1,0
BRDA:38,3,0,0
BRDA:38,3,1,0
BRDA:46,4,0,0
BRDA:46,4,1,0
BRDA:66,5,0,0
BRDA:66,5,1,0
BRDA:74,6,0,0
BRDA:74,6,1,0
BRDA:87,7,0,0
BRDA:87,7,1,0
BRDA:87,8,0,0
BRDA:87,8,1,0
BRDA:95,9,0,0
BRDA:95,9,1,0
BRDA:95,10,0,0
BRDA:95,10,1,0
BRF:22
BRH:0
end_of_record
TN:
SF:src\controllers\seller.controller.js
FN:17,(anonymous_0)
FN:73,(anonymous_1)
FN:103,(anonymous_2)
FN:120,(anonymous_3)
FN:145,(anonymous_4)
FN:166,(anonymous_5)
FN:223,(anonymous_6)
FN:246,(anonymous_7)
FN:270,(anonymous_8)
FN:285,(anonymous_9)
FN:308,(anonymous_10)
FNF:11
FNH:0
FNDA:0,(anonymous_0)
FNDA:0,(anonymous_1)
FNDA:0,(anonymous_2)
FNDA:0,(anonymous_3)
FNDA:0,(anonymous_4)
FNDA:0,(anonymous_5)
FNDA:0,(anonymous_6)
FNDA:0,(anonymous_7)
FNDA:0,(anonymous_8)
FNDA:0,(anonymous_9)
FNDA:0,(anonymous_10)
DA:17,1
DA:18,0
DA:19,0
DA:20,0
DA:26,0
DA:73,1
DA:74,0
DA:75,0
DA:76,0
DA:77,0
DA:78,0
DA:83,0
DA:85,0
DA:86,0
DA:92,0
DA:99,0
DA:103,1
DA:104,0
DA:105,0
DA:107,0
DA:109,0
DA:115,0
DA:120,1
DA:121,0
DA:122,0
DA:123,0
DA:124,0
DA:126,0
DA:128,0
DA:129,0
DA:135,0
DA:141,0
DA:145,1
DA:146,0
DA:147,0
DA:148,0
DA:149,0
DA:150,0
DA:151,0
DA:156,0
DA:162,0
DA:166,1
DA:167,0
DA:169,0
DA:171,0
DA:173,0
DA:174,0
DA:180,0
DA:186,0
DA:223,1
DA:224,0
DA:225,0
DA:226,0
DA:228,0
DA:230,0
DA:231,0
DA:237,0
DA:242,0
DA:246,1
DA:247,0
DA:248,0
DA:249,0
DA:254,0
DA:255,0
DA:256,0
DA:261,0
DA:266,0
DA:270,1
DA:271,0
DA:272,0
DA:273,0
DA:275,0
DA:276,0
DA:281,0
DA:285,1
DA:286,0
DA:287,0
DA:288,0
DA:290,0
DA:295,0
DA:296,0
DA:298,0
DA:304,0
DA:308,1
DA:309,0
DA:310,0
DA:312,0
DA:317,0
DA:319,0
DA:325,0
LF:90
LH:11
BRDA:77,0,0,0
BRDA:77,0,1,0
BRDA:85,1,0,0
BRDA:85,1,1,0
BRDA:128,2,0,0
BRDA:128,2,1,0
BRDA:150,3,0,0
BRDA:150,3,1,0
BRDA:173,4,0,0
BRDA:173,4,1,0
BRDA:226,5,0,0
BRDA:226,5,1,0
BRDA:230,6,0,0
BRDA:230,6,1,0
BRDA:249,7,0,0
BRDA:249,7,1,0
BRDA:255,8,0,0
BRDA:255,8,1,0
BRDA:290,9,0,0
BRDA:290,9,1,0
BRDA:312,10,0,0
BRDA:312,10,1,0
BRF:22
BRH:0
end_of_record
TN:
SF:src\daos\admins.dao.js
FN:5,(anonymous_0)
FN:9,(anonymous_1)
FN:13,(anonymous_2)
FN:17,(anonymous_3)
FN:57,(anonymous_4)
FN:72,(anonymous_5)
FN:101,(anonymous_6)
FNF:7
FNH:0
FNDA:0,(anonymous_0)
FNDA:0,(anonymous_1)
FNDA:0,(anonymous_2)
FNDA:0,(anonymous_3)
FNDA:0,(anonymous_4)
FNDA:0,(anonymous_5)
FNDA:0,(anonymous_6)
DA:5,1
DA:6,0
DA:9,1
DA:10,0
DA:13,1
DA:14,0
DA:17,1
DA:18,0
DA:57,1
DA:58,0
DA:59,0
DA:61,0
DA:62,0
DA:65,0
DA:67,0
DA:68,0
DA:72,1
DA:73,0
DA:101,1
DA:102,0
DA:103,0
DA:104,0
DA:106,0
DA:108,0
DA:110,0
DA:111,0
DA:114,0
DA:116,0
DA:122,0
DA:123,0
LF:30
LH:7
BRDA:61,0,0,0
BRDA:61,0,1,0
BRDA:61,1,0,0
BRDA:61,1,1,0
BRDA:103,2,0,0
BRDA:103,2,1,0
BRDA:110,3,0,0
BRDA:110,3,1,0
BRF:8
BRH:0
end_of_record
TN:
SF:src\daos\chat.dao.js
FN:7,(anonymous_0)
FN:120,(anonymous_1)
FN:160,(anonymous_2)
FN:202,(anonymous_3)
FN:232,(anonymous_4)
FNF:5
FNH:0
FNDA:0,(anonymous_0)
FNDA:0,(anonymous_1)
FNDA:0,(anonymous_2)
FNDA:0,(anonymous_3)
FNDA:0,(anonymous_4)
DA:7,1
DA:8,0
DA:120,1
DA:121,0
DA:122,0
DA:125,0
DA:126,0
DA:133,0
DA:135,0
DA:136,0
DA:142,0
DA:143,0
DA:144,0
DA:152,0
DA:153,0
DA:160,1
DA:161,0
DA:162,0
DA:163,0
DA:165,0
DA:166,0
DA:172,0
DA:181,0
DA:190,0
DA:196,0
DA:197,0
DA:202,1
DA:203,0
DA:204,0
DA:205,0
DA:207,0
DA:208,0
DA:215,0
DA:216,0
DA:217,0
DA:224,0
DA:232,1
DA:233,0
DA:234,0
DA:235,0
DA:237,0
DA:238,0
DA:245,0
DA:246,0
DA:247,0
DA:249,0
DA:255,0
DA:257,0
DA:263,0
LF:49
LH:5
BRDA:125,0,0,0
BRDA:125,0,1,0
BRDA:135,1,0,0
BRDA:135,1,1,0
BRDA:165,2,0,0
BRDA:165,2,1,0
BRDA:165,3,0,0
BRDA:165,3,1,0
BRDA:207,4,0,0
BRDA:207,4,1,0
BRDA:207,5,0,0
BRDA:207,5,1,0
BRDA:237,6,0,0
BRDA:237,6,1,0
BRDA:237,7,0,0
BRDA:237,7,1,0
BRF:16
BRH:0
end_of_record
TN:
SF:src\daos\complaints.dao.js
FN:5,(anonymous_0)
FN:10,(anonymous_1)
FN:18,(anonymous_2)
FN:21,(anonymous_3)
FN:31,(anonymous_4)
FN:38,(anonymous_5)
FN:45,(anonymous_6)
FN:52,(anonymous_7)
FN:70,(anonymous_8)
FN:113,(anonymous_9)
FNF:10
FNH:0
FNDA:0,(anonymous_0)
FNDA:0,(anonymous_1)
FNDA:0,(anonymous_2)
FNDA:0,(anonymous_3)
FNDA:0,(anonymous_4)
FNDA:0,(anonymous_5)
FNDA:0,(anonymous_6)
FNDA:0,(anonymous_7)
FNDA:0,(anonymous_8)
FNDA:0,(anonymous_9)
DA:5,1
DA:6,0
DA:7,0
DA:10,1
DA:11,0
DA:18,1
DA:20,0
DA:21,0
DA:23,0
DA:31,1
DA:32,0
DA:38,1
DA:39,0
DA:45,1
DA:46,0
DA:52,1
DA:53,0
DA:70,1
DA:71,0
DA:75,0
DA:77,0
DA:78,0
DA:81,0
DA:82,0
DA:83,0
DA:84,0
DA:85,0
DA:94,0
DA:95,0
DA:96,0
DA:97,0
DA:98,0
DA:99,0
DA:100,0
DA:110,0
DA:113,1
DA:114,0
LF:37
LH:9
BRDA:58,0,0,0
BRDA:58,0,1,0
BRDA:75,1,0,0
BRDA:75,1,1,0
BRDA:81,2,0,0
BRDA:81,2,1,0
BRDA:83,3,0,0
BRDA:83,3,1,0
BRDA:94,4,0,0
BRDA:94,4,1,0
BRDA:94,5,0,0
BRDA:94,5,1,0
BRDA:96,6,0,0
BRDA:96,6,1,0
BRDA:98,7,0,0
BRDA:98,7,1,0
BRF:16
BRH:0
end_of_record
TN:
SF:src\daos\managers.dao.js
FN:4,(anonymous_0)
FN:8,(anonymous_1)
FN:12,(anonymous_2)
FN:16,(anonymous_3)
FN:20,(anonymous_4)
FN:24,(anonymous_5)
FN:28,(anonymous_6)
FN:44,(anonymous_7)
FN:52,(anonymous_8)
FNF:9
FNH:0
FNDA:0,(anonymous_0)
FNDA:0,(anonymous_1)
FNDA:0,(anonymous_2)
FNDA:0,(anonymous_3)
FNDA:0,(anonymous_4)
FNDA:0,(anonymous_5)
FNDA:0,(anonymous_6)
FNDA:0,(anonymous_7)
FNDA:0,(anonymous_8)
DA:4,1
DA:5,0
DA:8,1
DA:9,0
DA:12,1
DA:13,0
DA:16,1
DA:17,0
DA:20,1
DA:21,0
DA:24,1
DA:25,0
DA:26,0
DA:28,1
DA:29,0
DA:30,0
DA:31,0
DA:33,0
DA:34,0
DA:35,0
DA:37,0
DA:39,0
DA:40,0
DA:44,1
DA:45,0
DA:46,0
DA:51,0
DA:52,0
DA:53,0
DA:55,0
DA:57,0
DA:58,0
LF:32
LH:8
BRDA:30,0,0,0
BRDA:30,0,1,0
BRDA:34,1,0,0
BRDA:34,1,1,0
BRF:4
BRH:0
end_of_record
TN:
SF:src\daos\notifications.dao.js
FN:4,(anonymous_0)
FN:8,(anonymous_1)
FN:12,(anonymous_2)
FN:18,(anonymous_3)
FN:28,(anonymous_4)
FN:46,(anonymous_5)
FN:57,(anonymous_6)
FN:72,(anonymous_7)
FN:80,(anonymous_8)
FN:93,(anonymous_9)
FN:112,(anonymous_10)
FN:124,(anonymous_11)
FN:140,(anonymous_12)
FN:144,(anonymous_13)
FN:152,(anonymous_14)
FN:159,(anonymous_15)
FNF:16
FNH:0
FNDA:0,(anonymous_0)
FNDA:0,(anonymous_1)
FNDA:0,(anonymous_2)
FNDA:0,(anonymous_3)
FNDA:0,(anonymous_4)
FNDA:0,(anonymous_5)
FNDA:0,(anonymous_6)
FNDA:0,(anonymous_7)
FNDA:0,(anonymous_8)
FNDA:0,(anonymous_9)
FNDA:0,(anonymous_10)
FNDA:0,(anonymous_11)
FNDA:0,(anonymous_12)
FNDA:0,(anonymous_13)
FNDA:0,(anonymous_14)
FNDA:0,(anonymous_15)
DA:4,1
DA:5,0
DA:8,1
DA:9,0
DA:12,1
DA:13,0
DA:18,1
DA:19,0
DA:28,1
DA:29,0
DA:31,0
DA:32,0
DA:33,0
DA:36,0
DA:43,0
DA:46,1
DA:47,0
DA:57,1
DA:58,0
DA:60,0
DA:72,1
DA:73,0
DA:80,1
DA:81,0
DA:93,1
DA:94,0
DA:112,1
DA:113,0
DA:124,1
DA:125,0
DA:140,1
DA:141,0
DA:144,1
DA:145,0
DA:152,1
DA:153,0
DA:159,1
DA:160,0
DA:161,0
DA:163,0
LF:40
LH:16
BRDA:28,0,0,0
BRDA:29,1,0,0
BRDA:29,2,0,0
BRDA:29,3,0,0
BRDA:32,4,0,0
BRDA:32,4,1,0
BRDA:57,5,0,0
BRDA:58,6,0,0
BRDA:58,7,0,0
BRDA:159,8,0,0
BRF:10
BRH:0
end_of_record
TN:
SF:src\daos\orders.dao.js
FN:3,(anonymous_0)
FN:18,(anonymous_1)
FN:26,(anonymous_2)
FNF:3
FNH:0
FNDA:0,(anonymous_0)
FNDA:0,(anonymous_1)
FNDA:0,(anonymous_2)
DA:3,1
DA:4,0
DA:14,0
DA:15,0
DA:18,1
DA:19,0
DA:20,0
DA:21,0
DA:23,0
DA:26,1
DA:27,0
DA:32,0
DA:33,0
DA:34,0
DA:36,0
LF:15
LH:3
BRDA:20,0,0,0
BRDA:20,0,1,0
BRDA:26,1,0,0
BRDA:33,2,0,0
BRDA:33,2,1,0
BRF:5
BRH:0
end_of_record
TN:
SF:src\daos\payment.dao.js
FN:4,(anonymous_0)
FN:9,(anonymous_1)
FN:17,(anonymous_2)
FN:26,(anonymous_3)
FN:35,(anonymous_4)
FN:43,(anonymous_5)
FN:54,(anonymous_6)
FN:63,(anonymous_7)
FN:77,(anonymous_8)
FN:87,(anonymous_9)
FN:92,(anonymous_10)
FN:97,(anonymous_11)
FN:116,(anonymous_12)
FN:135,(anonymous_13)
FN:151,(anonymous_14)
FN:161,(anonymous_15)
FN:173,(anonymous_16)
FN:185,(anonymous_17)
FN:205,(anonymous_18)
FN:213,(anonymous_19)
FN:249,(anonymous_20)
FN:285,(anonymous_21)
FN:301,(anonymous_22)
FN:328,(anonymous_23)
FN:382,(anonymous_24)
FN:419,(anonymous_25)
FN:455,(anonymous_26)
FNF:27
FNH:0
FNDA:0,(anonymous_0)
FNDA:0,(anonymous_1)
FNDA:0,(anonymous_2)
FNDA:0,(anonymous_3)
FNDA:0,(anonymous_4)
FNDA:0,(anonymous_5)
FNDA:0,(anonymous_6)
FNDA:0,(anonymous_7)
FNDA:0,(anonymous_8)
FNDA:0,(anonymous_9)
FNDA:0,(anonymous_10)
FNDA:0,(anonymous_11)
FNDA:0,(anonymous_12)
FNDA:0,(anonymous_13)
FNDA:0,(anonymous_14)
FNDA:0,(anonymous_15)
FNDA:0,(anonymous_16)
FNDA:0,(anonymous_17)
FNDA:0,(anonymous_18)
FNDA:0,(anonymous_19)
FNDA:0,(anonymous_20)
FNDA:0,(anonymous_21)
FNDA:0,(anonymous_22)
FNDA:0,(anonymous_23)
FNDA:0,(anonymous_24)
FNDA:0,(anonymous_25)
FNDA:0,(anonymous_26)
DA:4,1
DA:5,0
DA:9,1
DA:10,0
DA:17,1
DA:18,0
DA:26,1
DA:27,0
DA:35,1
DA:36,0
DA:43,1
DA:44,0
DA:45,0
DA:47,0
DA:54,1
DA:55,0
DA:63,1
DA:64,0
DA:77,1
DA:78,0
DA:87,1
DA:88,0
DA:92,1
DA:93,0
DA:97,1
DA:98,0
DA:112,0
DA:116,1
DA:117,0
DA:131,0
DA:135,1
DA:136,0
DA:151,1
DA:152,0
DA:161,1
DA:162,0
DA:173,1
DA:174,0
DA:185,1
DA:186,0
DA:201,0
DA:205,1
DA:206,0
DA:207,0
DA:213,1
DA:214,0
DA:249,1
DA:250,0
DA:285,1
DA:286,0
DA:301,1
DA:302,0
DA:303,0
DA:305,0
DA:328,1
DA:329,0
DA:382,1
DA:383,0
DA:419,1
DA:420,0
DA:455,1
DA:456,0
LF:62
LH:27
BRDA:92,0,0,0
BRDA:112,1,0,0
BRDA:112,1,1,0
BRDA:131,2,0,0
BRDA:131,2,1,0
BRDA:151,3,0,0
BRDA:201,4,0,0
BRDA:201,4,1,0
BRDA:301,5,0,0
BRDA:328,6,0,0
BRDA:382,7,0,0
BRDA:419,8,0,0
BRF:12
BRH:0
end_of_record
TN:
SF:src\daos\pendingUser.dao.js
FN:3,(anonymous_0)
FN:11,(anonymous_1)
FN:26,(anonymous_2)
FNF:3
FNH:0
FNDA:0,(anonymous_0)
FNDA:0,(anonymous_1)
FNDA:0,(anonymous_2)
DA:3,1
DA:4,0
DA:5,0
DA:7,0
DA:11,1
DA:12,0
DA:13,0
DA:22,0
DA:26,1
DA:27,0
DA:28,0
DA:29,0
DA:31,0
LF:13
LH:3
BRF:0
BRH:0
end_of_record
TN:
SF:src\daos\products.dao.js
FN:4,(anonymous_0)
FN:22,(anonymous_1)
FN:26,(anonymous_2)
FN:46,(anonymous_3)
FN:63,(anonymous_4)
FN:79,(anonymous_5)
FN:99,(anonymous_6)
FN:127,(anonymous_7)
FN:139,(anonymous_8)
FN:158,(anonymous_9)
FN:170,(anonymous_10)
FN:216,(anonymous_11)
FN:229,(anonymous_12)
FN:235,(anonymous_13)
FN:245,(anonymous_14)
FN:253,(anonymous_15)
FN:263,(anonymous_16)
FN:291,(anonymous_17)
FN:306,(anonymous_18)
FN:321,(anonymous_19)
FN:326,(anonymous_20)
FN:334,(anonymous_21)
FN:343,(anonymous_22)
FN:378,(anonymous_23)
FN:383,(anonymous_24)
FN:388,(anonymous_25)
FN:414,(anonymous_26)
FN:447,(anonymous_27)
FN:466,(anonymous_28)
FN:470,(anonymous_29)
FN:491,(anonymous_30)
FN:497,(anonymous_31)
FN:501,(anonymous_32)
FN:508,(anonymous_33)
FN:512,(anonymous_34)
FN:516,(anonymous_35)
FN:546,(anonymous_36)
FN:547,(anonymous_37)
FN:559,(anonymous_38)
FNF:39
FNH:6
FNDA:2,(anonymous_0)
FNDA:7,(anonymous_1)
FNDA:2,(anonymous_2)
FNDA:0,(anonymous_3)
FNDA:1,(anonymous_4)
FNDA:1,(anonymous_5)
FNDA:0,(anonymous_6)
FNDA:0,(anonymous_7)
FNDA:0,(anonymous_8)
FNDA:0,(anonymous_9)
FNDA:0,(anonymous_10)
FNDA:0,(anonymous_11)
FNDA:0,(anonymous_12)
FNDA:0,(anonymous_13)
FNDA:0,(anonymous_14)
FNDA:0,(anonymous_15)
FNDA:0,(anonymous_16)
FNDA:0,(anonymous_17)
FNDA:0,(anonymous_18)
FNDA:0,(anonymous_19)
FNDA:0,(anonymous_20)
FNDA:0,(anonymous_21)
FNDA:0,(anonymous_22)
FNDA:1,(anonymous_23)
FNDA:0,(anonymous_24)
FNDA:0,(anonymous_25)
FNDA:0,(anonymous_26)
FNDA:0,(anonymous_27)
FNDA:0,(anonymous_28)
FNDA:0,(anonymous_29)
FNDA:0,(anonymous_30)
FNDA:0,(anonymous_31)
FNDA:0,(anonymous_32)
FNDA:0,(anonymous_33)
FNDA:0,(anonymous_34)
FNDA:0,(anonymous_35)
FNDA:0,(anonymous_36)
FNDA:0,(anonymous_37)
FNDA:0,(anonymous_38)
DA:4,3
DA:7,2
DA:19,2
DA:22,3
DA:23,7
DA:26,3
DA:27,2
DA:29,2
DA:30,0
DA:33,2
DA:34,1
DA:37,1
DA:38,0
DA:45,1
DA:46,0
DA:49,1
DA:50,0
DA:53,1
DA:54,1
DA:56,1
DA:63,3
DA:64,1
DA:66,1
DA:67,0
DA:70,1
DA:71,0
DA:74,1
DA:75,0
DA:77,1
DA:78,1
DA:79,1
DA:82,1
DA:83,0
DA:86,1
DA:90,1
DA:92,1
DA:99,3
DA:100,0
DA:102,0
DA:103,0
DA:105,0
DA:106,0
DA:108,0
DA:109,0
DA:111,0
DA:112,0
DA:115,0
DA:116,0
DA:117,0
DA:119,0
DA:127,3
DA:128,0
DA:130,0
DA:131,0
DA:133,0
DA:134,0
DA:136,0
DA:137,0
DA:139,0
DA:140,0
DA:141,0
DA:143,0
DA:144,0
DA:146,0
DA:147,0
DA:148,0
DA:158,3
DA:159,0
DA:161,0
DA:162,0
DA:164,0
DA:165,0
DA:167,0
DA:168,0
DA:170,0
DA:171,0
DA:172,0
DA:174,0
DA:175,0
DA:178,0
DA:179,0
DA:184,0
DA:185,0
DA:187,0
DA:188,0
DA:189,0
DA:191,0
DA:192,0
DA:194,0
DA:197,0
DA:201,0
DA:203,0
DA:204,0
DA:205,0
DA:206,0
DA:208,0
DA:216,3
DA:217,0
DA:219,0
DA:220,0
DA:222,0
DA:223,0
DA:225,0
DA:226,0
DA:228,0
DA:229,0
DA:231,0
DA:232,0
DA:235,3
DA:236,0
DA:240,0
DA:241,0
DA:244,0
DA:245,0
DA:248,0
DA:249,0
DA:252,0
DA:253,0
DA:255,0
DA:256,0
DA:263,3
DA:264,0
DA:265,0
DA:266,0
DA:275,0
DA:276,0
DA:277,0
DA:284,0
DA:291,3
DA:292,0
DA:293,0
DA:294,0
DA:299,0
DA:306,3
DA:307,0
DA:308,0
DA:309,0
DA:314,0
DA:321,3
DA:322,0
DA:323,0
DA:326,3
DA:327,0
DA:330,0
DA:334,3
DA:335,0
DA:340,0
DA:343,3
DA:345,0
DA:375,0
DA:378,3
DA:379,1
DA:380,1
DA:383,3
DA:384,0
DA:385,0
DA:388,3
DA:389,0
DA:390,0
DA:391,0
DA:392,0
DA:399,0
DA:400,0
DA:406,0
DA:407,0
DA:413,0
DA:414,0
DA:417,0
DA:418,0
DA:424,0
DA:425,0
DA:431,0
DA:432,0
DA:438,0
DA:439,0
DA:447,3
DA:448,0
DA:449,0
DA:455,0
DA:456,0
DA:459,0
DA:461,0
DA:462,0
DA:466,3
DA:467,0
DA:470,3
DA:471,0
DA:472,0
DA:478,0
DA:483,0
DA:484,0
DA:491,3
DA:492,0
DA:497,3
DA:498,0
DA:501,3
DA:502,0
DA:508,3
DA:509,0
DA:512,3
DA:513,0
DA:516,3
DA:522,0
DA:523,0
DA:527,0
DA:545,0
DA:546,0
DA:547,0
DA:548,0
DA:549,0
DA:550,0
DA:551,0
DA:552,0
DA:553,0
DA:554,0
DA:556,0
DA:559,3
DA:560,0
DA:565,0
DA:566,0
DA:569,0
DA:575,0
LF:222
LH:55
BRDA:29,0,0,0
BRDA:29,0,1,2
BRDA:33,1,0,1
BRDA:33,1,1,1
BRDA:37,2,0,0
BRDA:37,2,1,1
BRDA:37,3,0,1
BRDA:37,3,1,0
BRDA:49,4,0,0
BRDA:49,4,1,1
BRDA:66,5,0,0
BRDA:66,5,1,1
BRDA:70,6,0,0
BRDA:70,6,1,1
BRDA:70,7,0,1
BRDA:70,7,1,0
BRDA:74,8,0,0
BRDA:74,8,1,1
BRDA:82,9,0,0
BRDA:82,9,1,1
BRDA:102,10,0,0
BRDA:102,10,1,0
BRDA:105,11,0,0
BRDA:105,11,1,0
BRDA:105,12,0,0
BRDA:105,12,1,0
BRDA:108,13,0,0
BRDA:108,13,1,0
BRDA:111,14,0,0
BRDA:111,14,1,0
BRDA:130,15,0,0
BRDA:130,15,1,0
BRDA:133,16,0,0
BRDA:133,16,1,0
BRDA:133,17,0,0
BRDA:133,17,1,0
BRDA:136,18,0,0
BRDA:136,18,1,0
BRDA:136,19,0,0
BRDA:136,19,1,0
BRDA:140,20,0,0
BRDA:140,20,1,0
BRDA:143,21,0,0
BRDA:143,21,1,0
BRDA:161,22,0,0
BRDA:161,22,1,0
BRDA:164,23,0,0
BRDA:164,23,1,0
BRDA:164,24,0,0
BRDA:164,24,1,0
BRDA:167,25,0,0
BRDA:167,25,1,0
BRDA:167,26,0,0
BRDA:167,26,1,0
BRDA:171,27,0,0
BRDA:171,27,1,0
BRDA:174,28,0,0
BRDA:174,28,1,0
BRDA:178,29,0,0
BRDA:178,29,1,0
BRDA:187,30,0,0
BRDA:187,30,1,0
BRDA:219,31,0,0
BRDA:219,31,1,0
BRDA:222,32,0,0
BRDA:222,32,1,0
BRDA:222,33,0,0
BRDA:222,33,1,0
BRDA:225,34,0,0
BRDA:225,34,1,0
BRDA:225,35,0,0
BRDA:225,35,1,0
BRDA:240,36,0,0
BRDA:240,36,1,0
BRDA:248,37,0,0
BRDA:248,37,1,0
BRDA:266,38,0,0
BRDA:266,38,1,0
BRDA:391,39,0,0
BRDA:391,39,1,0
BRDA:399,40,0,0
BRDA:399,40,1,0
BRDA:399,41,0,0
BRDA:399,41,1,0
BRDA:406,42,0,0
BRDA:406,42,1,0
BRDA:417,43,0,0
BRDA:417,43,1,0
BRDA:455,44,0,0
BRDA:455,44,1,0
BRDA:518,45,0,0
BRDA:519,46,0,0
BRDA:520,47,0,0
BRDA:522,48,0,0
BRDA:522,48,1,0
BRDA:522,49,0,0
BRDA:522,49,1,0
BRDA:523,50,0,0
BRDA:523,50,1,0
BRDA:523,51,0,0
BRDA:523,51,1,0
BRDA:559,52,0,0
BRDA:565,53,0,0
BRDA:565,53,1,0
BRF:104
BRH:11
end_of_record
TN:
SF:src\daos\users.dao.js
FN:3,(anonymous_0)
FN:7,(anonymous_1)
FN:11,(anonymous_2)
FN:15,(anonymous_3)
FN:30,(anonymous_4)
FN:41,(anonymous_5)
FN:57,(anonymous_6)
FN:65,(anonymous_7)
FN:74,(anonymous_8)
FN:98,(anonymous_9)
FN:105,(anonymous_10)
FN:112,(anonymous_11)
FN:116,(anonymous_12)
FN:121,(anonymous_13)
FN:125,(anonymous_14)
FNF:15
FNH:6
FNDA:1,(anonymous_0)
FNDA:0,(anonymous_1)
FNDA:1,(anonymous_2)
FNDA:2,(anonymous_3)
FNDA:2,(anonymous_4)
FNDA:1,(anonymous_5)
FNDA:1,(anonymous_6)
FNDA:0,(anonymous_7)
FNDA:0,(anonymous_8)
FNDA:0,(anonymous_9)
FNDA:0,(anonymous_10)
FNDA:0,(anonymous_11)
FNDA:0,(anonymous_12)
FNDA:0,(anonymous_13)
FNDA:0,(anonymous_14)
DA:3,3
DA:4,1
DA:7,3
DA:8,0
DA:11,3
DA:12,1
DA:15,3
DA:16,2
DA:18,2
DA:20,2
DA:21,0
DA:24,2
DA:25,2
DA:27,2
DA:30,3
DA:31,2
DA:32,2
DA:33,2
DA:34,2
DA:41,3
DA:42,1
DA:44,1
DA:46,1
DA:47,1
DA:48,0
DA:51,1
DA:52,1
DA:54,1
DA:57,3
DA:58,1
DA:65,3
DA:66,0
DA:74,3
DA:75,0
DA:76,0
DA:78,0
DA:79,0
DA:85,0
DA:90,0
DA:91,0
DA:98,3
DA:99,0
DA:105,3
DA:106,0
DA:112,3
DA:113,0
DA:116,3
DA:117,0
DA:121,3
DA:122,0
DA:125,3
DA:126,0
DA:127,0
DA:128,0
DA:129,0
DA:136,0
DA:137,0
DA:138,0
DA:140,0
DA:142,0
DA:144,0
DA:145,0
LF:62
LH:35
BRDA:18,0,0,0
BRDA:18,0,1,2
BRDA:20,1,0,0
BRDA:20,1,1,2
BRDA:32,2,0,0
BRDA:32,2,1,2
BRDA:44,3,0,0
BRDA:44,3,1,1
BRDA:47,4,0,0
BRDA:47,4,1,1
BRDA:78,5,0,0
BRDA:78,5,1,0
BRDA:128,6,0,0
BRDA:128,6,1,0
BRDA:136,7,0,0
BRDA:136,7,1,0
BRF:16
BRH:5
end_of_record
TN:
SF:src\helpers\chatbot.helper.js
FN:1,(anonymous_0)
FN:5,(anonymous_1)
FN:12,(anonymous_2)
FN:28,(anonymous_3)
FNF:4
FNH:0
FNDA:0,(anonymous_0)
FNDA:0,(anonymous_1)
FNDA:0,(anonymous_2)
FNDA:0,(anonymous_3)
DA:1,1
DA:2,0
DA:5,1
DA:6,0
DA:7,0
DA:10,0
DA:11,0
DA:13,0
DA:14,0
DA:16,0
DA:17,0
DA:19,0
DA:25,0
DA:28,1
DA:29,0
DA:30,0
DA:32,0
DA:33,0
DA:34,0
DA:38,0
DA:39,0
DA:40,0
DA:42,0
DA:44,0
LF:24
LH:3
BRDA:6,0,0,0
BRDA:6,0,1,0
BRDA:10,1,0,0
BRDA:10,1,1,0
BRDA:13,2,0,0
BRDA:13,2,1,0
BRDA:16,3,0,0
BRDA:16,3,1,0
BRDA:16,4,0,0
BRDA:16,4,1,0
BRDA:33,5,0,0
BRDA:33,5,1,0
BRF:12
BRH:0
end_of_record
TN:
SF:src\helpers\graph.helper.js
FN:41,(anonymous_0)
FN:60,(anonymous_1)
FN:71,(anonymous_2)
FN:72,(anonymous_3)
FN:87,(anonymous_4)
FN:99,(anonymous_5)
FN:123,(anonymous_6)
FN:142,(anonymous_7)
FNF:8
FNH:3
FNDA:0,(anonymous_0)
FNDA:1,(anonymous_1)
FNDA:1,(anonymous_2)
FNDA:0,(anonymous_3)
FNDA:0,(anonymous_4)
FNDA:0,(anonymous_5)
FNDA:0,(anonymous_6)
FNDA:1,(anonymous_7)
DA:22,1
DA:40,1
DA:42,0
DA:43,0
DA:44,0
DA:45,0
DA:47,0
DA:60,1
DA:61,1
DA:71,1
DA:72,1
DA:75,0
DA:80,0
DA:83,0
DA:87,1
DA:88,0
DA:90,0
DA:91,0
DA:94,0
DA:98,0
DA:100,0
DA:102,0
DA:103,0
DA:110,0
DA:112,0
DA:120,0
DA:123,1
DA:125,0
DA:127,0
DA:130,0
DA:131,0
DA:135,0
DA:142,1
DA:143,1
DA:144,1
DA:146,1
DA:154,1
DA:155,1
DA:157,1
LF:39
LH:15
BRDA:90,0,0,0
BRDA:90,0,1,0
BRDA:102,1,0,0
BRDA:102,1,1,0
BRDA:125,2,0,0
BRDA:125,2,1,0
BRDA:130,3,0,0
BRDA:130,3,1,0
BRF:8
BRH:0
end_of_record
TN:
SF:src\helpers\notification.helper.js
FN:15,(anonymous_0)
FN:33,(anonymous_1)
FN:51,(anonymous_2)
FN:69,(anonymous_3)
FN:87,(anonymous_4)
FN:105,(anonymous_5)
FN:123,(anonymous_6)
FN:141,(anonymous_7)
FN:159,(anonymous_8)
FN:177,(anonymous_9)
FN:195,(anonymous_10)
FN:213,(anonymous_11)
FN:231,(anonymous_12)
FN:249,(anonymous_13)
FN:264,(anonymous_14)
FN:265,(anonymous_15)
FN:281,(anonymous_16)
FN:295,(anonymous_17)
FN:325,(anonymous_18)
FN:336,(anonymous_19)
FNF:20
FNH:0
FNDA:0,(anonymous_0)
FNDA:0,(anonymous_1)
FNDA:0,(anonymous_2)
FNDA:0,(anonymous_3)
FNDA:0,(anonymous_4)
FNDA:0,(anonymous_5)
FNDA:0,(anonymous_6)
FNDA:0,(anonymous_7)
FNDA:0,(anonymous_8)
FNDA:0,(anonymous_9)
FNDA:0,(anonymous_10)
FNDA:0,(anonymous_11)
FNDA:0,(anonymous_12)
FNDA:0,(anonymous_13)
FNDA:0,(anonymous_14)
FNDA:0,(anonymous_15)
FNDA:0,(anonymous_16)
FNDA:0,(anonymous_17)
FNDA:0,(anonymous_18)
FNDA:0,(anonymous_19)
DA:15,1
DA:16,0
DA:33,1
DA:34,0
DA:51,1
DA:52,0
DA:69,1
DA:70,0
DA:87,1
DA:88,0
DA:105,1
DA:106,0
DA:123,1
DA:124,0
DA:141,1
DA:142,0
DA:159,1
DA:160,0
DA:177,1
DA:178,0
DA:195,1
DA:196,0
DA:213,1
DA:214,0
DA:231,1
DA:232,0
DA:249,1
DA:250,0
DA:264,1
DA:265,0
DA:278,0
DA:281,1
DA:282,0
DA:284,0
DA:289,0
DA:295,1
DA:296,0
DA:298,0
DA:299,0
DA:306,0
DA:307,0
DA:315,0
DA:317,0
DA:325,1
DA:326,0
DA:328,0
DA:336,1
DA:337,0
DA:339,0
DA:340,0
DA:347,0
LF:51
LH:19
BRDA:203,0,0,0
BRDA:203,0,1,0
BRDA:281,1,0,0
BRDA:282,2,0,0
BRDA:282,3,0,0
BRDA:282,4,0,0
BRDA:298,5,0,0
BRDA:298,5,1,0
BRDA:306,6,0,0
BRDA:306,6,1,0
BRDA:331,7,0,0
BRDA:331,7,1,0
BRDA:339,8,0,0
BRDA:339,8,1,0
BRF:14
BRH:0
end_of_record
TN:
SF:src\helpers\productEmbedding.helper.js
FN:9,(anonymous_0)
FN:18,(anonymous_1)
FN:35,(anonymous_2)
FN:45,(anonymous_3)
FNF:4
FNH:0
FNDA:0,(anonymous_0)
FNDA:0,(anonymous_1)
FNDA:0,(anonymous_2)
FNDA:0,(anonymous_3)
DA:4,1
DA:9,1
DA:10,0
DA:11,0
DA:14,0
DA:15,0
DA:18,1
DA:19,0
DA:26,0
DA:27,0
DA:28,0
DA:29,0
DA:32,0
DA:35,1
DA:36,0
DA:37,0
DA:39,0
DA:45,1
DA:46,0
DA:47,0
DA:48,0
DA:52,0
LF:22
LH:5
BRDA:9,0,0,0
BRDA:10,1,0,0
BRDA:10,1,1,0
BRDA:10,2,0,0
BRDA:10,2,1,0
BRDA:15,3,0,0
BRDA:15,3,1,0
BRDA:18,4,0,0
BRDA:26,5,0,0
BRDA:26,5,1,0
BRDA:27,6,0,0
BRDA:27,6,1,0
BRDA:28,7,0,0
BRDA:28,7,1,0
BRDA:29,8,0,0
BRDA:29,8,1,0
BRDA:35,9,0,0
BRDA:45,10,0,0
BRDA:46,11,0,0
BRDA:46,11,1,0
BRDA:47,12,0,0
BRDA:47,12,1,0
BRF:22
BRH:0
end_of_record
TN:
SF:src\helpers\user.helper.js
FN:7,(anonymous_0)
FN:43,(anonymous_1)
FNF:2
FNH:0
FNDA:0,(anonymous_0)
FNDA:0,(anonymous_1)
DA:7,1
DA:8,0
DA:9,0
DA:10,0
DA:16,0
DA:20,0
DA:32,0
DA:33,0
DA:40,0
DA:43,1
DA:44,0
DA:45,0
DA:47,0
DA:48,0
DA:55,0
DA:56,0
DA:64,0
DA:69,0
DA:71,0
DA:72,0
DA:79,0
DA:80,0
DA:82,0
DA:83,0
DA:85,0
DA:87,0
DA:99,0
DA:102,0
DA:109,0
DA:110,0
LF:30
LH:2
BRDA:9,0,0,0
BRDA:9,0,1,0
BRDA:47,1,0,0
BRDA:47,1,1,0
BRDA:55,2,0,0
BRDA:55,2,1,0
BRDA:69,3,0,0
BRDA:69,3,1,0
BRDA:71,4,0,0
BRDA:71,4,1,0
BRDA:83,5,0,0
BRDA:83,5,1,0
BRDA:85,6,0,0
BRDA:85,6,1,0
BRF:14
BRH:0
end_of_record
TN:
SF:src\middlewares\error.middleware.js
FN:3,(anonymous_0)
FNF:1
FNH:0
FNDA:0,(anonymous_0)
DA:3,2
DA:4,0
DA:5,0
DA:6,0
DA:7,0
DA:8,0
DA:9,0
DA:12,0
DA:25,0
DA:28,0
DA:29,0
DA:30,0
DA:31,0
DA:32,0
DA:33,0
DA:35,0
DA:36,0
DA:37,0
DA:40,0
DA:41,0
DA:45,0
LF:21
LH:1
BRDA:4,0,0,0
BRDA:4,0,1,0
BRDA:4,0,2,0
BRDA:5,1,0,0
BRDA:5,1,1,0
BRDA:9,2,0,0
BRDA:9,2,1,0
BRDA:18,3,0,0
BRDA:18,3,1,0
BRDA:19,4,0,0
BRDA:19,4,1,0
BRDA:35,5,0,0
BRDA:35,5,1,0
BRDA:40,6,0,0
BRDA:40,6,1,0
BRDA:52,7,0,0
BRDA:52,7,1,0
BRF:17
BRH:0
end_of_record
TN:
SF:src\middlewares\protect.js
FN:3,(anonymous_0)
FN:12,(anonymous_1)
FN:22,(anonymous_2)
FN:34,(anonymous_3)
FN:35,(anonymous_4)
FNF:5
FNH:5
FNDA:3,(anonymous_0)
FNDA:3,(anonymous_1)
FNDA:4,(anonymous_2)
FNDA:4,(anonymous_3)
FNDA:1,(anonymous_4)
DA:3,2
DA:5,3
DA:7,3
DA:8,0
DA:9,0
DA:12,3
DA:13,3
DA:14,1
DA:15,1
DA:17,2
DA:18,2
DA:22,2
DA:23,4
DA:25,4
DA:26,2
DA:30,2
DA:31,2
DA:34,2
DA:35,4
DA:37,1
DA:38,1
DA:43,0
LF:22
LH:19
BRDA:7,0,0,0
BRDA:7,0,1,3
BRDA:13,1,0,1
BRDA:13,1,1,2
BRDA:25,2,0,2
BRDA:25,2,1,2
BRDA:37,3,0,1
BRDA:37,3,1,0
BRF:8
BRH:6
end_of_record
TN:
SF:src\middlewares\upload.js
FN:6,(anonymous_0)
FN:60,(anonymous_1)
FN:93,(anonymous_2)
FN:103,(anonymous_3)
FN:104,(anonymous_4)
FN:111,(anonymous_5)
FN:143,(anonymous_6)
FN:148,(anonymous_7)
FNF:8
FNH:0
FNDA:0,(anonymous_0)
FNDA:0,(anonymous_1)
FNDA:0,(anonymous_2)
FNDA:0,(anonymous_3)
FNDA:0,(anonymous_4)
FNDA:0,(anonymous_5)
FNDA:0,(anonymous_6)
FNDA:0,(anonymous_7)
DA:6,1
DA:7,0
DA:8,0
DA:56,1
DA:58,1
DA:60,1
DA:61,0
DA:62,0
DA:63,0
DA:64,0
DA:69,0
DA:70,0
DA:75,0
DA:76,0
DA:83,0
DA:84,0
DA:90,0
DA:93,1
DA:94,0
DA:96,0
DA:99,0
DA:101,0
DA:103,0
DA:104,0
DA:105,0
DA:112,0
DA:113,0
DA:116,0
DA:120,0
DA:127,0
DA:128,0
DA:134,0
DA:141,0
DA:142,0
DA:143,0
DA:144,0
DA:147,0
DA:148,0
DA:154,0
DA:155,0
DA:161,0
DA:167,0
DA:168,0
DA:173,0
DA:180,0
DA:182,0
LF:46
LH:5
BRDA:7,0,0,0
BRDA:7,0,1,0
BRDA:61,1,0,0
BRDA:61,1,1,0
BRDA:63,2,0,0
BRDA:63,2,1,0
BRDA:69,3,0,0
BRDA:69,3,1,0
BRDA:75,4,0,0
BRDA:75,4,1,0
BRDA:83,5,0,0
BRDA:83,5,1,0
BRDA:96,6,0,0
BRDA:96,6,1,0
BRDA:96,6,2,0
BRDA:99,7,0,0
BRDA:99,7,1,0
BRDA:103,8,0,0
BRDA:112,9,0,0
BRDA:112,9,1,0
BRDA:127,10,0,0
BRDA:127,10,1,0
BRDA:141,11,0,0
BRDA:141,11,1,0
BRDA:142,12,0,0
BRDA:142,12,1,0
BRDA:154,13,0,0
BRDA:154,13,1,0
BRDA:167,14,0,0
BRDA:167,14,1,0
BRF:30
BRH:0
end_of_record
TN:
SF:src\models\Admins.js
FNF:0
FNH:0
DA:3,1
LF:1
LH:1
BRF:0
BRH:0
end_of_record
TN:
SF:src\models\Complaints.js
FN:59,(anonymous_0)
FNF:1
FNH:0
FNDA:0,(anonymous_0)
DA:3,1
DA:59,1
DA:60,0
DA:61,0
DA:64,1
DA:65,1
DA:66,1
DA:67,1
LF:8
LH:6
BRF:0
BRH:0
end_of_record
TN:
SF:src\models\Contact.js
FNF:0
FNH:0
DA:3,1
DA:20,1
LF:2
LH:2
BRF:0
BRH:0
end_of_record
TN:
SF:src\models\Managers.js
FNF:0
FNH:0
DA:3,1
LF:1
LH:1
BRF:0
BRH:0
end_of_record
TN:
SF:src\models\Messages.js
FNF:0
FNH:0
DA:3,1
DA:18,1
LF:2
LH:2
BRF:0
BRH:0
end_of_record
TN:
SF:src\models\Notifications.js
FNF:0
FNH:0
DA:3,1
DA:107,1
DA:108,1
DA:111,1
LF:4
LH:4
BRF:0
BRH:0
end_of_record
TN:
SF:src\models\Orders.js
FN:61,(anonymous_0)
FN:84,postSavePaidHook
FN:88,postUpdatePaidHook
FNF:3
FNH:0
FNDA:0,(anonymous_0)
FNDA:0,postSavePaidHook
FNDA:0,postUpdatePaidHook
DA:4,1
DA:61,1
DA:62,0
DA:63,0
DA:64,0
DA:65,0
DA:67,0
DA:68,0
DA:69,0
DA:70,0
DA:72,0
DA:73,0
DA:74,0
DA:75,0
DA:79,0
DA:80,0
DA:81,0
DA:84,1
DA:85,0
DA:88,1
DA:89,0
LF:21
LH:4
BRDA:62,0,0,0
BRDA:62,0,1,0
BRDA:63,1,0,0
BRDA:63,1,1,0
BRDA:64,2,0,0
BRDA:64,2,1,0
BRDA:65,3,0,0
BRDA:65,3,1,0
BRDA:67,4,0,0
BRDA:67,4,1,0
BRDA:69,5,0,0
BRDA:69,5,1,0
BRDA:70,6,0,0
BRDA:70,6,1,0
BRDA:72,7,0,0
BRDA:72,7,1,0
BRDA:74,8,0,0
BRDA:74,8,1,0
BRDA:75,9,0,0
BRDA:75,9,1,0
BRF:20
BRH:0
end_of_record
TN:
SF:src\models\Payment.js
FNF:0
FNH:0
DA:3,1
LF:1
LH:1
BRF:0
BRH:0
end_of_record
TN:
SF:src\models\PendingUser.js
FNF:0
FNH:0
DA:3,1
LF:1
LH:1
BRF:0
BRH:0
end_of_record
TN:
SF:src\models\Products.js
FNF:0
FNH:0
DA:3,3
DA:122,3
LF:2
LH:2
BRF:0
BRH:0
end_of_record
TN:
SF:src\models\Users.js
FN:52,(anonymous_0)
FNF:1
FNH:0
FNDA:0,(anonymous_0)
DA:4,3
DA:52,3
DA:53,0
DA:54,0
DA:56,0
DA:61,0
LF:6
LH:2
BRDA:54,0,0,0
BRDA:54,0,1,0
BRF:2
BRH:0
end_of_record
TN:
SF:src\routes\admin.router.js
FNF:0
FNH:0
DA:5,1
DA:8,1
DA:9,1
DA:10,1
DA:12,1
DA:13,1
DA:14,1
DA:15,1
DA:16,1
DA:17,1
DA:18,1
LF:11
LH:11
BRF:0
BRH:0
end_of_record
TN:
SF:src\routes\anyone.router.js
FNF:0
FNH:0
DA:8,2
DA:10,2
DA:11,2
DA:12,2
LF:4
LH:4
BRF:0
BRH:0
end_of_record
TN:
SF:src\routes\auth.router.js
FNF:0
FNH:0
DA:18,1
DA:20,1
DA:21,1
DA:22,1
DA:23,1
DA:24,1
DA:25,1
DA:26,1
DA:27,1
LF:9
LH:9
BRF:0
BRH:0
end_of_record
TN:
SF:src\routes\chat.router.js
FNF:0
FNH:0
DA:14,1
DA:16,1
DA:17,1
DA:20,1
DA:21,1
DA:24,1
DA:25,1
LF:7
LH:7
BRF:0
BRH:0
end_of_record
TN:
SF:src\routes\chatbot.router.js
FNF:0
FNH:0
DA:7,1
DA:9,1
DA:10,1
DA:11,1
LF:4
LH:4
BRF:0
BRH:0
end_of_record
TN:
SF:src\routes\manager.router.js
FNF:0
FNH:0
DA:15,1
DA:17,1
DA:18,1
DA:19,1
DA:21,1
DA:22,1
DA:23,1
DA:24,1
LF:8
LH:8
BRF:0
BRH:0
end_of_record
TN:
SF:src\routes\user.router.js
FNF:0
FNH:0
DA:51,1
DA:54,1
DA:55,1
DA:56,1
DA:58,1
DA:59,1
DA:60,1
DA:62,1
DA:63,1
DA:65,1
DA:66,1
DA:67,1
DA:69,1
DA:70,1
DA:71,1
DA:72,1
DA:73,1
DA:74,1
DA:75,1
DA:76,1
DA:77,1
DA:78,1
DA:80,1
DA:81,1
DA:83,1
DA:84,1
DA:85,1
DA:86,1
DA:87,1
DA:88,1
DA:89,1
DA:90,1
DA:93,1
DA:94,1
DA:95,1
DA:96,1
DA:101,1
DA:103,1
DA:104,1
DA:105,1
DA:107,1
DA:114,1
DA:116,1
DA:118,1
DA:119,1
DA:120,1
DA:121,1
LF:47
LH:47
BRF:0
BRH:0
end_of_record
TN:
SF:src\services\admin.service.js
FN:49,(anonymous_0)
FN:69,(anonymous_1)
FN:73,(anonymous_2)
FN:97,(anonymous_3)
FN:119,(anonymous_4)
FN:182,(anonymous_5)
FN:222,(anonymous_6)
FN:254,(anonymous_7)
FN:278,(anonymous_8)
FN:285,(anonymous_9)
FN:309,(anonymous_10)
FN:332,(anonymous_11)
FN:333,(anonymous_12)
FN:336,(anonymous_13)
FN:345,(anonymous_14)
FN:350,(anonymous_15)
FN:355,(anonymous_16)
FN:361,(anonymous_17)
FN:367,(anonymous_18)
FN:376,(anonymous_19)
FNF:20
FNH:0
FNDA:0,(anonymous_0)
FNDA:0,(anonymous_1)
FNDA:0,(anonymous_2)
FNDA:0,(anonymous_3)
FNDA:0,(anonymous_4)
FNDA:0,(anonymous_5)
FNDA:0,(anonymous_6)
FNDA:0,(anonymous_7)
FNDA:0,(anonymous_8)
FNDA:0,(anonymous_9)
FNDA:0,(anonymous_10)
FNDA:0,(anonymous_11)
FNDA:0,(anonymous_12)
FNDA:0,(anonymous_13)
FNDA:0,(anonymous_14)
FNDA:0,(anonymous_15)
FNDA:0,(anonymous_16)
FNDA:0,(anonymous_17)
FNDA:0,(anonymous_18)
FNDA:0,(anonymous_19)
DA:49,1
DA:50,0
DA:51,0
DA:53,0
DA:54,0
DA:57,0
DA:63,0
DA:64,0
DA:69,1
DA:70,0
DA:73,1
DA:74,0
DA:75,0
DA:76,0
DA:79,0
DA:81,0
DA:82,0
DA:85,0
DA:92,0
DA:93,0
DA:97,1
DA:98,0
DA:99,0
DA:100,0
DA:103,0
DA:104,0
DA:105,0
DA:108,0
DA:109,0
DA:115,0
DA:116,0
DA:119,1
DA:120,0
DA:121,0
DA:122,0
DA:125,0
DA:127,0
DA:128,0
DA:131,0
DA:138,0
DA:139,0
DA:182,1
DA:183,0
DA:200,0
DA:218,0
DA:222,0
DA:246,0
DA:247,0
DA:254,1
DA:255,0
DA:266,0
DA:278,0
DA:280,0
DA:285,0
DA:303,0
DA:304,0
DA:309,1
DA:310,0
DA:320,0
DA:332,0
DA:333,0
DA:336,0
DA:342,0
DA:345,0
DA:350,0
DA:355,0
DA:361,0
DA:367,0
DA:376,0
DA:393,0
DA:394,0
LF:71
LH:8
BRDA:53,0,0,0
BRDA:53,0,1,0
BRDA:75,1,0,0
BRDA:75,1,1,0
BRDA:81,2,0,0
BRDA:81,2,1,0
BRDA:99,3,0,0
BRDA:99,3,1,0
BRDA:99,4,0,0
BRDA:99,4,1,0
BRDA:99,4,2,0
BRDA:104,5,0,0
BRDA:104,5,1,0
BRDA:121,6,0,0
BRDA:121,6,1,0
BRDA:127,7,0,0
BRDA:127,7,1,0
BRDA:224,8,0,0
BRDA:224,8,1,0
BRDA:225,9,0,0
BRDA:225,9,1,0
BRDA:278,10,0,0
BRDA:278,10,1,0
BRDA:287,11,0,0
BRDA:287,11,1,0
BRDA:287,11,2,0
BRDA:288,12,0,0
BRDA:288,12,1,0
BRDA:288,12,2,0
BRDA:332,13,0,0
BRDA:332,13,1,0
BRDA:333,14,0,0
BRDA:333,14,1,0
BRDA:346,15,0,0
BRDA:346,15,1,0
BRDA:351,16,0,0
BRDA:351,16,1,0
BRDA:378,17,0,0
BRDA:378,17,1,0
BRDA:378,17,2,0
BRDA:379,18,0,0
BRDA:379,18,1,0
BRDA:379,18,2,0
BRDA:383,19,0,0
BRDA:383,19,1,0
BRDA:384,20,0,0
BRDA:384,20,1,0
BRDA:385,21,0,0
BRDA:385,21,1,0
BRDA:386,22,0,0
BRDA:386,22,1,0
BRDA:387,23,0,0
BRDA:387,23,1,0
BRDA:388,24,0,0
BRDA:388,24,1,0
BRF:55
BRH:0
end_of_record
TN:
SF:src\services\anyone.service.js
FN:11,(anonymous_0)
FN:21,(anonymous_1)
FN:39,(anonymous_2)
FNF:3
FNH:3
FNDA:1,(anonymous_0)
FNDA:1,(anonymous_1)
FNDA:2,(anonymous_2)
DA:11,2
DA:12,1
DA:13,1
DA:14,1
DA:21,2
DA:22,1
DA:24,1
DA:25,1
DA:31,0
DA:39,2
DA:40,2
DA:47,2
DA:48,0
DA:51,2
DA:52,1
DA:55,2
DA:56,1
DA:59,2
DA:60,0
DA:61,0
DA:62,0
DA:65,2
DA:66,0
DA:69,2
DA:71,2
DA:72,1
DA:74,1
DA:75,0
DA:78,1
DA:79,1
DA:80,1
DA:81,1
DA:89,1
LF:33
LH:26
BRDA:24,0,0,1
BRDA:24,0,1,0
BRDA:47,1,0,0
BRDA:47,1,1,2
BRDA:51,2,0,1
BRDA:51,2,1,1
BRDA:55,3,0,1
BRDA:55,3,1,1
BRDA:59,4,0,0
BRDA:59,4,1,2
BRDA:59,5,0,2
BRDA:59,5,1,2
BRDA:61,6,0,0
BRDA:61,6,1,0
BRDA:62,7,0,0
BRDA:62,7,1,0
BRDA:65,8,0,0
BRDA:65,8,1,2
BRDA:69,9,0,2
BRDA:69,9,1,1
BRDA:71,10,0,1
BRDA:71,10,1,1
BRDA:74,11,0,0
BRDA:74,11,1,1
BRDA:74,12,0,1
BRDA:74,12,1,1
BRF:26
BRH:17
end_of_record
TN:
SF:src\services\auth.service.js
FN:26,(anonymous_0)
FN:64,(anonymous_1)
FN:74,(anonymous_2)
FN:95,(anonymous_3)
FN:104,(anonymous_4)
FN:208,(anonymous_5)
FN:270,(anonymous_6)
FN:305,(anonymous_7)
FN:337,(anonymous_8)
FN:404,(anonymous_9)
FNF:10
FNH:2
FNDA:0,(anonymous_0)
FNDA:0,(anonymous_1)
FNDA:0,(anonymous_2)
FNDA:0,(anonymous_3)
FNDA:0,(anonymous_4)
FNDA:4,(anonymous_5)
FNDA:0,(anonymous_6)
FNDA:0,(anonymous_7)
FNDA:3,(anonymous_8)
FNDA:0,(anonymous_9)
DA:26,2
DA:28,0
DA:29,0
DA:30,0
DA:31,0
DA:39,0
DA:42,0
DA:45,0
DA:46,0
DA:49,0
DA:50,0
DA:51,0
DA:54,0
DA:57,0
DA:64,2
DA:65,0
DA:74,2
DA:75,0
DA:76,0
DA:77,0
DA:78,0
DA:79,0
DA:81,0
DA:87,0
DA:90,0
DA:91,0
DA:95,2
DA:96,0
DA:101,0
DA:104,2
DA:105,0
DA:106,0
DA:108,0
DA:109,0
DA:111,0
DA:112,0
DA:113,0
DA:124,0
DA:133,0
DA:135,0
DA:141,0
DA:145,0
DA:147,0
DA:149,0
DA:160,0
DA:167,0
DA:168,0
DA:208,2
DA:209,4
DA:210,4
DA:211,4
DA:212,1
DA:219,3
DA:220,1
DA:226,2
DA:231,2
DA:270,2
DA:272,0
DA:273,0
DA:274,0
DA:281,0
DA:284,0
DA:285,0
DA:292,0
DA:298,0
DA:305,2
DA:306,0
DA:307,0
DA:308,0
DA:309,0
DA:316,0
DA:317,0
DA:324,0
DA:330,0
DA:337,2
DA:338,3
DA:339,2
DA:340,2
DA:341,0
DA:347,2
DA:348,2
DA:349,2
DA:350,2
DA:352,2
DA:358,1
DA:359,0
DA:360,0
DA:361,0
DA:367,0
DA:368,0
DA:369,0
DA:370,0
DA:376,1
DA:377,0
DA:378,0
DA:379,0
DA:385,0
DA:386,0
DA:387,0
DA:389,0
DA:395,1
DA:402,2
DA:404,2
DA:405,0
DA:406,0
DA:411,0
DA:413,0
DA:414,0
DA:421,0
DA:422,0
DA:429,0
DA:431,0
DA:432,0
DA:433,0
DA:434,0
DA:436,0
DA:446,0
DA:452,0
DA:459,0
DA:460,0
LF:120
LH:30
BRDA:29,0,0,0
BRDA:29,0,1,0
BRDA:108,1,0,0
BRDA:108,1,1,0
BRDA:111,2,0,0
BRDA:111,2,1,0
BRDA:133,3,0,0
BRDA:133,3,1,0
BRDA:211,4,0,1
BRDA:211,4,1,3
BRDA:219,5,0,1
BRDA:219,5,1,2
BRDA:273,6,0,0
BRDA:273,6,1,0
BRDA:284,7,0,0
BRDA:284,7,1,0
BRDA:308,8,0,0
BRDA:308,8,1,0
BRDA:316,9,0,0
BRDA:316,9,1,0
BRDA:338,10,0,2
BRDA:338,10,1,1
BRDA:340,11,0,0
BRDA:340,11,1,2
BRDA:358,12,0,0
BRDA:358,12,1,1
BRDA:360,13,0,0
BRDA:360,13,1,0
BRDA:376,14,0,0
BRDA:376,14,1,1
BRDA:378,15,0,0
BRDA:378,15,1,0
BRDA:413,16,0,0
BRDA:413,16,1,0
BRDA:421,17,0,0
BRDA:421,17,1,0
BRDA:431,18,0,0
BRDA:431,18,1,0
BRDA:432,19,0,0
BRDA:432,19,1,0
BRDA:441,20,0,0
BRDA:441,20,1,0
BRF:42
BRH:9
end_of_record
TN:
SF:src\services\buyer.service.js
FN:37,(anonymous_0)
FN:78,(anonymous_1)
FN:93,(anonymous_2)
FN:113,(anonymous_3)
FN:123,(anonymous_4)
FN:135,(anonymous_5)
FN:139,(anonymous_6)
FN:151,(anonymous_7)
FN:168,(anonymous_8)
FN:183,(anonymous_9)
FN:205,(anonymous_10)
FN:278,(anonymous_11)
FN:320,(anonymous_12)
FN:332,(anonymous_13)
FN:347,(anonymous_14)
FN:370,(anonymous_15)
FN:380,(anonymous_16)
FN:384,(anonymous_17)
FNF:18
FNH:2
FNDA:0,(anonymous_0)
FNDA:0,(anonymous_1)
FNDA:0,(anonymous_2)
FNDA:0,(anonymous_3)
FNDA:0,(anonymous_4)
FNDA:0,(anonymous_5)
FNDA:0,(anonymous_6)
FNDA:0,(anonymous_7)
FNDA:0,(anonymous_8)
FNDA:0,(anonymous_9)
FNDA:2,(anonymous_10)
FNDA:2,(anonymous_11)
FNDA:0,(anonymous_12)
FNDA:0,(anonymous_13)
FNDA:0,(anonymous_14)
FNDA:0,(anonymous_15)
FNDA:0,(anonymous_16)
FNDA:0,(anonymous_17)
DA:37,2
DA:39,0
DA:40,0
DA:42,0
DA:43,0
DA:44,0
DA:48,0
DA:50,0
DA:51,0
DA:58,0
DA:59,0
DA:62,0
DA:64,0
DA:65,0
DA:72,0
DA:78,2
DA:79,0
DA:81,0
DA:82,0
DA:83,0
DA:85,0
DA:86,0
DA:90,0
DA:93,2
DA:94,0
DA:96,0
DA:97,0
DA:98,0
DA:100,0
DA:106,0
DA:113,2
DA:114,0
DA:116,0
DA:123,2
DA:124,0
DA:125,0
DA:132,0
DA:135,2
DA:136,0
DA:139,2
DA:140,0
DA:141,0
DA:148,0
DA:151,2
DA:152,0
DA:153,0
DA:154,0
DA:160,0
DA:168,2
DA:169,0
DA:171,0
DA:172,0
DA:173,0
DA:175,0
DA:176,0
DA:180,0
DA:183,2
DA:184,0
DA:185,0
DA:186,0
DA:187,0
DA:193,0
DA:195,0
DA:202,0
DA:205,2
DA:206,2
DA:207,2
DA:212,2
DA:213,1
DA:220,1
DA:222,1
DA:223,0
DA:230,1
DA:231,0
DA:239,1
DA:245,1
DA:246,1
DA:247,1
DA:253,0
DA:254,0
DA:255,0
DA:261,0
DA:263,0
DA:270,0
DA:271,0
DA:272,0
DA:273,0
DA:275,0
DA:278,2
DA:279,2
DA:281,2
DA:282,2
DA:283,0
DA:286,2
DA:287,2
DA:288,0
DA:295,2
DA:296,1
DA:298,1
DA:299,1
DA:302,1
DA:305,1
DA:309,1
DA:310,0
DA:313,1
DA:320,2
DA:321,0
DA:322,0
DA:329,0
DA:332,2
DA:333,0
DA:335,0
DA:336,0
DA:341,0
DA:344,0
DA:347,2
DA:348,0
DA:349,0
DA:350,0
DA:351,0
DA:357,0
DA:358,0
DA:364,0
DA:365,0
DA:370,2
DA:371,0
DA:373,0
DA:380,2
DA:381,0
DA:384,2
DA:385,0
DA:386,0
DA:387,0
DA:393,0
DA:394,0
LF:135
LH:42
BRDA:43,0,0,0
BRDA:43,0,1,0
BRDA:50,1,0,0
BRDA:50,1,1,0
BRDA:50,2,0,0
BRDA:50,2,1,0
BRDA:58,3,0,0
BRDA:58,3,1,0
BRDA:64,4,0,0
BRDA:64,4,1,0
BRDA:81,5,0,0
BRDA:81,5,1,0
BRDA:82,6,0,0
BRDA:82,6,1,0
BRDA:85,7,0,0
BRDA:85,7,1,0
BRDA:96,8,0,0
BRDA:96,8,1,0
BRDA:97,9,0,0
BRDA:97,9,1,0
BRDA:124,10,0,0
BRDA:124,10,1,0
BRDA:140,11,0,0
BRDA:140,11,1,0
BRDA:153,12,0,0
BRDA:153,12,1,0
BRDA:171,13,0,0
BRDA:171,13,1,0
BRDA:172,14,0,0
BRDA:172,14,1,0
BRDA:175,15,0,0
BRDA:175,15,1,0
BRDA:186,16,0,0
BRDA:186,16,1,0
BRDA:206,17,0,2
BRDA:206,17,1,0
BRDA:212,18,0,1
BRDA:212,18,1,1
BRDA:222,19,0,0
BRDA:222,19,1,1
BRDA:230,20,0,0
BRDA:230,20,1,1
BRDA:254,21,0,0
BRDA:254,21,1,0
BRDA:282,22,0,0
BRDA:282,22,1,2
BRDA:287,23,0,0
BRDA:287,23,1,2
BRDA:287,24,0,2
BRDA:287,24,1,0
BRDA:295,25,0,1
BRDA:295,25,1,1
BRDA:298,26,0,1
BRDA:298,26,1,0
BRDA:309,27,0,0
BRDA:309,27,1,1
BRDA:321,28,0,0
BRDA:321,28,1,0
BRDA:335,29,0,0
BRDA:335,29,1,0
BRDA:350,30,0,0
BRDA:350,30,1,0
BRDA:357,31,0,0
BRDA:357,31,1,0
BRDA:386,32,0,0
BRDA:386,32,1,0
BRF:66
BRH:12
end_of_record
TN:
SF:src\services\chat.service.js
FN:8,(anonymous_0)
FN:12,(anonymous_1)
FN:16,(anonymous_2)
FN:20,(anonymous_3)
FNF:4
FNH:0
FNDA:0,(anonymous_0)
FNDA:0,(anonymous_1)
FNDA:0,(anonymous_2)
FNDA:0,(anonymous_3)
DA:8,1
DA:9,0
DA:12,1
DA:13,0
DA:16,1
DA:17,0
DA:20,1
DA:21,0
LF:8
LH:4
BRF:0
BRH:0
end_of_record
TN:
SF:src\services\chatbot.service.js
FN:9,(anonymous_0)
FN:15,(anonymous_1)
FN:28,(anonymous_2)
FNF:3
FNH:0
FNDA:0,(anonymous_0)
FNDA:0,(anonymous_1)
FNDA:0,(anonymous_2)
DA:6,1
DA:7,1
DA:9,1
DA:10,0
DA:13,1
DA:15,1
DA:16,0
DA:18,0
DA:23,0
DA:24,0
DA:25,0
DA:28,1
DA:29,0
DA:30,0
DA:33,0
DA:34,0
LF:16
LH:6
BRDA:29,0,0,0
BRDA:29,0,1,0
BRDA:29,1,0,0
BRDA:29,1,1,0
BRF:4
BRH:0
end_of_record
TN:
SF:src\services\complaint.service.js
FN:10,(anonymous_0)
FN:49,(anonymous_1)
FN:62,(anonymous_2)
FN:75,(anonymous_3)
FNF:4
FNH:0
FNDA:0,(anonymous_0)
FNDA:0,(anonymous_1)
FNDA:0,(anonymous_2)
FNDA:0,(anonymous_3)
DA:10,1
DA:11,0
DA:13,0
DA:14,0
DA:15,0
DA:19,0
DA:20,0
DA:24,0
DA:26,0
DA:36,0
DA:38,0
DA:44,0
DA:45,0
DA:49,1
DA:50,0
DA:51,0
DA:52,0
DA:57,0
DA:58,0
DA:62,1
DA:63,0
DA:64,0
DA:65,0
DA:70,0
DA:71,0
DA:75,1
DA:76,0
DA:77,0
DA:78,0
DA:83,0
DA:84,0
LF:31
LH:4
BRDA:14,0,0,0
BRDA:14,0,1,0
BRDA:19,1,0,0
BRDA:19,1,1,0
BRDA:19,2,0,0
BRDA:19,2,1,0
BRDA:29,3,0,0
BRDA:29,3,1,0
BRDA:33,4,0,0
BRDA:33,4,1,0
BRF:10
BRH:0
end_of_record
TN:
SF:src\services\manager.service.js
FN:14,(anonymous_0)
FN:38,(anonymous_1)
FN:42,(anonymous_2)
FN:46,(anonymous_3)
FN:59,(anonymous_4)
FNF:5
FNH:0
FNDA:0,(anonymous_0)
FNDA:0,(anonymous_1)
FNDA:0,(anonymous_2)
FNDA:0,(anonymous_3)
FNDA:0,(anonymous_4)
DA:14,1
DA:16,0
DA:17,0
DA:18,0
DA:20,0
DA:21,0
DA:28,0
DA:29,0
DA:35,0
DA:38,1
DA:39,0
DA:42,1
DA:43,0
DA:46,1
DA:47,0
DA:48,0
DA:49,0
DA:54,0
DA:55,0
DA:59,1
DA:60,0
DA:61,0
DA:62,0
DA:63,0
DA:67,0
DA:68,0
DA:75,0
DA:76,0
DA:82,0
DA:83,0
LF:30
LH:5
BRDA:17,0,0,0
BRDA:17,0,1,0
BRDA:20,1,0,0
BRDA:20,1,1,0
BRDA:62,2,0,0
BRDA:62,2,1,0
BRDA:67,3,0,0
BRDA:67,3,1,0
BRDA:67,4,0,0
BRDA:67,4,1,0
BRF:10
BRH:0
end_of_record
TN:
SF:src\services\seller.service.js
FN:40,(anonymous_0)
FN:56,isAllowed
FN:94,(anonymous_2)
FN:130,(anonymous_3)
FN:211,(anonymous_4)
FN:232,(anonymous_5)
FN:252,(anonymous_6)
FN:296,(anonymous_7)
FN:300,(anonymous_8)
FN:304,(anonymous_9)
FN:312,(anonymous_10)
FN:339,(anonymous_11)
FN:380,(anonymous_12)
FN:426,(anonymous_13)
FNF:14
FNH:3
FNDA:0,(anonymous_0)
FNDA:0,isAllowed
FNDA:0,(anonymous_2)
FNDA:0,(anonymous_3)
FNDA:2,(anonymous_4)
FNDA:1,(anonymous_5)
FNDA:1,(anonymous_6)
FNDA:0,(anonymous_7)
FNDA:0,(anonymous_8)
FNDA:0,(anonymous_9)
FNDA:0,(anonymous_10)
FNDA:0,(anonymous_11)
FNDA:0,(anonymous_12)
FNDA:0,(anonymous_13)
DA:40,2
DA:57,0
DA:58,0
DA:60,0
DA:61,0
DA:62,0
DA:65,0
DA:79,0
DA:84,0
DA:85,0
DA:86,0
DA:88,0
DA:89,0
DA:94,0
DA:95,0
DA:97,0
DA:99,0
DA:115,0
DA:116,0
DA:117,0
DA:118,0
DA:121,0
DA:125,0
DA:126,0
DA:127,0
DA:130,2
DA:131,0
DA:133,0
DA:134,0
DA:135,0
DA:144,0
DA:145,0
DA:152,0
DA:154,0
DA:161,0
DA:162,0
DA:211,2
DA:212,2
DA:214,2
DA:215,1
DA:221,1
DA:223,1
DA:229,1
DA:232,2
DA:233,1
DA:234,1
DA:235,0
DA:241,0
DA:243,1
DA:249,1
DA:252,2
DA:253,1
DA:255,1
DA:256,0
DA:260,0
DA:262,1
DA:268,1
DA:296,2
DA:297,0
DA:300,2
DA:301,0
DA:304,2
DA:305,0
DA:312,2
DA:313,0
DA:314,0
DA:316,0
DA:317,0
DA:324,0
DA:331,0
DA:332,0
DA:339,2
DA:340,0
DA:341,0
DA:342,0
DA:343,0
DA:349,0
DA:351,0
DA:352,0
DA:353,0
DA:359,0
DA:360,0
DA:361,0
DA:362,0
DA:364,0
DA:365,0
DA:367,0
DA:380,0
DA:381,0
DA:383,0
DA:384,0
DA:385,0
DA:386,0
DA:388,0
DA:392,0
DA:393,0
DA:394,0
DA:397,0
DA:402,0
DA:417,0
DA:418,0
DA:426,2
DA:427,0
DA:428,0
DA:429,0
DA:430,0
DA:432,0
DA:438,0
DA:439,0
LF:109
LH:25
BRDA:60,0,0,0
BRDA:60,0,1,0
BRDA:60,1,0,0
BRDA:60,1,1,0
BRDA:60,1,2,0
BRDA:85,2,0,0
BRDA:85,2,1,0
BRDA:88,3,0,0
BRDA:88,3,1,0
BRDA:88,4,0,0
BRDA:88,4,1,0
BRDA:95,5,0,0
BRDA:95,5,1,0
BRDA:97,6,0,0
BRDA:97,6,1,0
BRDA:97,7,0,0
BRDA:97,7,1,0
BRDA:117,8,0,0
BRDA:117,8,1,0
BRDA:117,9,0,0
BRDA:117,9,1,0
BRDA:121,10,0,0
BRDA:121,10,1,0
BRDA:134,11,0,0
BRDA:134,11,1,0
BRDA:144,12,0,0
BRDA:144,12,1,0
BRDA:165,13,0,0
BRDA:165,13,1,0
BRDA:214,14,0,1
BRDA:214,14,1,1
BRDA:234,15,0,0
BRDA:234,15,1,1
BRDA:255,16,0,0
BRDA:255,16,1,1
BRDA:316,17,0,0
BRDA:316,17,1,0
BRDA:320,18,0,0
BRDA:320,18,1,0
BRDA:342,19,0,0
BRDA:342,19,1,0
BRDA:352,20,0,0
BRDA:352,20,1,0
BRDA:381,21,0,0
BRDA:381,21,1,0
BRDA:383,22,0,0
BRDA:383,22,1,0
BRDA:384,23,0,0
BRDA:384,23,1,0
BRDA:392,24,0,0
BRDA:392,24,1,0
BRF:51
BRH:4
end_of_record
