TN:
SF:src\app.create.js
FN:20,createApp
FN:51,(anonymous_1)
FN:55,(anonymous_2)
FNF:3
FNH:1
FNDA:4,createApp
FNDA:0,(anonymous_1)
FNDA:0,(anonymous_2)
DA:21,4
DA:23,4
DA:24,4
DA:25,4
DA:26,4
DA:29,4
DA:30,4
DA:31,4
DA:33,4
DA:35,4
DA:46,4
DA:47,4
DA:49,4
DA:51,4
DA:52,0
DA:55,4
DA:56,0
DA:57,0
DA:59,0
DA:60,0
DA:68,0
DA:69,0
DA:74,0
DA:75,0
DA:77,0
DA:78,0
DA:80,0
DA:84,4
DA:85,4
DA:86,4
DA:87,4
DA:88,4
DA:89,4
DA:90,4
DA:92,4
DA:94,4
LF:36
LH:24
BRDA:24,0,0,4
BRDA:24,0,1,0
BRDA:57,1,0,0
BRDA:57,1,1,0
BRDA:68,2,0,0
BRDA:68,2,1,0
BRDA:75,3,0,0
BRDA:75,3,1,0
BRF:8
BRH:1
end_of_record
TN:
SF:src\config\chatbot.config.js
FNF:0
FNH:0
DA:2,5
LF:1
LH:1
BRDA:3,0,0,5
BRDA:3,0,1,5
BRDA:5,1,0,5
BRDA:5,1,1,5
BRDA:7,2,0,5
BRDA:7,2,1,5
BRDA:9,3,0,5
BRDA:9,3,1,5
BRDA:10,4,0,5
BRDA:10,4,1,5
BRF:10
BRH:10
end_of_record
TN:
SF:src\config\cloudinary.config.js
FNF:0
FNH:0
DA:3,4
LF:1
LH:1
BRF:0
BRH:0
end_of_record
TN:
SF:src\config\logger.config.js
FNF:0
FNH:0
DA:5,5
DA:6,5
DA:7,0
DA:10,5
DA:17,5
LF:5
LH:4
BRDA:6,0,0,0
BRDA:6,0,1,5
BRF:2
BRH:1
end_of_record
TN:
SF:src\config\payment.config.js
FNF:0
FNH:0
DA:3,4
LF:1
LH:1
BRF:0
BRH:0
end_of_record
TN:
SF:src\controllers\admin.controller.js
FN:13,(anonymous_0)
FN:16,(anonymous_1)
FN:30,(anonymous_2)
FN:57,(anonymous_3)
FN:77,(anonymous_4)
FN:108,(anonymous_5)
FN:136,(anonymous_6)
FN:157,(anonymous_7)
FN:178,(anonymous_8)
FNF:9
FNH:3
FNDA:0,(anonymous_0)
FNDA:0,(anonymous_1)
FNDA:0,(anonymous_2)
FNDA:2,(anonymous_3)
FNDA:3,(anonymous_4)
FNDA:0,(anonymous_5)
FNDA:2,(anonymous_6)
FNDA:0,(anonymous_7)
FNDA:0,(anonymous_8)
DA:13,5
DA:14,0
DA:15,0
DA:16,0
DA:21,0
DA:26,0
DA:30,5
DA:31,0
DA:32,0
DA:34,0
DA:35,0
DA:42,0
DA:50,0
DA:51,0
DA:57,5
DA:58,2
DA:59,2
DA:61,2
DA:62,1
DA:68,1
DA:69,1
DA:72,0
DA:73,0
DA:77,5
DA:78,3
DA:79,3
DA:80,3
DA:82,3
DA:83,1
DA:89,2
DA:90,1
DA:95,1
DA:96,1
DA:99,1
DA:100,1
DA:103,0
DA:104,0
DA:108,5
DA:109,0
DA:110,0
DA:111,0
DA:113,0
DA:114,0
DA:120,0
DA:121,0
DA:127,0
DA:128,0
DA:131,0
DA:132,0
DA:136,5
DA:137,2
DA:138,2
DA:140,2
DA:141,1
DA:147,1
DA:152,0
DA:153,0
DA:157,5
DA:158,0
DA:159,0
DA:161,0
DA:162,0
DA:168,0
DA:173,0
DA:174,0
DA:178,5
DA:179,0
DA:180,0
DA:181,0
DA:183,0
DA:184,0
DA:190,0
DA:191,0
DA:197,0
DA:198,0
DA:201,0
DA:202,0
LF:77
LH:30
BRDA:34,0,0,0
BRDA:34,0,1,0
BRDA:37,1,0,0
BRDA:37,1,1,0
BRDA:61,2,0,1
BRDA:61,2,1,1
BRDA:61,3,0,2
BRDA:61,3,1,1
BRDA:61,3,2,1
BRDA:69,4,0,1
BRDA:69,4,1,0
BRDA:79,5,0,3
BRDA:79,5,1,2
BRDA:80,6,0,3
BRDA:80,6,1,1
BRDA:82,7,0,1
BRDA:82,7,1,2
BRDA:89,8,0,1
BRDA:89,8,1,1
BRDA:100,9,0,1
BRDA:100,9,1,0
BRDA:110,10,0,0
BRDA:110,10,1,0
BRDA:111,11,0,0
BRDA:111,11,1,0
BRDA:113,12,0,0
BRDA:113,12,1,0
BRDA:120,13,0,0
BRDA:120,13,1,0
BRDA:128,14,0,0
BRDA:128,14,1,0
BRDA:140,15,0,1
BRDA:140,15,1,1
BRDA:143,16,0,1
BRDA:143,16,1,0
BRDA:161,17,0,0
BRDA:161,17,1,0
BRDA:164,18,0,0
BRDA:164,18,1,0
BRDA:183,19,0,0
BRDA:183,19,1,0
BRDA:190,20,0,0
BRDA:190,20,1,0
BRDA:190,21,0,0
BRDA:190,21,1,0
BRDA:190,21,2,0
BRDA:198,22,0,0
BRDA:198,22,1,0
BRF:48
BRH:18
end_of_record
TN:
SF:src\controllers\anyone.controller.js
FN:7,(anonymous_0)
FN:27,(anonymous_1)
FN:53,(anonymous_2)
FNF:3
FNH:3
FNDA:1,(anonymous_0)
FNDA:1,(anonymous_1)
FNDA:1,(anonymous_2)
DA:7,5
DA:8,1
DA:9,1
DA:11,1
DA:12,0
DA:17,1
DA:23,0
DA:27,5
DA:28,1
DA:30,1
DA:31,1
DA:32,0
DA:34,1
DA:36,1
DA:37,1
DA:43,0
DA:49,0
DA:53,5
DA:54,1
DA:55,1
DA:57,1
DA:58,1
DA:65,0
LF:23
LH:17
BRDA:11,0,0,0
BRDA:11,0,1,1
BRDA:31,1,0,0
BRDA:31,1,1,1
BRDA:36,2,0,1
BRDA:36,2,1,0
BRF:6
BRH:3
end_of_record
TN:
SF:src\controllers\auth.controller.js
FN:14,(anonymous_0)
FN:81,(anonymous_1)
FN:156,(anonymous_2)
FN:196,(anonymous_3)
FN:234,(anonymous_4)
FN:260,(anonymous_5)
FN:296,(anonymous_6)
FN:319,(anonymous_7)
FNF:8
FNH:7
FNDA:2,(anonymous_0)
FNDA:1,(anonymous_1)
FNDA:4,(anonymous_2)
FNDA:3,(anonymous_3)
FNDA:1,(anonymous_4)
FNDA:0,(anonymous_5)
FNDA:1,(anonymous_6)
FNDA:2,(anonymous_7)
DA:14,5
DA:15,2
DA:16,2
DA:17,2
DA:18,1
DA:24,1
DA:25,1
DA:26,0
DA:27,0
DA:33,1
DA:38,0
DA:39,0
DA:81,5
DA:82,1
DA:83,1
DA:84,1
DA:86,1
DA:87,0
DA:93,1
DA:94,1
DA:95,0
DA:96,0
DA:102,1
DA:106,1
DA:113,0
DA:114,0
DA:156,5
DA:157,4
DA:159,4
DA:161,4
DA:162,2
DA:168,2
DA:171,2
DA:172,0
DA:178,2
DA:182,2
DA:184,2
DA:192,0
DA:196,5
DA:197,3
DA:198,3
DA:200,3
DA:201,0
DA:207,3
DA:209,3
DA:210,2
DA:217,1
DA:222,1
DA:230,0
DA:234,5
DA:235,1
DA:236,1
DA:237,1
DA:239,1
DA:240,0
DA:242,1
DA:243,1
DA:244,0
DA:249,1
DA:254,0
DA:255,0
DA:260,5
DA:261,0
DA:262,0
DA:264,0
DA:265,0
DA:268,0
DA:270,0
DA:271,0
DA:277,0
DA:282,0
DA:284,0
DA:291,0
DA:292,0
DA:296,5
DA:297,1
DA:298,1
DA:302,1
DA:309,0
DA:310,0
DA:319,5
DA:320,2
DA:321,2
DA:323,2
DA:324,1
DA:327,1
DA:328,1
DA:329,0
DA:334,1
DA:338,1
DA:340,1
DA:348,0
LF:92
LH:59
BRDA:17,0,0,1
BRDA:17,0,1,1
BRDA:17,1,0,2
BRDA:17,1,1,1
BRDA:17,1,2,1
BRDA:17,1,3,1
BRDA:25,2,0,0
BRDA:25,2,1,1
BRDA:86,3,0,0
BRDA:86,3,1,1
BRDA:86,4,0,1
BRDA:86,4,1,1
BRDA:94,5,0,0
BRDA:94,5,1,1
BRDA:161,6,0,2
BRDA:161,6,1,2
BRDA:161,7,0,4
BRDA:161,7,1,3
BRDA:171,8,0,0
BRDA:171,8,1,2
BRDA:200,9,0,0
BRDA:200,9,1,3
BRDA:200,10,0,3
BRDA:200,10,1,3
BRDA:209,11,0,2
BRDA:209,11,1,1
BRDA:239,12,0,0
BRDA:239,12,1,1
BRDA:239,13,0,1
BRDA:239,13,1,1
BRDA:243,14,0,0
BRDA:243,14,1,1
BRDA:264,15,0,0
BRDA:264,15,1,0
BRDA:270,16,0,0
BRDA:270,16,1,0
BRDA:323,17,0,1
BRDA:323,17,1,1
BRDA:323,18,0,2
BRDA:323,18,1,2
BRDA:328,19,0,0
BRDA:328,19,1,1
BRF:42
BRH:30
end_of_record
TN:
SF:src\controllers\buyer.controller.js
FN:25,(anonymous_0)
FN:66,(anonymous_1)
FN:90,(anonymous_2)
FN:101,(anonymous_3)
FN:125,(anonymous_4)
FN:148,(anonymous_5)
FN:181,(anonymous_6)
FN:211,(anonymous_7)
FN:239,(anonymous_8)
FN:273,(anonymous_9)
FN:300,(anonymous_10)
FN:324,(anonymous_11)
FN:347,(anonymous_12)
FN:370,(anonymous_13)
FN:396,(anonymous_14)
FN:423,(anonymous_15)
FN:442,(anonymous_16)
FN:461,(anonymous_17)
FN:472,(anonymous_18)
FN:493,(anonymous_19)
FN:503,(anonymous_20)
FNF:21
FNH:2
FNDA:0,(anonymous_0)
FNDA:0,(anonymous_1)
FNDA:0,(anonymous_2)
FNDA:0,(anonymous_3)
FNDA:0,(anonymous_4)
FNDA:0,(anonymous_5)
FNDA:2,(anonymous_6)
FNDA:2,(anonymous_7)
FNDA:0,(anonymous_8)
FNDA:0,(anonymous_9)
FNDA:0,(anonymous_10)
FNDA:0,(anonymous_11)
FNDA:0,(anonymous_12)
FNDA:0,(anonymous_13)
FNDA:0,(anonymous_14)
FNDA:0,(anonymous_15)
FNDA:0,(anonymous_16)
FNDA:0,(anonymous_17)
FNDA:0,(anonymous_18)
FNDA:0,(anonymous_19)
FNDA:0,(anonymous_20)
DA:25,5
DA:26,0
DA:27,0
DA:28,0
DA:30,0
DA:31,0
DA:37,0
DA:38,0
DA:39,0
DA:45,0
DA:46,0
DA:48,0
DA:49,0
DA:55,0
DA:62,0
DA:66,5
DA:67,0
DA:68,0
DA:69,0
DA:71,0
DA:73,0
DA:74,0
DA:79,0
DA:80,0
DA:86,0
DA:90,5
DA:91,0
DA:92,0
DA:93,0
DA:94,0
DA:96,0
DA:97,0
DA:101,5
DA:102,0
DA:103,0
DA:104,0
DA:106,0
DA:108,0
DA:109,0
DA:115,0
DA:121,0
DA:125,5
DA:126,0
DA:128,0
DA:129,0
DA:131,0
DA:132,0
DA:137,0
DA:143,0
DA:144,0
DA:148,5
DA:149,0
DA:150,0
DA:151,0
DA:152,0
DA:153,0
DA:155,0
DA:156,0
DA:158,0
DA:159,0
DA:160,0
DA:161,0
DA:166,0
DA:173,0
DA:181,5
DA:182,2
DA:183,2
DA:184,2
DA:185,2
DA:187,2
DA:188,1
DA:191,1
DA:193,1
DA:194,0
DA:200,1
DA:207,0
DA:211,5
DA:212,2
DA:213,2
DA:215,2
DA:216,1
DA:219,1
DA:220,1
DA:222,1
DA:224,1
DA:225,0
DA:230,1
DA:235,0
DA:239,5
DA:240,0
DA:241,0
DA:242,0
DA:243,0
DA:244,0
DA:245,0
DA:247,0
DA:248,0
DA:254,0
DA:256,0
DA:257,0
DA:263,0
DA:269,0
DA:273,5
DA:274,0
DA:275,0
DA:276,0
DA:277,0
DA:279,0
DA:281,0
DA:282,0
DA:288,0
DA:295,0
DA:296,0
DA:300,5
DA:301,0
DA:302,0
DA:303,0
DA:305,0
DA:307,0
DA:308,0
DA:314,0
DA:320,0
DA:324,5
DA:325,0
DA:326,0
DA:328,0
DA:330,0
DA:331,0
DA:337,0
DA:343,0
DA:347,5
DA:348,0
DA:349,0
DA:350,0
DA:352,0
DA:354,0
DA:355,0
DA:361,0
DA:366,0
DA:370,5
DA:371,0
DA:372,0
DA:373,0
DA:375,0
DA:376,0
DA:378,0
DA:380,0
DA:381,0
DA:386,0
DA:391,0
DA:392,0
DA:396,5
DA:397,0
DA:399,0
DA:400,0
DA:401,0
DA:402,0
DA:407,0
DA:408,0
DA:409,0
DA:414,0
DA:419,0
DA:423,5
DA:424,0
DA:425,0
DA:426,0
DA:427,0
DA:428,0
DA:433,0
DA:438,0
DA:442,5
DA:443,0
DA:444,0
DA:445,0
DA:446,0
DA:448,0
DA:449,0
DA:452,0
DA:454,0
DA:456,0
DA:457,0
DA:461,5
DA:462,0
DA:463,0
DA:464,0
DA:465,0
DA:467,0
DA:468,0
DA:472,5
DA:473,0
DA:474,0
DA:475,0
DA:476,0
DA:477,0
DA:479,0
DA:480,0
DA:483,0
DA:484,0
DA:485,0
DA:487,0
DA:489,0
DA:493,5
DA:494,0
DA:495,0
DA:496,0
DA:497,0
DA:499,0
DA:503,5
DA:504,0
DA:505,0
DA:506,0
DA:507,0
DA:508,0
DA:510,0
LF:214
LH:39
BRDA:30,0,0,0
BRDA:30,0,1,0
BRDA:37,1,0,0
BRDA:37,1,1,0
BRDA:37,2,0,0
BRDA:37,2,1,0
BRDA:38,3,0,0
BRDA:38,3,1,0
BRDA:48,4,0,0
BRDA:48,4,1,0
BRDA:73,5,0,0
BRDA:73,5,1,0
BRDA:108,6,0,0
BRDA:108,6,1,0
BRDA:131,7,0,0
BRDA:131,7,1,0
BRDA:155,8,0,0
BRDA:155,8,1,0
BRDA:155,9,0,0
BRDA:155,9,1,0
BRDA:155,9,2,0
BRDA:155,9,3,0
BRDA:155,9,4,0
BRDA:160,10,0,0
BRDA:160,10,1,0
BRDA:161,11,0,0
BRDA:161,11,1,0
BRDA:184,12,0,2
BRDA:184,12,1,0
BRDA:185,13,0,2
BRDA:185,13,1,1
BRDA:187,14,0,1
BRDA:187,14,1,1
BRDA:187,15,0,2
BRDA:187,15,1,2
BRDA:193,16,0,0
BRDA:193,16,1,1
BRDA:194,17,0,0
BRDA:194,17,1,0
BRDA:215,18,0,1
BRDA:215,18,1,1
BRDA:215,19,0,2
BRDA:215,19,1,2
BRDA:215,19,2,1
BRDA:224,20,0,0
BRDA:224,20,1,1
BRDA:225,21,0,0
BRDA:225,21,1,0
BRDA:244,22,0,0
BRDA:244,22,1,0
BRDA:244,23,0,0
BRDA:244,23,1,0
BRDA:247,24,0,0
BRDA:247,24,1,0
BRDA:256,25,0,0
BRDA:256,25,1,0
BRDA:276,26,0,0
BRDA:276,26,1,0
BRDA:281,27,0,0
BRDA:281,27,1,0
BRDA:307,28,0,0
BRDA:307,28,1,0
BRDA:308,29,0,0
BRDA:308,29,1,0
BRDA:330,30,0,0
BRDA:330,30,1,0
BRDA:331,31,0,0
BRDA:331,31,1,0
BRDA:354,32,0,0
BRDA:354,32,1,0
BRDA:355,33,0,0
BRDA:355,33,1,0
BRDA:375,34,0,0
BRDA:375,34,1,0
BRDA:375,35,0,0
BRDA:375,35,1,0
BRDA:380,36,0,0
BRDA:380,36,1,0
BRDA:401,37,0,0
BRDA:401,37,1,0
BRDA:401,38,0,0
BRDA:401,38,1,0
BRDA:408,39,0,0
BRDA:408,39,1,0
BRDA:427,40,0,0
BRDA:427,40,1,0
BRDA:448,41,0,0
BRDA:448,41,1,0
BRDA:448,42,0,0
BRDA:448,42,1,0
BRDA:448,42,2,0
BRDA:448,42,3,0
BRDA:448,42,4,0
BRDA:477,43,0,0
BRDA:477,43,1,0
BRDA:479,44,0,0
BRDA:479,44,1,0
BRDA:479,45,0,0
BRDA:479,45,1,0
BRDA:484,46,0,0
BRDA:484,46,1,0
BRDA:485,47,0,0
BRDA:485,47,1,0
BRDA:497,48,0,0
BRDA:497,48,1,0
BRDA:508,49,0,0
BRDA:508,49,1,0
BRF:107
BRH:14
end_of_record
TN:
SF:src\controllers\chat.controller.js
FN:12,(anonymous_0)
FN:38,(anonymous_1)
FN:68,(anonymous_2)
FN:92,(anonymous_3)
FNF:4
FNH:4
FNDA:2,(anonymous_0)
FNDA:2,(anonymous_1)
FNDA:2,(anonymous_2)
FNDA:2,(anonymous_3)
DA:12,5
DA:13,2
DA:14,2
DA:15,2
DA:16,0
DA:21,2
DA:23,2
DA:27,1
DA:34,0
DA:38,5
DA:39,2
DA:40,2
DA:41,2
DA:42,2
DA:43,2
DA:45,2
DA:49,1
DA:50,1
DA:52,1
DA:53,0
DA:58,1
DA:64,0
DA:68,5
DA:69,2
DA:70,2
DA:71,2
DA:72,2
DA:74,2
DA:75,1
DA:77,1
DA:78,1
DA:79,1
DA:81,0
DA:87,0
DA:92,5
DA:93,2
DA:94,2
DA:95,2
DA:96,2
DA:98,2
DA:99,2
DA:100,1
DA:102,1
DA:104,0
LF:44
LH:37
BRDA:15,0,0,0
BRDA:15,0,1,2
BRDA:23,1,0,1
BRDA:23,1,1,1
BRDA:45,2,0,1
BRDA:45,2,1,1
BRDA:45,3,0,2
BRDA:45,3,1,2
BRDA:52,4,0,0
BRDA:52,4,1,1
BRDA:74,5,0,1
BRDA:74,5,1,1
BRDA:74,6,0,2
BRDA:74,6,1,2
BRDA:78,7,0,1
BRDA:78,7,1,0
BRDA:99,8,0,1
BRDA:99,8,1,1
BRF:18
BRH:15
end_of_record
TN:
SF:src\controllers\chatbot.controller.js
FN:7,(anonymous_0)
FN:37,(anonymous_1)
FNF:2
FNH:2
FNDA:4,(anonymous_0)
FNDA:3,(anonymous_1)
DA:7,5
DA:8,4
DA:9,4
DA:11,4
DA:12,2
DA:19,2
DA:25,2
DA:27,2
DA:33,0
DA:37,5
DA:38,3
DA:39,3
DA:41,3
DA:42,2
DA:48,1
DA:50,1
DA:56,0
LF:17
LH:15
BRDA:11,0,0,2
BRDA:11,0,1,2
BRDA:11,1,0,4
BRDA:11,1,1,4
BRDA:19,2,0,1
BRDA:19,2,1,1
BRDA:19,3,0,2
BRDA:19,3,1,1
BRDA:21,4,0,1
BRDA:21,4,1,0
BRDA:39,5,0,3
BRDA:39,5,1,3
BRDA:41,6,0,2
BRDA:41,6,1,1
BRDA:41,7,0,3
BRDA:41,7,1,1
BRF:16
BRH:15
end_of_record
TN:
SF:src\controllers\complaint.controller.js
FN:8,(anonymous_0)
FN:43,(anonymous_1)
FN:53,(anonymous_2)
FN:69,(anonymous_3)
FNF:4
FNH:4
FNDA:3,(anonymous_0)
FNDA:1,(anonymous_1)
FNDA:1,(anonymous_2)
FNDA:1,(anonymous_3)
DA:8,5
DA:9,3
DA:10,3
DA:11,3
DA:13,3
DA:14,1
DA:20,2
DA:21,1
DA:27,1
DA:36,1
DA:38,0
DA:39,0
DA:43,5
DA:44,1
DA:45,1
DA:46,1
DA:47,1
DA:49,0
DA:53,5
DA:54,1
DA:55,1
DA:56,1
DA:57,1
DA:62,0
DA:63,0
DA:65,0
DA:69,5
DA:70,1
DA:71,1
DA:72,1
DA:73,0
DA:78,1
DA:79,1
DA:81,0
LF:34
LH:26
BRDA:13,0,0,1
BRDA:13,0,1,2
BRDA:20,1,0,1
BRDA:20,1,1,1
BRDA:20,2,0,2
BRDA:20,2,1,1
BRDA:20,2,2,1
BRDA:30,3,0,1
BRDA:30,3,1,0
BRDA:36,4,0,1
BRDA:36,4,1,0
BRDA:36,5,0,0
BRDA:36,5,1,0
BRDA:47,6,0,1
BRDA:47,6,1,0
BRDA:47,7,0,0
BRDA:47,7,1,0
BRDA:56,8,0,1
BRDA:56,8,1,0
BRDA:63,9,0,0
BRDA:63,9,1,0
BRDA:63,10,0,0
BRDA:63,10,1,0
BRDA:72,11,0,0
BRDA:72,11,1,1
BRDA:79,12,0,0
BRDA:79,12,1,1
BRDA:79,13,0,1
BRDA:79,13,1,0
BRF:29
BRH:14
end_of_record
TN:
SF:src\controllers\manager.controller.js
FN:10,(anonymous_0)
FN:36,(anonymous_1)
FN:64,(anonymous_2)
FN:81,(anonymous_3)
FN:102,(anonymous_4)
FNF:5
FNH:4
FNDA:2,(anonymous_0)
FNDA:2,(anonymous_1)
FNDA:0,(anonymous_2)
FNDA:1,(anonymous_3)
FNDA:3,(anonymous_4)
DA:10,5
DA:11,2
DA:12,2
DA:18,1
DA:19,1
DA:20,1
DA:21,0
DA:26,1
DA:32,0
DA:36,5
DA:37,2
DA:38,2
DA:39,2
DA:40,1
DA:46,1
DA:47,1
DA:48,0
DA:53,1
DA:60,0
DA:64,5
DA:65,0
DA:66,0
DA:67,0
DA:68,0
DA:74,0
DA:75,0
DA:77,0
DA:81,5
DA:82,1
DA:83,1
DA:84,1
DA:85,1
DA:86,1
DA:88,1
DA:89,1
DA:95,0
DA:96,0
DA:98,0
DA:102,5
DA:103,3
DA:104,3
DA:112,3
DA:113,3
DA:114,3
DA:116,3
DA:117,3
DA:118,1
DA:121,3
DA:122,2
DA:128,1
DA:135,1
DA:137,0
LF:52
LH:37
BRDA:12,0,0,1
BRDA:12,0,1,1
BRDA:20,1,0,0
BRDA:20,1,1,1
BRDA:21,2,0,0
BRDA:21,2,1,0
BRDA:39,3,0,1
BRDA:39,3,1,1
BRDA:47,4,0,0
BRDA:47,4,1,1
BRDA:67,5,0,0
BRDA:67,5,1,0
BRDA:75,6,0,0
BRDA:75,6,1,0
BRDA:88,7,0,1
BRDA:88,7,1,0
BRDA:88,8,0,1
BRDA:88,8,1,0
BRDA:96,9,0,0
BRDA:96,9,1,0
BRDA:96,10,0,0
BRDA:96,10,1,0
BRDA:117,11,0,1
BRDA:117,11,1,2
BRDA:117,12,0,3
BRDA:117,12,1,3
BRDA:118,13,0,1
BRDA:118,13,1,0
BRDA:118,14,0,0
BRDA:118,14,1,0
BRDA:121,15,0,2
BRDA:121,15,1,1
BRDA:121,16,0,3
BRDA:121,16,1,3
BRDA:135,17,0,1
BRDA:135,17,1,0
BRDA:135,18,0,0
BRDA:135,18,1,0
BRF:38
BRH:18
end_of_record
TN:
SF:src\controllers\seller.controller.js
FN:23,(anonymous_0)
FN:79,(anonymous_1)
FN:109,(anonymous_2)
FN:126,(anonymous_3)
FN:151,(anonymous_4)
FN:165,(anonymous_5)
FN:194,(anonymous_6)
FN:218,(anonymous_7)
FN:233,(anonymous_8)
FN:254,(anonymous_9)
FN:311,(anonymous_10)
FN:334,(anonymous_11)
FN:358,(anonymous_12)
FN:373,(anonymous_13)
FN:394,(anonymous_14)
FN:422,(anonymous_15)
FN:432,(anonymous_16)
FNF:17
FNH:0
FNDA:0,(anonymous_0)
FNDA:0,(anonymous_1)
FNDA:0,(anonymous_2)
FNDA:0,(anonymous_3)
FNDA:0,(anonymous_4)
FNDA:0,(anonymous_5)
FNDA:0,(anonymous_6)
FNDA:0,(anonymous_7)
FNDA:0,(anonymous_8)
FNDA:0,(anonymous_9)
FNDA:0,(anonymous_10)
FNDA:0,(anonymous_11)
FNDA:0,(anonymous_12)
FNDA:0,(anonymous_13)
FNDA:0,(anonymous_14)
FNDA:0,(anonymous_15)
FNDA:0,(anonymous_16)
DA:23,4
DA:24,0
DA:25,0
DA:26,0
DA:32,0
DA:79,4
DA:80,0
DA:81,0
DA:82,0
DA:83,0
DA:84,0
DA:89,0
DA:91,0
DA:92,0
DA:98,0
DA:105,0
DA:109,4
DA:110,0
DA:111,0
DA:113,0
DA:115,0
DA:121,0
DA:126,4
DA:127,0
DA:128,0
DA:129,0
DA:130,0
DA:132,0
DA:134,0
DA:135,0
DA:141,0
DA:147,0
DA:151,4
DA:152,0
DA:153,0
DA:154,0
DA:156,0
DA:157,0
DA:159,0
DA:161,0
DA:165,4
DA:166,0
DA:167,0
DA:168,0
DA:170,0
DA:171,0
DA:174,0
DA:175,0
DA:177,0
DA:179,0
DA:180,0
DA:185,0
DA:190,0
DA:194,4
DA:195,0
DA:196,0
DA:197,0
DA:198,0
DA:200,0
DA:201,0
DA:204,0
DA:209,0
DA:210,0
DA:212,0
DA:214,0
DA:218,4
DA:219,0
DA:220,0
DA:221,0
DA:223,0
DA:224,0
DA:225,0
DA:227,0
DA:229,0
DA:233,4
DA:234,0
DA:235,0
DA:236,0
DA:237,0
DA:238,0
DA:239,0
DA:244,0
DA:250,0
DA:254,4
DA:255,0
DA:257,0
DA:259,0
DA:261,0
DA:262,0
DA:268,0
DA:274,0
DA:311,4
DA:312,0
DA:313,0
DA:314,0
DA:316,0
DA:318,0
DA:319,0
DA:325,0
DA:330,0
DA:334,4
DA:335,0
DA:336,0
DA:337,0
DA:342,0
DA:343,0
DA:344,0
DA:349,0
DA:354,0
DA:358,4
DA:359,0
DA:360,0
DA:361,0
DA:363,0
DA:364,0
DA:369,0
DA:373,4
DA:374,0
DA:375,0
DA:377,0
DA:382,0
DA:384,0
DA:390,0
DA:394,4
DA:395,0
DA:396,0
DA:398,0
DA:403,0
DA:405,0
DA:418,0
DA:422,4
DA:423,0
DA:424,0
DA:425,0
DA:426,0
DA:428,0
DA:432,4
DA:433,0
DA:434,0
DA:435,0
DA:437,0
DA:438,0
DA:440,0
LF:143
LH:17
BRDA:83,0,0,0
BRDA:83,0,1,0
BRDA:91,1,0,0
BRDA:91,1,1,0
BRDA:134,2,0,0
BRDA:134,2,1,0
BRDA:156,3,0,0
BRDA:156,3,1,0
BRDA:157,4,0,0
BRDA:157,4,1,0
BRDA:170,5,0,0
BRDA:170,5,1,0
BRDA:170,6,0,0
BRDA:170,6,1,0
BRDA:170,6,2,0
BRDA:179,7,0,0
BRDA:179,7,1,0
BRDA:180,8,0,0
BRDA:180,8,1,0
BRDA:200,9,0,0
BRDA:200,9,1,0
BRDA:200,10,0,0
BRDA:200,10,1,0
BRDA:209,11,0,0
BRDA:209,11,1,0
BRDA:210,12,0,0
BRDA:210,12,1,0
BRDA:224,13,0,0
BRDA:224,13,1,0
BRDA:225,14,0,0
BRDA:225,14,1,0
BRDA:238,15,0,0
BRDA:238,15,1,0
BRDA:261,16,0,0
BRDA:261,16,1,0
BRDA:314,17,0,0
BRDA:314,17,1,0
BRDA:318,18,0,0
BRDA:318,18,1,0
BRDA:337,19,0,0
BRDA:337,19,1,0
BRDA:343,20,0,0
BRDA:343,20,1,0
BRDA:377,21,0,0
BRDA:377,21,1,0
BRDA:398,22,0,0
BRDA:398,22,1,0
BRDA:407,23,0,0
BRDA:407,23,1,0
BRDA:408,24,0,0
BRDA:408,24,1,0
BRDA:409,25,0,0
BRDA:409,25,1,0
BRDA:426,26,0,0
BRDA:426,26,1,0
BRDA:438,27,0,0
BRDA:438,27,1,0
BRF:57
BRH:0
end_of_record
TN:
SF:src\daos\admins.dao.js
FN:5,(anonymous_0)
FN:9,(anonymous_1)
FN:13,(anonymous_2)
FN:17,(anonymous_3)
FN:57,(anonymous_4)
FN:72,(anonymous_5)
FN:101,(anonymous_6)
FNF:7
FNH:1
FNDA:0,(anonymous_0)
FNDA:1,(anonymous_1)
FNDA:0,(anonymous_2)
FNDA:0,(anonymous_3)
FNDA:0,(anonymous_4)
FNDA:0,(anonymous_5)
FNDA:0,(anonymous_6)
DA:5,8
DA:6,0
DA:9,8
DA:10,1
DA:13,8
DA:14,0
DA:17,8
DA:18,0
DA:57,8
DA:58,0
DA:59,0
DA:61,0
DA:62,0
DA:65,0
DA:67,0
DA:68,0
DA:72,8
DA:73,0
DA:101,8
DA:102,0
DA:103,0
DA:104,0
DA:106,0
DA:108,0
DA:110,0
DA:111,0
DA:114,0
DA:116,0
DA:122,0
DA:123,0
LF:30
LH:8
BRDA:61,0,0,0
BRDA:61,0,1,0
BRDA:61,1,0,0
BRDA:61,1,1,0
BRDA:103,2,0,0
BRDA:103,2,1,0
BRDA:110,3,0,0
BRDA:110,3,1,0
BRF:8
BRH:0
end_of_record
TN:
SF:src\daos\chat.dao.js
FN:7,(anonymous_0)
FN:120,(anonymous_1)
FN:160,(anonymous_2)
FN:202,(anonymous_3)
FN:232,(anonymous_4)
FNF:5
FNH:0
FNDA:0,(anonymous_0)
FNDA:0,(anonymous_1)
FNDA:0,(anonymous_2)
FNDA:0,(anonymous_3)
FNDA:0,(anonymous_4)
DA:7,5
DA:8,0
DA:120,5
DA:121,0
DA:122,0
DA:125,0
DA:126,0
DA:133,0
DA:135,0
DA:136,0
DA:142,0
DA:143,0
DA:144,0
DA:152,0
DA:153,0
DA:160,5
DA:161,0
DA:162,0
DA:163,0
DA:165,0
DA:166,0
DA:172,0
DA:181,0
DA:190,0
DA:196,0
DA:197,0
DA:202,5
DA:203,0
DA:204,0
DA:205,0
DA:207,0
DA:208,0
DA:215,0
DA:216,0
DA:217,0
DA:224,0
DA:232,5
DA:233,0
DA:234,0
DA:235,0
DA:237,0
DA:238,0
DA:245,0
DA:246,0
DA:247,0
DA:249,0
DA:255,0
DA:257,0
DA:263,0
LF:49
LH:5
BRDA:125,0,0,0
BRDA:125,0,1,0
BRDA:135,1,0,0
BRDA:135,1,1,0
BRDA:165,2,0,0
BRDA:165,2,1,0
BRDA:165,3,0,0
BRDA:165,3,1,0
BRDA:207,4,0,0
BRDA:207,4,1,0
BRDA:207,5,0,0
BRDA:207,5,1,0
BRDA:237,6,0,0
BRDA:237,6,1,0
BRDA:237,7,0,0
BRDA:237,7,1,0
BRF:16
BRH:0
end_of_record
TN:
SF:src\daos\complaints.dao.js
FN:5,(anonymous_0)
FN:10,(anonymous_1)
FN:19,(anonymous_2)
FN:22,(anonymous_3)
FN:33,(anonymous_4)
FN:41,(anonymous_5)
FN:49,(anonymous_6)
FN:57,(anonymous_7)
FN:77,(anonymous_8)
FN:120,(anonymous_9)
FNF:10
FNH:0
FNDA:0,(anonymous_0)
FNDA:0,(anonymous_1)
FNDA:0,(anonymous_2)
FNDA:0,(anonymous_3)
FNDA:0,(anonymous_4)
FNDA:0,(anonymous_5)
FNDA:0,(anonymous_6)
FNDA:0,(anonymous_7)
FNDA:0,(anonymous_8)
FNDA:0,(anonymous_9)
DA:5,4
DA:6,0
DA:7,0
DA:10,4
DA:11,0
DA:19,4
DA:21,0
DA:22,0
DA:24,0
DA:33,4
DA:34,0
DA:41,4
DA:42,0
DA:49,4
DA:50,0
DA:57,4
DA:58,0
DA:77,4
DA:78,0
DA:82,0
DA:84,0
DA:85,0
DA:88,0
DA:89,0
DA:90,0
DA:91,0
DA:92,0
DA:101,0
DA:102,0
DA:103,0
DA:104,0
DA:105,0
DA:106,0
DA:107,0
DA:117,0
DA:120,4
DA:121,0
LF:37
LH:9
BRDA:57,0,0,0
BRDA:63,1,0,0
BRDA:63,1,1,0
BRDA:82,2,0,0
BRDA:82,2,1,0
BRDA:88,3,0,0
BRDA:88,3,1,0
BRDA:90,4,0,0
BRDA:90,4,1,0
BRDA:101,5,0,0
BRDA:101,5,1,0
BRDA:101,6,0,0
BRDA:101,6,1,0
BRDA:103,7,0,0
BRDA:103,7,1,0
BRDA:105,8,0,0
BRDA:105,8,1,0
BRF:17
BRH:0
end_of_record
TN:
SF:src\daos\managers.dao.js
FN:4,(anonymous_0)
FN:8,(anonymous_1)
FN:12,(anonymous_2)
FN:16,(anonymous_3)
FN:20,(anonymous_4)
FN:24,(anonymous_5)
FN:28,(anonymous_6)
FN:44,(anonymous_7)
FN:52,(anonymous_8)
FNF:9
FNH:1
FNDA:0,(anonymous_0)
FNDA:2,(anonymous_1)
FNDA:0,(anonymous_2)
FNDA:0,(anonymous_3)
FNDA:0,(anonymous_4)
FNDA:0,(anonymous_5)
FNDA:0,(anonymous_6)
FNDA:0,(anonymous_7)
FNDA:0,(anonymous_8)
DA:4,4
DA:5,0
DA:8,4
DA:9,2
DA:12,4
DA:13,0
DA:16,4
DA:17,0
DA:20,4
DA:21,0
DA:24,4
DA:25,0
DA:26,0
DA:28,4
DA:29,0
DA:30,0
DA:31,0
DA:33,0
DA:34,0
DA:35,0
DA:37,0
DA:39,0
DA:40,0
DA:44,4
DA:45,0
DA:46,0
DA:51,0
DA:52,0
DA:53,0
DA:55,0
DA:57,0
DA:58,0
LF:32
LH:9
BRDA:30,0,0,0
BRDA:30,0,1,0
BRDA:34,1,0,0
BRDA:34,1,1,0
BRF:4
BRH:0
end_of_record
TN:
SF:src\daos\notifications.dao.js
FN:4,(anonymous_0)
FN:8,(anonymous_1)
FN:12,(anonymous_2)
FN:18,(anonymous_3)
FN:28,(anonymous_4)
FN:46,(anonymous_5)
FN:57,(anonymous_6)
FN:72,(anonymous_7)
FN:80,(anonymous_8)
FN:93,(anonymous_9)
FN:112,(anonymous_10)
FN:124,(anonymous_11)
FN:140,(anonymous_12)
FN:144,(anonymous_13)
FN:152,(anonymous_14)
FN:159,(anonymous_15)
FNF:16
FNH:0
FNDA:0,(anonymous_0)
FNDA:0,(anonymous_1)
FNDA:0,(anonymous_2)
FNDA:0,(anonymous_3)
FNDA:0,(anonymous_4)
FNDA:0,(anonymous_5)
FNDA:0,(anonymous_6)
FNDA:0,(anonymous_7)
FNDA:0,(anonymous_8)
FNDA:0,(anonymous_9)
FNDA:0,(anonymous_10)
FNDA:0,(anonymous_11)
FNDA:0,(anonymous_12)
FNDA:0,(anonymous_13)
FNDA:0,(anonymous_14)
FNDA:0,(anonymous_15)
DA:4,8
DA:5,0
DA:8,8
DA:9,0
DA:12,8
DA:13,0
DA:18,8
DA:19,0
DA:28,8
DA:29,0
DA:31,0
DA:32,0
DA:33,0
DA:36,0
DA:43,0
DA:46,8
DA:47,0
DA:57,8
DA:58,0
DA:60,0
DA:72,8
DA:73,0
DA:80,8
DA:81,0
DA:93,8
DA:94,0
DA:112,8
DA:113,0
DA:124,8
DA:125,0
DA:140,8
DA:141,0
DA:144,8
DA:145,0
DA:152,8
DA:153,0
DA:159,8
DA:160,0
DA:161,0
DA:163,0
LF:40
LH:16
BRDA:28,0,0,0
BRDA:29,1,0,0
BRDA:29,2,0,0
BRDA:29,3,0,0
BRDA:32,4,0,0
BRDA:32,4,1,0
BRDA:57,5,0,0
BRDA:58,6,0,0
BRDA:58,7,0,0
BRDA:159,8,0,0
BRF:10
BRH:0
end_of_record
TN:
SF:src\daos\orders.dao.js
FN:4,(anonymous_0)
FN:19,(anonymous_1)
FN:43,(anonymous_2)
FN:52,(anonymous_3)
FN:61,(anonymous_4)
FN:65,(anonymous_5)
FN:78,(anonymous_6)
FN:105,(anonymous_7)
FN:126,(anonymous_8)
FN:136,(anonymous_9)
FN:160,(anonymous_10)
FN:163,(anonymous_11)
FN:173,(anonymous_12)
FN:183,(anonymous_13)
FN:218,(anonymous_14)
FNF:15
FNH:5
FNDA:0,(anonymous_0)
FNDA:1,(anonymous_1)
FNDA:0,(anonymous_2)
FNDA:0,(anonymous_3)
FNDA:0,(anonymous_4)
FNDA:0,(anonymous_5)
FNDA:1,(anonymous_6)
FNDA:0,(anonymous_7)
FNDA:1,(anonymous_8)
FNDA:0,(anonymous_9)
FNDA:0,(anonymous_10)
FNDA:0,(anonymous_11)
FNDA:1,(anonymous_12)
FNDA:0,(anonymous_13)
FNDA:1,(anonymous_14)
DA:4,6
DA:5,0
DA:15,0
DA:16,0
DA:19,6
DA:20,1
DA:21,1
DA:22,1
DA:23,1
DA:24,1
DA:25,1
DA:26,1
DA:27,1
DA:28,1
DA:30,1
DA:40,1
DA:43,6
DA:44,0
DA:45,0
DA:46,0
DA:48,0
DA:49,0
DA:52,6
DA:53,0
DA:54,0
DA:55,0
DA:57,0
DA:58,0
DA:61,6
DA:62,0
DA:65,6
DA:66,0
DA:71,0
DA:72,0
DA:73,0
DA:75,0
DA:78,6
DA:79,1
DA:80,1
DA:82,1
DA:84,1
DA:85,0
DA:88,1
DA:89,0
DA:92,1
DA:93,1
DA:94,1
DA:99,1
DA:100,1
DA:102,1
DA:105,6
DA:106,0
DA:107,0
DA:109,0
DA:111,0
DA:112,0
DA:115,0
DA:116,0
DA:119,0
DA:120,0
DA:123,0
DA:126,6
DA:127,1
DA:128,1
DA:130,1
DA:131,1
DA:132,1
DA:133,1
DA:136,6
DA:137,0
DA:138,0
DA:139,0
DA:142,0
DA:143,0
DA:146,0
DA:147,0
DA:150,0
DA:151,0
DA:154,0
DA:155,0
DA:157,0
DA:160,6
DA:162,0
DA:163,0
DA:166,0
DA:167,0
DA:170,0
DA:173,6
DA:174,1
DA:176,1
DA:177,1
DA:180,1
DA:183,6
DA:184,0
DA:185,0
DA:187,0
DA:188,0
DA:191,0
DA:192,0
DA:195,0
DA:196,0
DA:197,0
DA:198,0
DA:200,0
DA:202,0
DA:203,0
DA:204,0
DA:206,0
DA:215,0
DA:218,6
DA:219,1
DA:220,1
DA:221,0
DA:224,1
DA:225,0
DA:228,1
DA:229,0
DA:232,1
DA:233,0
DA:236,1
DA:237,0
DA:240,1
DA:241,1
DA:243,1
DA:252,1
DA:261,1
DA:262,1
DA:263,1
DA:265,1
DA:266,1
DA:267,1
DA:268,1
DA:270,1
LF:133
LH:64
BRDA:20,0,0,1
BRDA:20,0,1,0
BRDA:20,1,0,1
BRDA:20,1,1,1
BRDA:20,1,2,1
BRDA:22,2,0,1
BRDA:22,2,1,0
BRDA:45,3,0,0
BRDA:45,3,1,0
BRDA:54,4,0,0
BRDA:54,4,1,0
BRDA:65,5,0,0
BRDA:72,6,0,0
BRDA:72,6,1,0
BRDA:78,7,0,1
BRDA:80,8,0,0
BRDA:80,8,1,1
BRDA:82,9,0,0
BRDA:82,9,1,1
BRDA:84,10,0,0
BRDA:84,10,1,1
BRDA:88,11,0,0
BRDA:88,11,1,1
BRDA:95,12,0,1
BRDA:95,12,1,1
BRDA:96,13,0,1
BRDA:96,13,1,1
BRDA:97,14,0,1
BRDA:97,14,1,1
BRDA:107,15,0,0
BRDA:107,15,1,0
BRDA:109,16,0,0
BRDA:109,16,1,0
BRDA:111,17,0,0
BRDA:111,17,1,0
BRDA:115,18,0,0
BRDA:115,18,1,0
BRDA:119,19,0,0
BRDA:119,19,1,0
BRDA:128,20,0,0
BRDA:128,20,1,1
BRDA:138,21,0,0
BRDA:138,21,1,0
BRDA:142,22,0,0
BRDA:142,22,1,0
BRDA:146,23,0,0
BRDA:146,23,1,0
BRDA:150,24,0,0
BRDA:150,24,1,0
BRDA:150,25,0,0
BRDA:150,25,1,0
BRDA:163,26,0,0
BRDA:163,26,1,0
BRDA:163,26,2,0
BRDA:185,27,0,0
BRDA:185,27,1,0
BRDA:187,28,0,0
BRDA:187,28,1,0
BRDA:191,29,0,0
BRDA:191,29,1,0
BRDA:191,30,0,0
BRDA:191,30,1,0
BRDA:191,30,2,0
BRDA:197,31,0,0
BRDA:197,31,1,0
BRDA:220,32,0,0
BRDA:220,32,1,1
BRDA:224,33,0,0
BRDA:224,33,1,1
BRDA:228,34,0,0
BRDA:228,34,1,1
BRDA:232,35,0,0
BRDA:232,35,1,1
BRDA:236,36,0,0
BRDA:236,36,1,1
BRF:75
BRH:22
end_of_record
TN:
SF:src\daos\payment.dao.js
FN:4,(anonymous_0)
FN:9,(anonymous_1)
FN:17,(anonymous_2)
FN:26,(anonymous_3)
FN:35,(anonymous_4)
FN:43,(anonymous_5)
FN:54,(anonymous_6)
FN:63,(anonymous_7)
FN:77,(anonymous_8)
FN:87,(anonymous_9)
FN:92,(anonymous_10)
FN:97,(anonymous_11)
FN:116,(anonymous_12)
FN:135,(anonymous_13)
FN:151,(anonymous_14)
FN:161,(anonymous_15)
FN:173,(anonymous_16)
FN:185,(anonymous_17)
FN:205,(anonymous_18)
FN:213,(anonymous_19)
FN:249,(anonymous_20)
FN:285,(anonymous_21)
FN:301,(anonymous_22)
FN:328,(anonymous_23)
FN:382,(anonymous_24)
FN:419,(anonymous_25)
FN:455,(anonymous_26)
FNF:27
FNH:0
FNDA:0,(anonymous_0)
FNDA:0,(anonymous_1)
FNDA:0,(anonymous_2)
FNDA:0,(anonymous_3)
FNDA:0,(anonymous_4)
FNDA:0,(anonymous_5)
FNDA:0,(anonymous_6)
FNDA:0,(anonymous_7)
FNDA:0,(anonymous_8)
FNDA:0,(anonymous_9)
FNDA:0,(anonymous_10)
FNDA:0,(anonymous_11)
FNDA:0,(anonymous_12)
FNDA:0,(anonymous_13)
FNDA:0,(anonymous_14)
FNDA:0,(anonymous_15)
FNDA:0,(anonymous_16)
FNDA:0,(anonymous_17)
FNDA:0,(anonymous_18)
FNDA:0,(anonymous_19)
FNDA:0,(anonymous_20)
FNDA:0,(anonymous_21)
FNDA:0,(anonymous_22)
FNDA:0,(anonymous_23)
FNDA:0,(anonymous_24)
FNDA:0,(anonymous_25)
FNDA:0,(anonymous_26)
DA:4,8
DA:5,0
DA:9,8
DA:10,0
DA:17,8
DA:18,0
DA:26,8
DA:27,0
DA:35,8
DA:36,0
DA:43,8
DA:44,0
DA:45,0
DA:47,0
DA:54,8
DA:55,0
DA:63,8
DA:64,0
DA:77,8
DA:78,0
DA:87,8
DA:88,0
DA:92,8
DA:93,0
DA:97,8
DA:98,0
DA:112,0
DA:116,8
DA:117,0
DA:131,0
DA:135,8
DA:136,0
DA:151,8
DA:152,0
DA:161,8
DA:162,0
DA:173,8
DA:174,0
DA:185,8
DA:186,0
DA:201,0
DA:205,8
DA:206,0
DA:207,0
DA:213,8
DA:214,0
DA:249,8
DA:250,0
DA:285,8
DA:286,0
DA:301,8
DA:302,0
DA:303,0
DA:305,0
DA:328,8
DA:329,0
DA:382,8
DA:383,0
DA:419,8
DA:420,0
DA:455,8
DA:456,0
LF:62
LH:27
BRDA:92,0,0,0
BRDA:112,1,0,0
BRDA:112,1,1,0
BRDA:131,2,0,0
BRDA:131,2,1,0
BRDA:151,3,0,0
BRDA:201,4,0,0
BRDA:201,4,1,0
BRDA:301,5,0,0
BRDA:328,6,0,0
BRDA:382,7,0,0
BRDA:419,8,0,0
BRF:12
BRH:0
end_of_record
TN:
SF:src\daos\pendingUser.dao.js
FN:3,(anonymous_0)
FN:11,(anonymous_1)
FN:26,(anonymous_2)
FNF:3
FNH:0
FNDA:0,(anonymous_0)
FNDA:0,(anonymous_1)
FNDA:0,(anonymous_2)
DA:3,4
DA:4,0
DA:5,0
DA:7,0
DA:11,4
DA:12,0
DA:13,0
DA:22,0
DA:26,4
DA:27,0
DA:28,0
DA:29,0
DA:31,0
LF:13
LH:3
BRF:0
BRH:0
end_of_record
TN:
SF:src\daos\products.dao.js
FN:4,(anonymous_0)
FN:9,(anonymous_1)
FN:10,(anonymous_2)
FN:13,(anonymous_3)
FN:36,(anonymous_4)
FN:54,(anonymous_5)
FN:58,(anonymous_6)
FN:78,(anonymous_7)
FN:95,(anonymous_8)
FN:110,(anonymous_9)
FN:130,(anonymous_10)
FN:138,(anonymous_11)
FN:173,(anonymous_12)
FN:177,(anonymous_13)
FN:192,(anonymous_14)
FN:210,(anonymous_15)
FN:216,(anonymous_16)
FN:240,(anonymous_17)
FN:281,(anonymous_18)
FN:293,(anonymous_19)
FN:321,(anonymous_20)
FN:332,(anonymous_21)
FN:341,(anonymous_22)
FN:347,(anonymous_23)
FN:357,(anonymous_24)
FN:371,(anonymous_25)
FN:381,(anonymous_26)
FN:409,(anonymous_27)
FN:424,(anonymous_28)
FN:439,(anonymous_29)
FN:444,(anonymous_30)
FN:452,(anonymous_31)
FN:461,(anonymous_32)
FN:496,(anonymous_33)
FN:501,(anonymous_34)
FN:506,(anonymous_35)
FN:532,(anonymous_36)
FN:565,(anonymous_37)
FN:584,(anonymous_38)
FN:588,(anonymous_39)
FN:609,(anonymous_40)
FN:615,(anonymous_41)
FN:619,(anonymous_42)
FN:626,(anonymous_43)
FN:630,(anonymous_44)
FN:634,(anonymous_45)
FN:664,(anonymous_46)
FN:665,(anonymous_47)
FN:677,(anonymous_48)
FNF:49
FNH:10
FNDA:0,(anonymous_0)
FNDA:0,(anonymous_1)
FNDA:0,(anonymous_2)
FNDA:0,(anonymous_3)
FNDA:2,(anonymous_4)
FNDA:9,(anonymous_5)
FNDA:4,(anonymous_6)
FNDA:0,(anonymous_7)
FNDA:3,(anonymous_8)
FNDA:3,(anonymous_9)
FNDA:2,(anonymous_10)
FNDA:2,(anonymous_11)
FNDA:2,(anonymous_12)
FNDA:2,(anonymous_13)
FNDA:0,(anonymous_14)
FNDA:0,(anonymous_15)
FNDA:0,(anonymous_16)
FNDA:0,(anonymous_17)
FNDA:0,(anonymous_18)
FNDA:0,(anonymous_19)
FNDA:0,(anonymous_20)
FNDA:0,(anonymous_21)
FNDA:0,(anonymous_22)
FNDA:0,(anonymous_23)
FNDA:0,(anonymous_24)
FNDA:0,(anonymous_25)
FNDA:0,(anonymous_26)
FNDA:0,(anonymous_27)
FNDA:0,(anonymous_28)
FNDA:0,(anonymous_29)
FNDA:0,(anonymous_30)
FNDA:0,(anonymous_31)
FNDA:0,(anonymous_32)
FNDA:1,(anonymous_33)
FNDA:0,(anonymous_34)
FNDA:0,(anonymous_35)
FNDA:0,(anonymous_36)
FNDA:0,(anonymous_37)
FNDA:0,(anonymous_38)
FNDA:0,(anonymous_39)
FNDA:0,(anonymous_40)
FNDA:0,(anonymous_41)
FNDA:0,(anonymous_42)
FNDA:0,(anonymous_43)
FNDA:0,(anonymous_44)
FNDA:0,(anonymous_45)
FNDA:0,(anonymous_46)
FNDA:0,(anonymous_47)
FNDA:0,(anonymous_48)
DA:4,8
DA:5,0
DA:6,0
DA:9,8
DA:10,0
DA:13,8
DA:14,0
DA:20,0
DA:21,0
DA:24,0
DA:25,0
DA:27,0
DA:28,0
DA:31,0
DA:32,0
DA:33,0
DA:36,8
DA:39,2
DA:51,2
DA:54,8
DA:55,9
DA:58,8
DA:59,4
DA:61,4
DA:62,0
DA:65,4
DA:66,1
DA:69,3
DA:70,0
DA:77,3
DA:78,0
DA:81,3
DA:82,0
DA:85,3
DA:86,3
DA:88,3
DA:95,8
DA:96,3
DA:98,3
DA:99,0
DA:102,3
DA:103,0
DA:106,3
DA:107,0
DA:109,3
DA:110,3
DA:113,3
DA:114,0
DA:117,3
DA:121,3
DA:123,3
DA:130,8
DA:131,2
DA:132,2
DA:134,2
DA:135,0
DA:138,2
DA:139,2
DA:140,0
DA:143,2
DA:144,2
DA:145,2
DA:146,2
DA:147,2
DA:151,2
DA:152,0
DA:155,2
DA:156,0
DA:159,2
DA:160,0
DA:163,2
DA:164,2
DA:165,2
DA:166,2
DA:168,2
DA:170,2
DA:173,8
DA:174,2
DA:175,2
DA:177,2
DA:178,2
DA:179,0
DA:182,2
DA:183,0
DA:186,2
DA:187,2
DA:189,2
DA:192,8
DA:193,0
DA:195,0
DA:196,0
DA:198,0
DA:199,0
DA:201,0
DA:202,0
DA:204,0
DA:205,0
DA:208,0
DA:210,0
DA:211,0
DA:212,0
DA:213,0
DA:216,0
DA:217,0
DA:218,0
DA:224,0
DA:228,0
DA:229,0
DA:231,0
DA:240,8
DA:241,0
DA:242,0
DA:244,0
DA:245,0
DA:247,0
DA:248,0
DA:250,0
DA:251,0
DA:253,0
DA:254,0
DA:255,0
DA:257,0
DA:258,0
DA:261,0
DA:262,0
DA:263,0
DA:264,0
DA:267,0
DA:268,0
DA:269,0
DA:271,0
DA:281,8
DA:282,0
DA:284,0
DA:285,0
DA:287,0
DA:288,0
DA:290,0
DA:291,0
DA:293,0
DA:294,0
DA:295,0
DA:297,0
DA:298,0
DA:301,0
DA:302,0
DA:309,0
DA:310,0
DA:311,0
DA:313,0
DA:321,8
DA:322,0
DA:324,0
DA:325,0
DA:327,0
DA:328,0
DA:331,0
DA:332,0
DA:333,0
DA:334,0
DA:337,0
DA:338,0
DA:340,0
DA:341,0
DA:343,0
DA:344,0
DA:347,8
DA:348,0
DA:352,0
DA:353,0
DA:356,0
DA:357,0
DA:360,0
DA:361,0
DA:366,0
DA:367,0
DA:370,0
DA:371,0
DA:373,0
DA:374,0
DA:381,8
DA:382,0
DA:383,0
DA:384,0
DA:393,0
DA:394,0
DA:395,0
DA:402,0
DA:409,8
DA:410,0
DA:411,0
DA:412,0
DA:417,0
DA:424,8
DA:425,0
DA:426,0
DA:427,0
DA:432,0
DA:439,8
DA:440,0
DA:441,0
DA:444,8
DA:445,0
DA:448,0
DA:452,8
DA:453,0
DA:458,0
DA:461,8
DA:463,0
DA:493,0
DA:496,8
DA:497,1
DA:498,1
DA:501,8
DA:502,0
DA:503,0
DA:506,8
DA:507,0
DA:508,0
DA:509,0
DA:510,0
DA:517,0
DA:518,0
DA:524,0
DA:525,0
DA:531,0
DA:532,0
DA:535,0
DA:536,0
DA:542,0
DA:543,0
DA:549,0
DA:550,0
DA:556,0
DA:557,0
DA:565,8
DA:566,0
DA:567,0
DA:573,0
DA:574,0
DA:577,0
DA:579,0
DA:580,0
DA:584,8
DA:585,0
DA:588,8
DA:589,0
DA:590,0
DA:596,0
DA:601,0
DA:602,0
DA:609,8
DA:610,0
DA:615,8
DA:616,0
DA:619,8
DA:620,0
DA:626,8
DA:627,0
DA:630,8
DA:631,0
DA:634,8
DA:640,0
DA:641,0
DA:645,0
DA:663,0
DA:664,0
DA:665,0
DA:666,0
DA:667,0
DA:668,0
DA:669,0
DA:670,0
DA:671,0
DA:672,0
DA:674,0
DA:677,8
DA:678,0
DA:683,0
DA:684,0
DA:687,0
DA:693,0
LF:282
LH:86
BRDA:5,0,0,0
BRDA:5,0,1,0
BRDA:6,1,0,0
BRDA:6,1,1,0
BRDA:6,2,0,0
BRDA:6,2,1,0
BRDA:20,3,0,0
BRDA:20,3,1,0
BRDA:27,4,0,0
BRDA:27,4,1,0
BRDA:61,5,0,0
BRDA:61,5,1,4
BRDA:65,6,0,1
BRDA:65,6,1,3
BRDA:69,7,0,0
BRDA:69,7,1,3
BRDA:81,8,0,0
BRDA:81,8,1,3
BRDA:98,9,0,0
BRDA:98,9,1,3
BRDA:102,10,0,0
BRDA:102,10,1,3
BRDA:106,11,0,0
BRDA:106,11,1,3
BRDA:113,12,0,0
BRDA:113,12,1,3
BRDA:132,13,0,0
BRDA:132,13,1,2
BRDA:134,14,0,0
BRDA:134,14,1,2
BRDA:139,15,0,0
BRDA:139,15,1,2
BRDA:146,16,0,2
BRDA:146,16,1,2
BRDA:147,17,0,0
BRDA:147,17,1,2
BRDA:151,18,0,0
BRDA:151,18,1,2
BRDA:155,19,0,0
BRDA:155,19,1,2
BRDA:155,20,0,2
BRDA:155,20,1,2
BRDA:155,20,2,0
BRDA:159,21,0,0
BRDA:159,21,1,2
BRDA:159,22,0,2
BRDA:159,22,1,0
BRDA:175,23,0,0
BRDA:175,23,1,2
BRDA:178,24,0,0
BRDA:178,24,1,2
BRDA:182,25,0,0
BRDA:182,25,1,2
BRDA:195,26,0,0
BRDA:195,26,1,0
BRDA:198,27,0,0
BRDA:198,27,1,0
BRDA:201,28,0,0
BRDA:201,28,1,0
BRDA:204,29,0,0
BRDA:204,29,1,0
BRDA:212,30,0,0
BRDA:212,30,1,0
BRDA:212,31,0,0
BRDA:212,31,1,0
BRDA:217,32,0,0
BRDA:217,32,1,0
BRDA:244,33,0,0
BRDA:244,33,1,0
BRDA:247,34,0,0
BRDA:247,34,1,0
BRDA:247,35,0,0
BRDA:247,35,1,0
BRDA:250,36,0,0
BRDA:250,36,1,0
BRDA:254,37,0,0
BRDA:254,37,1,0
BRDA:257,38,0,0
BRDA:257,38,1,0
BRDA:261,39,0,0
BRDA:261,39,1,0
BRDA:263,40,0,0
BRDA:263,40,1,0
BRDA:284,41,0,0
BRDA:284,41,1,0
BRDA:287,42,0,0
BRDA:287,42,1,0
BRDA:287,43,0,0
BRDA:287,43,1,0
BRDA:290,44,0,0
BRDA:290,44,1,0
BRDA:294,45,0,0
BRDA:294,45,1,0
BRDA:297,46,0,0
BRDA:297,46,1,0
BRDA:301,47,0,0
BRDA:301,47,1,0
BRDA:324,48,0,0
BRDA:324,48,1,0
BRDA:327,49,0,0
BRDA:327,49,1,0
BRDA:333,50,0,0
BRDA:333,50,1,0
BRDA:333,51,0,0
BRDA:333,51,1,0
BRDA:337,52,0,0
BRDA:337,52,1,0
BRDA:337,53,0,0
BRDA:337,53,1,0
BRDA:352,54,0,0
BRDA:352,54,1,0
BRDA:360,55,0,0
BRDA:360,55,1,0
BRDA:366,56,0,0
BRDA:366,56,1,0
BRDA:366,57,0,0
BRDA:366,57,1,0
BRDA:366,57,2,0
BRDA:384,58,0,0
BRDA:384,58,1,0
BRDA:509,59,0,0
BRDA:509,59,1,0
BRDA:517,60,0,0
BRDA:517,60,1,0
BRDA:517,61,0,0
BRDA:517,61,1,0
BRDA:524,62,0,0
BRDA:524,62,1,0
BRDA:535,63,0,0
BRDA:535,63,1,0
BRDA:573,64,0,0
BRDA:573,64,1,0
BRDA:636,65,0,0
BRDA:637,66,0,0
BRDA:638,67,0,0
BRDA:640,68,0,0
BRDA:640,68,1,0
BRDA:640,69,0,0
BRDA:640,69,1,0
BRDA:641,70,0,0
BRDA:641,70,1,0
BRDA:641,71,0,0
BRDA:641,71,1,0
BRDA:677,72,0,0
BRDA:683,73,0,0
BRDA:683,73,1,0
BRF:146
BRH:24
end_of_record
TN:
SF:src\daos\users.dao.js
FN:3,(anonymous_0)
FN:7,(anonymous_1)
FN:11,(anonymous_2)
FN:15,(anonymous_3)
FN:30,(anonymous_4)
FN:41,(anonymous_5)
FN:57,(anonymous_6)
FN:65,(anonymous_7)
FN:74,(anonymous_8)
FN:98,(anonymous_9)
FN:105,(anonymous_10)
FN:112,(anonymous_11)
FN:116,(anonymous_12)
FN:121,(anonymous_13)
FN:125,(anonymous_14)
FNF:15
FNH:6
FNDA:1,(anonymous_0)
FNDA:0,(anonymous_1)
FNDA:1,(anonymous_2)
FNDA:2,(anonymous_3)
FNDA:2,(anonymous_4)
FNDA:1,(anonymous_5)
FNDA:1,(anonymous_6)
FNDA:0,(anonymous_7)
FNDA:0,(anonymous_8)
FNDA:0,(anonymous_9)
FNDA:0,(anonymous_10)
FNDA:0,(anonymous_11)
FNDA:0,(anonymous_12)
FNDA:0,(anonymous_13)
FNDA:0,(anonymous_14)
DA:3,8
DA:4,1
DA:7,8
DA:8,0
DA:11,8
DA:12,1
DA:15,8
DA:16,2
DA:18,2
DA:20,2
DA:21,0
DA:24,2
DA:25,2
DA:27,2
DA:30,8
DA:31,2
DA:32,2
DA:33,2
DA:34,2
DA:41,8
DA:42,1
DA:44,1
DA:46,1
DA:47,1
DA:48,0
DA:51,1
DA:52,1
DA:54,1
DA:57,8
DA:58,1
DA:65,8
DA:66,0
DA:74,8
DA:75,0
DA:76,0
DA:78,0
DA:79,0
DA:85,0
DA:90,0
DA:91,0
DA:98,8
DA:99,0
DA:105,8
DA:106,0
DA:112,8
DA:113,0
DA:116,8
DA:117,0
DA:121,8
DA:122,0
DA:125,8
DA:126,0
DA:127,0
DA:128,0
DA:129,0
DA:136,0
DA:137,0
DA:138,0
DA:140,0
DA:142,0
DA:144,0
DA:145,0
LF:62
LH:35
BRDA:18,0,0,0
BRDA:18,0,1,2
BRDA:20,1,0,0
BRDA:20,1,1,2
BRDA:32,2,0,0
BRDA:32,2,1,2
BRDA:44,3,0,0
BRDA:44,3,1,1
BRDA:47,4,0,0
BRDA:47,4,1,1
BRDA:78,5,0,0
BRDA:78,5,1,0
BRDA:128,6,0,0
BRDA:128,6,1,0
BRDA:136,7,0,0
BRDA:136,7,1,0
BRF:16
BRH:5
end_of_record
TN:
SF:src\helpers\chatbot.helper.js
FN:1,(anonymous_0)
FN:5,(anonymous_1)
FN:12,(anonymous_2)
FN:28,(anonymous_3)
FNF:4
FNH:0
FNDA:0,(anonymous_0)
FNDA:0,(anonymous_1)
FNDA:0,(anonymous_2)
FNDA:0,(anonymous_3)
DA:1,4
DA:2,0
DA:5,4
DA:6,0
DA:7,0
DA:10,0
DA:11,0
DA:13,0
DA:14,0
DA:16,0
DA:17,0
DA:19,0
DA:25,0
DA:28,4
DA:29,0
DA:30,0
DA:32,0
DA:33,0
DA:34,0
DA:38,0
DA:39,0
DA:40,0
DA:42,0
DA:44,0
LF:24
LH:3
BRDA:6,0,0,0
BRDA:6,0,1,0
BRDA:10,1,0,0
BRDA:10,1,1,0
BRDA:13,2,0,0
BRDA:13,2,1,0
BRDA:16,3,0,0
BRDA:16,3,1,0
BRDA:16,4,0,0
BRDA:16,4,1,0
BRDA:33,5,0,0
BRDA:33,5,1,0
BRF:12
BRH:0
end_of_record
TN:
SF:src\helpers\graph.helper.js
FN:41,(anonymous_0)
FN:60,(anonymous_1)
FN:71,(anonymous_2)
FN:72,(anonymous_3)
FN:87,(anonymous_4)
FN:99,(anonymous_5)
FN:123,(anonymous_6)
FN:142,(anonymous_7)
FNF:8
FNH:3
FNDA:0,(anonymous_0)
FNDA:4,(anonymous_1)
FNDA:4,(anonymous_2)
FNDA:0,(anonymous_3)
FNDA:0,(anonymous_4)
FNDA:0,(anonymous_5)
FNDA:0,(anonymous_6)
FNDA:4,(anonymous_7)
DA:22,4
DA:40,4
DA:42,0
DA:43,0
DA:44,0
DA:45,0
DA:47,0
DA:60,4
DA:61,4
DA:71,4
DA:72,4
DA:75,0
DA:80,0
DA:83,0
DA:87,4
DA:88,0
DA:90,0
DA:91,0
DA:94,0
DA:98,0
DA:100,0
DA:102,0
DA:103,0
DA:110,0
DA:112,0
DA:120,0
DA:123,4
DA:125,0
DA:127,0
DA:130,0
DA:131,0
DA:135,0
DA:142,4
DA:143,4
DA:144,4
DA:146,4
DA:154,4
DA:155,4
DA:157,4
LF:39
LH:15
BRDA:90,0,0,0
BRDA:90,0,1,0
BRDA:102,1,0,0
BRDA:102,1,1,0
BRDA:125,2,0,0
BRDA:125,2,1,0
BRDA:130,3,0,0
BRDA:130,3,1,0
BRF:8
BRH:0
end_of_record
TN:
SF:src\helpers\notification.helper.js
FN:15,(anonymous_0)
FN:33,(anonymous_1)
FN:51,(anonymous_2)
FN:69,(anonymous_3)
FN:87,(anonymous_4)
FN:105,(anonymous_5)
FN:123,(anonymous_6)
FN:141,(anonymous_7)
FN:159,(anonymous_8)
FN:177,(anonymous_9)
FN:195,(anonymous_10)
FN:213,(anonymous_11)
FN:231,(anonymous_12)
FN:249,(anonymous_13)
FN:264,(anonymous_14)
FN:265,(anonymous_15)
FN:281,(anonymous_16)
FN:295,(anonymous_17)
FN:325,(anonymous_18)
FN:336,(anonymous_19)
FNF:20
FNH:0
FNDA:0,(anonymous_0)
FNDA:0,(anonymous_1)
FNDA:0,(anonymous_2)
FNDA:0,(anonymous_3)
FNDA:0,(anonymous_4)
FNDA:0,(anonymous_5)
FNDA:0,(anonymous_6)
FNDA:0,(anonymous_7)
FNDA:0,(anonymous_8)
FNDA:0,(anonymous_9)
FNDA:0,(anonymous_10)
FNDA:0,(anonymous_11)
FNDA:0,(anonymous_12)
FNDA:0,(anonymous_13)
FNDA:0,(anonymous_14)
FNDA:0,(anonymous_15)
FNDA:0,(anonymous_16)
FNDA:0,(anonymous_17)
FNDA:0,(anonymous_18)
FNDA:0,(anonymous_19)
DA:15,8
DA:16,0
DA:33,8
DA:34,0
DA:51,8
DA:52,0
DA:69,8
DA:70,0
DA:87,8
DA:88,0
DA:105,8
DA:106,0
DA:123,8
DA:124,0
DA:141,8
DA:142,0
DA:159,8
DA:160,0
DA:177,8
DA:178,0
DA:195,8
DA:196,0
DA:213,8
DA:214,0
DA:231,8
DA:232,0
DA:249,8
DA:250,0
DA:264,8
DA:265,0
DA:278,0
DA:281,8
DA:282,0
DA:284,0
DA:289,0
DA:295,8
DA:296,0
DA:298,0
DA:299,0
DA:306,0
DA:307,0
DA:315,0
DA:317,0
DA:325,8
DA:326,0
DA:328,0
DA:336,8
DA:337,0
DA:339,0
DA:340,0
DA:347,0
LF:51
LH:19
BRDA:203,0,0,0
BRDA:203,0,1,0
BRDA:281,1,0,0
BRDA:282,2,0,0
BRDA:282,3,0,0
BRDA:282,4,0,0
BRDA:298,5,0,0
BRDA:298,5,1,0
BRDA:306,6,0,0
BRDA:306,6,1,0
BRDA:331,7,0,0
BRDA:331,7,1,0
BRDA:339,8,0,0
BRDA:339,8,1,0
BRF:14
BRH:0
end_of_record
TN:
SF:src\helpers\productEmbedding.helper.js
FN:9,(anonymous_0)
FN:18,(anonymous_1)
FN:35,(anonymous_2)
FN:45,(anonymous_3)
FNF:4
FNH:0
FNDA:0,(anonymous_0)
FNDA:0,(anonymous_1)
FNDA:0,(anonymous_2)
FNDA:0,(anonymous_3)
DA:4,4
DA:9,4
DA:10,0
DA:11,0
DA:14,0
DA:15,0
DA:18,4
DA:19,0
DA:26,0
DA:27,0
DA:28,0
DA:29,0
DA:32,0
DA:35,4
DA:36,0
DA:37,0
DA:39,0
DA:45,4
DA:46,0
DA:47,0
DA:48,0
DA:52,0
LF:22
LH:5
BRDA:9,0,0,0
BRDA:10,1,0,0
BRDA:10,1,1,0
BRDA:10,2,0,0
BRDA:10,2,1,0
BRDA:15,3,0,0
BRDA:15,3,1,0
BRDA:18,4,0,0
BRDA:26,5,0,0
BRDA:26,5,1,0
BRDA:27,6,0,0
BRDA:27,6,1,0
BRDA:28,7,0,0
BRDA:28,7,1,0
BRDA:29,8,0,0
BRDA:29,8,1,0
BRDA:35,9,0,0
BRDA:45,10,0,0
BRDA:46,11,0,0
BRDA:46,11,1,0
BRDA:47,12,0,0
BRDA:47,12,1,0
BRF:22
BRH:0
end_of_record
TN:
SF:src\helpers\user.helper.js
FN:7,(anonymous_0)
FN:43,(anonymous_1)
FNF:2
FNH:0
FNDA:0,(anonymous_0)
FNDA:0,(anonymous_1)
DA:7,9
DA:8,0
DA:9,0
DA:10,0
DA:16,0
DA:20,0
DA:32,0
DA:33,0
DA:40,0
DA:43,9
DA:44,0
DA:45,0
DA:47,0
DA:48,0
DA:55,0
DA:56,0
DA:64,0
DA:69,0
DA:71,0
DA:72,0
DA:79,0
DA:80,0
DA:82,0
DA:83,0
DA:85,0
DA:87,0
DA:99,0
DA:102,0
DA:109,0
DA:110,0
LF:30
LH:2
BRDA:9,0,0,0
BRDA:9,0,1,0
BRDA:47,1,0,0
BRDA:47,1,1,0
BRDA:55,2,0,0
BRDA:55,2,1,0
BRDA:69,3,0,0
BRDA:69,3,1,0
BRDA:71,4,0,0
BRDA:71,4,1,0
BRDA:83,5,0,0
BRDA:83,5,1,0
BRDA:85,6,0,0
BRDA:85,6,1,0
BRF:14
BRH:0
end_of_record
TN:
SF:src\middlewares\error.middleware.js
FN:3,(anonymous_0)
FNF:1
FNH:0
FNDA:0,(anonymous_0)
DA:3,5
DA:4,0
DA:5,0
DA:6,0
DA:7,0
DA:8,0
DA:9,0
DA:12,0
DA:25,0
DA:28,0
DA:29,0
DA:30,0
DA:31,0
DA:32,0
DA:33,0
DA:35,0
DA:36,0
DA:37,0
DA:40,0
DA:41,0
DA:45,0
LF:21
LH:1
BRDA:4,0,0,0
BRDA:4,0,1,0
BRDA:4,0,2,0
BRDA:5,1,0,0
BRDA:5,1,1,0
BRDA:9,2,0,0
BRDA:9,2,1,0
BRDA:18,3,0,0
BRDA:18,3,1,0
BRDA:19,4,0,0
BRDA:19,4,1,0
BRDA:35,5,0,0
BRDA:35,5,1,0
BRDA:40,6,0,0
BRDA:40,6,1,0
BRDA:52,7,0,0
BRDA:52,7,1,0
BRF:17
BRH:0
end_of_record
TN:
SF:src\middlewares\protect.js
FN:3,(anonymous_0)
FN:12,(anonymous_1)
FN:22,(anonymous_2)
FN:34,(anonymous_3)
FN:35,(anonymous_4)
FNF:5
FNH:5
FNDA:9,(anonymous_0)
FNDA:9,(anonymous_1)
FNDA:13,(anonymous_2)
FNDA:13,(anonymous_3)
FNDA:5,(anonymous_4)
DA:3,5
DA:5,9
DA:7,9
DA:8,0
DA:9,0
DA:12,9
DA:13,9
DA:14,3
DA:15,3
DA:17,6
DA:18,6
DA:22,5
DA:23,13
DA:25,13
DA:26,5
DA:30,8
DA:31,8
DA:34,5
DA:35,13
DA:37,5
DA:38,4
DA:43,1
LF:22
LH:20
BRDA:7,0,0,0
BRDA:7,0,1,9
BRDA:13,1,0,3
BRDA:13,1,1,6
BRDA:25,2,0,5
BRDA:25,2,1,8
BRDA:37,3,0,4
BRDA:37,3,1,1
BRF:8
BRH:7
end_of_record
TN:
SF:src\middlewares\upload.js
FN:6,(anonymous_0)
FN:60,(anonymous_1)
FN:93,(anonymous_2)
FN:103,(anonymous_3)
FN:104,(anonymous_4)
FN:111,(anonymous_5)
FN:144,(anonymous_6)
FN:149,(anonymous_7)
FN:181,(anonymous_8)
FN:186,(anonymous_9)
FNF:10
FNH:0
FNDA:0,(anonymous_0)
FNDA:0,(anonymous_1)
FNDA:0,(anonymous_2)
FNDA:0,(anonymous_3)
FNDA:0,(anonymous_4)
FNDA:0,(anonymous_5)
FNDA:0,(anonymous_6)
FNDA:0,(anonymous_7)
FNDA:0,(anonymous_8)
FNDA:0,(anonymous_9)
DA:6,4
DA:7,0
DA:8,0
DA:56,4
DA:58,4
DA:60,4
DA:61,0
DA:62,0
DA:63,0
DA:64,0
DA:69,0
DA:70,0
DA:75,0
DA:76,0
DA:83,0
DA:84,0
DA:90,0
DA:93,4
DA:94,0
DA:96,0
DA:99,0
DA:101,0
DA:103,0
DA:104,0
DA:105,0
DA:112,0
DA:113,0
DA:116,0
DA:120,0
DA:128,0
DA:129,0
DA:135,0
DA:142,0
DA:143,0
DA:144,0
DA:145,0
DA:148,0
DA:149,0
DA:155,0
DA:156,0
DA:162,0
DA:168,0
DA:169,0
DA:174,0
DA:180,0
DA:181,0
DA:182,0
DA:185,0
DA:186,0
DA:195,0
DA:197,0
LF:51
LH:5
BRDA:7,0,0,0
BRDA:7,0,1,0
BRDA:61,1,0,0
BRDA:61,1,1,0
BRDA:63,2,0,0
BRDA:63,2,1,0
BRDA:69,3,0,0
BRDA:69,3,1,0
BRDA:75,4,0,0
BRDA:75,4,1,0
BRDA:83,5,0,0
BRDA:83,5,1,0
BRDA:96,6,0,0
BRDA:96,6,1,0
BRDA:96,6,2,0
BRDA:99,7,0,0
BRDA:99,7,1,0
BRDA:103,8,0,0
BRDA:112,9,0,0
BRDA:112,9,1,0
BRDA:128,10,0,0
BRDA:128,10,1,0
BRDA:142,11,0,0
BRDA:142,11,1,0
BRDA:143,12,0,0
BRDA:143,12,1,0
BRDA:155,13,0,0
BRDA:155,13,1,0
BRDA:168,14,0,0
BRDA:168,14,1,0
BRDA:180,15,0,0
BRDA:180,15,1,0
BRDA:189,16,0,0
BRDA:189,16,1,0
BRDA:190,17,0,0
BRDA:190,17,1,0
BRF:36
BRH:0
end_of_record
TN:
SF:src\models\Admins.js
FNF:0
FNH:0
DA:3,8
LF:1
LH:1
BRF:0
BRH:0
end_of_record
TN:
SF:src\models\Complaints.js
FN:107,(anonymous_0)
FNF:1
FNH:0
FNDA:0,(anonymous_0)
DA:3,5
DA:107,5
DA:108,0
DA:109,0
DA:112,5
DA:113,5
DA:114,5
DA:115,5
DA:116,5
LF:9
LH:7
BRF:0
BRH:0
end_of_record
TN:
SF:src\models\Contact.js
FNF:0
FNH:0
DA:3,5
DA:20,5
LF:2
LH:2
BRF:0
BRH:0
end_of_record
TN:
SF:src\models\Managers.js
FNF:0
FNH:0
DA:3,4
LF:1
LH:1
BRF:0
BRH:0
end_of_record
TN:
SF:src\models\Messages.js
FNF:0
FNH:0
DA:3,5
DA:18,5
LF:2
LH:2
BRF:0
BRH:0
end_of_record
TN:
SF:src\models\Notifications.js
FNF:0
FNH:0
DA:3,8
DA:107,8
DA:108,8
DA:111,8
LF:4
LH:4
BRF:0
BRH:0
end_of_record
TN:
SF:src\models\Orders.js
FN:93,(anonymous_0)
FN:116,postSavePaidHook
FN:120,postUpdatePaidHook
FNF:3
FNH:2
FNDA:7,(anonymous_0)
FNDA:7,postSavePaidHook
FNDA:0,postUpdatePaidHook
DA:4,9
DA:93,9
DA:94,7
DA:95,7
DA:96,6
DA:97,0
DA:99,0
DA:100,0
DA:101,0
DA:102,0
DA:104,0
DA:105,0
DA:106,0
DA:107,0
DA:111,0
DA:112,0
DA:113,0
DA:116,9
DA:117,7
DA:120,9
DA:121,0
LF:21
LH:8
BRDA:94,0,0,0
BRDA:94,0,1,7
BRDA:95,1,0,1
BRDA:95,1,1,6
BRDA:96,2,0,6
BRDA:96,2,1,0
BRDA:97,3,0,0
BRDA:97,3,1,0
BRDA:99,4,0,0
BRDA:99,4,1,0
BRDA:101,5,0,0
BRDA:101,5,1,0
BRDA:102,6,0,0
BRDA:102,6,1,0
BRDA:104,7,0,0
BRDA:104,7,1,0
BRDA:106,8,0,0
BRDA:106,8,1,0
BRDA:107,9,0,0
BRDA:107,9,1,0
BRF:20
BRH:4
end_of_record
TN:
SF:src\models\Payment.js
FNF:0
FNH:0
DA:3,8
LF:1
LH:1
BRF:0
BRH:0
end_of_record
TN:
SF:src\models\PendingPayouts.js
FNF:0
FNH:0
DA:3,6
DA:51,6
DA:52,6
LF:3
LH:3
BRF:0
BRH:0
end_of_record
TN:
SF:src\models\PendingUser.js
FNF:0
FNH:0
DA:3,4
LF:1
LH:1
BRF:0
BRH:0
end_of_record
TN:
SF:src\models\Products.js
FNF:0
FNH:0
DA:3,9
DA:143,9
LF:2
LH:2
BRF:0
BRH:0
end_of_record
TN:
SF:src\models\Users.js
FN:52,(anonymous_0)
FNF:1
FNH:0
FNDA:0,(anonymous_0)
DA:4,9
DA:52,9
DA:53,0
DA:54,0
DA:56,0
DA:61,0
LF:6
LH:2
BRDA:54,0,0,0
BRDA:54,0,1,0
BRF:2
BRH:0
end_of_record
TN:
SF:src\routes\admin.router.js
FNF:0
FNH:0
DA:5,4
DA:8,4
DA:9,4
DA:10,4
DA:12,4
DA:13,4
DA:14,4
DA:15,4
DA:16,4
DA:17,4
DA:18,4
LF:11
LH:11
BRF:0
BRH:0
end_of_record
TN:
SF:src\routes\anyone.router.js
FNF:0
FNH:0
DA:8,5
DA:10,5
DA:11,5
DA:12,5
LF:4
LH:4
BRF:0
BRH:0
end_of_record
TN:
SF:src\routes\auth.router.js
FNF:0
FNH:0
DA:18,4
DA:20,4
DA:21,4
DA:22,4
DA:23,4
DA:24,4
DA:25,4
DA:26,4
DA:27,4
LF:9
LH:9
BRF:0
BRH:0
end_of_record
TN:
SF:src\routes\chat.router.js
FNF:0
FNH:0
DA:14,4
DA:16,4
DA:17,4
DA:20,4
DA:21,4
DA:24,4
DA:25,4
LF:7
LH:7
BRF:0
BRH:0
end_of_record
TN:
SF:src\routes\chatbot.router.js
FNF:0
FNH:0
DA:7,4
DA:9,4
DA:10,4
DA:11,4
LF:4
LH:4
BRF:0
BRH:0
end_of_record
TN:
SF:src\routes\manager.router.js
FNF:0
FNH:0
DA:16,4
DA:18,4
DA:19,4
DA:20,4
DA:22,4
DA:23,4
DA:24,4
DA:25,4
DA:26,4
LF:9
LH:9
BRF:0
BRH:0
end_of_record
TN:
SF:src\routes\user.router.js
FNF:0
FNH:0
DA:60,4
DA:63,4
DA:64,4
DA:65,4
DA:67,4
DA:68,4
DA:69,4
DA:71,4
DA:72,4
DA:74,4
DA:75,4
DA:76,4
DA:78,4
DA:79,4
DA:80,4
DA:81,4
DA:87,4
DA:88,4
DA:89,4
DA:90,4
DA:91,4
DA:92,4
DA:93,4
DA:95,4
DA:96,4
DA:98,4
DA:99,4
DA:100,4
DA:101,4
DA:102,4
DA:103,4
DA:104,4
DA:105,4
DA:108,4
DA:109,4
DA:110,4
DA:111,4
DA:116,4
DA:118,4
DA:119,4
DA:120,4
DA:121,4
DA:122,4
DA:123,4
DA:124,4
DA:125,4
DA:126,4
DA:127,4
DA:128,4
DA:130,4
DA:137,4
DA:139,4
DA:141,4
DA:142,4
DA:143,4
DA:144,4
LF:56
LH:56
BRF:0
BRH:0
end_of_record
TN:
SF:src\services\admin.service.js
FN:49,(anonymous_0)
FN:69,(anonymous_1)
FN:73,(anonymous_2)
FN:97,(anonymous_3)
FN:119,(anonymous_4)
FN:182,(anonymous_5)
FN:222,(anonymous_6)
FN:254,(anonymous_7)
FN:278,(anonymous_8)
FN:285,(anonymous_9)
FN:309,(anonymous_10)
FN:332,(anonymous_11)
FN:333,(anonymous_12)
FN:336,(anonymous_13)
FN:345,(anonymous_14)
FN:350,(anonymous_15)
FN:355,(anonymous_16)
FN:361,(anonymous_17)
FN:367,(anonymous_18)
FN:376,(anonymous_19)
FNF:20
FNH:19
FNDA:2,(anonymous_0)
FNDA:0,(anonymous_1)
FNDA:2,(anonymous_2)
FNDA:3,(anonymous_3)
FNDA:2,(anonymous_4)
FNDA:1,(anonymous_5)
FNDA:1,(anonymous_6)
FNDA:1,(anonymous_7)
FNDA:2,(anonymous_8)
FNDA:1,(anonymous_9)
FNDA:1,(anonymous_10)
FNDA:1,(anonymous_11)
FNDA:2,(anonymous_12)
FNDA:1,(anonymous_13)
FNDA:1,(anonymous_14)
FNDA:1,(anonymous_15)
FNDA:1,(anonymous_16)
FNDA:1,(anonymous_17)
FNDA:1,(anonymous_18)
FNDA:1,(anonymous_19)
DA:49,5
DA:50,2
DA:51,2
DA:53,2
DA:54,1
DA:57,1
DA:63,0
DA:64,0
DA:69,5
DA:70,0
DA:73,5
DA:74,2
DA:75,2
DA:76,1
DA:79,1
DA:81,1
DA:82,0
DA:85,1
DA:92,0
DA:93,0
DA:97,5
DA:98,3
DA:99,3
DA:100,1
DA:103,2
DA:104,2
DA:105,1
DA:108,1
DA:109,1
DA:115,0
DA:116,0
DA:119,5
DA:120,2
DA:121,2
DA:122,1
DA:125,1
DA:127,1
DA:128,1
DA:131,0
DA:138,0
DA:139,0
DA:182,5
DA:183,1
DA:200,1
DA:218,1
DA:222,1
DA:246,0
DA:247,0
DA:254,5
DA:255,1
DA:266,1
DA:278,2
DA:280,1
DA:285,1
DA:303,0
DA:304,0
DA:309,5
DA:310,1
DA:320,1
DA:332,1
DA:333,2
DA:336,1
DA:342,1
DA:345,1
DA:350,1
DA:355,1
DA:361,1
DA:367,1
DA:376,1
DA:393,0
DA:394,0
LF:71
LH:54
BRDA:53,0,0,1
BRDA:53,0,1,1
BRDA:75,1,0,1
BRDA:75,1,1,1
BRDA:81,2,0,0
BRDA:81,2,1,1
BRDA:99,3,0,1
BRDA:99,3,1,2
BRDA:99,4,0,3
BRDA:99,4,1,2
BRDA:99,4,2,2
BRDA:104,5,0,1
BRDA:104,5,1,1
BRDA:121,6,0,1
BRDA:121,6,1,1
BRDA:127,7,0,1
BRDA:127,7,1,0
BRDA:224,8,0,1
BRDA:224,8,1,0
BRDA:225,9,0,1
BRDA:225,9,1,0
BRDA:278,10,0,2
BRDA:278,10,1,0
BRDA:287,11,0,1
BRDA:287,11,1,0
BRDA:287,11,2,0
BRDA:288,12,0,1
BRDA:288,12,1,0
BRDA:288,12,2,0
BRDA:332,13,0,1
BRDA:332,13,1,0
BRDA:333,14,0,1
BRDA:333,14,1,0
BRDA:346,15,0,1
BRDA:346,15,1,0
BRDA:351,16,0,1
BRDA:351,16,1,0
BRDA:378,17,0,1
BRDA:378,17,1,0
BRDA:378,17,2,0
BRDA:379,18,0,1
BRDA:379,18,1,0
BRDA:379,18,2,0
BRDA:383,19,0,1
BRDA:383,19,1,0
BRDA:384,20,0,1
BRDA:384,20,1,0
BRDA:385,21,0,1
BRDA:385,21,1,0
BRDA:386,22,0,1
BRDA:386,22,1,0
BRDA:387,23,0,1
BRDA:387,23,1,0
BRDA:388,24,0,1
BRDA:388,24,1,1
BRF:55
BRH:33
end_of_record
TN:
SF:src\services\anyone.service.js
FN:11,(anonymous_0)
FN:21,(anonymous_1)
FN:39,(anonymous_2)
FNF:3
FNH:3
FNDA:1,(anonymous_0)
FNDA:1,(anonymous_1)
FNDA:2,(anonymous_2)
DA:11,5
DA:12,1
DA:13,1
DA:14,1
DA:21,5
DA:22,1
DA:24,1
DA:25,1
DA:31,0
DA:39,5
DA:40,2
DA:47,2
DA:48,0
DA:51,2
DA:52,1
DA:55,2
DA:56,1
DA:59,2
DA:60,0
DA:61,0
DA:62,0
DA:65,2
DA:66,0
DA:69,2
DA:71,2
DA:72,1
DA:74,1
DA:75,0
DA:78,1
DA:79,1
DA:80,1
DA:81,1
DA:89,1
LF:33
LH:26
BRDA:24,0,0,1
BRDA:24,0,1,0
BRDA:47,1,0,0
BRDA:47,1,1,2
BRDA:51,2,0,1
BRDA:51,2,1,1
BRDA:55,3,0,1
BRDA:55,3,1,1
BRDA:59,4,0,0
BRDA:59,4,1,2
BRDA:59,5,0,2
BRDA:59,5,1,2
BRDA:61,6,0,0
BRDA:61,6,1,0
BRDA:62,7,0,0
BRDA:62,7,1,0
BRDA:65,8,0,0
BRDA:65,8,1,2
BRDA:69,9,0,2
BRDA:69,9,1,1
BRDA:71,10,0,1
BRDA:71,10,1,1
BRDA:74,11,0,0
BRDA:74,11,1,1
BRDA:74,12,0,1
BRDA:74,12,1,1
BRF:26
BRH:17
end_of_record
TN:
SF:src\services\auth.service.js
FN:26,(anonymous_0)
FN:64,(anonymous_1)
FN:74,(anonymous_2)
FN:95,(anonymous_3)
FN:104,(anonymous_4)
FN:208,(anonymous_5)
FN:270,(anonymous_6)
FN:305,(anonymous_7)
FN:337,(anonymous_8)
FN:404,(anonymous_9)
FNF:10
FNH:8
FNDA:0,(anonymous_0)
FNDA:2,(anonymous_1)
FNDA:2,(anonymous_2)
FNDA:1,(anonymous_3)
FNDA:2,(anonymous_4)
FNDA:4,(anonymous_5)
FNDA:4,(anonymous_6)
FNDA:4,(anonymous_7)
FNDA:3,(anonymous_8)
FNDA:0,(anonymous_9)
DA:26,5
DA:28,0
DA:29,0
DA:30,0
DA:31,0
DA:39,0
DA:42,0
DA:45,0
DA:46,0
DA:49,0
DA:50,0
DA:51,0
DA:54,0
DA:57,0
DA:64,5
DA:65,2
DA:74,5
DA:75,2
DA:76,2
DA:77,2
DA:78,2
DA:79,2
DA:81,2
DA:87,1
DA:90,1
DA:91,1
DA:95,5
DA:96,1
DA:101,1
DA:104,5
DA:105,2
DA:106,2
DA:108,2
DA:109,0
DA:111,0
DA:112,0
DA:113,0
DA:124,0
DA:133,2
DA:135,1
DA:141,1
DA:145,1
DA:147,1
DA:149,1
DA:160,1
DA:167,0
DA:168,0
DA:208,5
DA:209,4
DA:210,4
DA:211,4
DA:212,1
DA:219,3
DA:220,1
DA:226,2
DA:231,2
DA:270,5
DA:272,4
DA:273,4
DA:274,1
DA:281,3
DA:284,3
DA:285,1
DA:292,2
DA:298,2
DA:305,5
DA:306,4
DA:307,4
DA:308,4
DA:309,1
DA:316,3
DA:317,1
DA:324,2
DA:330,2
DA:337,5
DA:338,3
DA:339,2
DA:340,2
DA:341,0
DA:347,2
DA:348,2
DA:349,2
DA:350,2
DA:352,2
DA:358,1
DA:359,0
DA:360,0
DA:361,0
DA:367,0
DA:368,0
DA:369,0
DA:370,0
DA:376,1
DA:377,0
DA:378,0
DA:379,0
DA:385,0
DA:386,0
DA:387,0
DA:389,0
DA:395,1
DA:402,5
DA:404,5
DA:405,0
DA:406,0
DA:411,0
DA:413,0
DA:414,0
DA:421,0
DA:422,0
DA:429,0
DA:431,0
DA:432,0
DA:433,0
DA:434,0
DA:436,0
DA:446,0
DA:452,0
DA:459,0
DA:460,0
LF:120
LH:68
BRDA:29,0,0,0
BRDA:29,0,1,0
BRDA:108,1,0,0
BRDA:108,1,1,2
BRDA:111,2,0,0
BRDA:111,2,1,0
BRDA:133,3,0,1
BRDA:133,3,1,1
BRDA:211,4,0,1
BRDA:211,4,1,3
BRDA:219,5,0,1
BRDA:219,5,1,2
BRDA:273,6,0,1
BRDA:273,6,1,3
BRDA:284,7,0,1
BRDA:284,7,1,2
BRDA:308,8,0,1
BRDA:308,8,1,3
BRDA:316,9,0,1
BRDA:316,9,1,2
BRDA:338,10,0,2
BRDA:338,10,1,1
BRDA:340,11,0,0
BRDA:340,11,1,2
BRDA:358,12,0,0
BRDA:358,12,1,1
BRDA:360,13,0,0
BRDA:360,13,1,0
BRDA:376,14,0,0
BRDA:376,14,1,1
BRDA:378,15,0,0
BRDA:378,15,1,0
BRDA:413,16,0,0
BRDA:413,16,1,0
BRDA:421,17,0,0
BRDA:421,17,1,0
BRDA:431,18,0,0
BRDA:431,18,1,0
BRDA:432,19,0,0
BRDA:432,19,1,0
BRDA:441,20,0,0
BRDA:441,20,1,0
BRF:42
BRH:20
end_of_record
TN:
SF:src\services\buyer.service.js
FN:42,(anonymous_0)
FN:83,(anonymous_1)
FN:98,(anonymous_2)
FN:118,(anonymous_3)
FN:128,(anonymous_4)
FN:140,(anonymous_5)
FN:144,(anonymous_6)
FN:156,(anonymous_7)
FN:173,(anonymous_8)
FN:188,(anonymous_9)
FN:210,(anonymous_10)
FN:293,(anonymous_11)
FN:335,(anonymous_12)
FN:347,(anonymous_13)
FN:372,(anonymous_14)
FN:395,(anonymous_15)
FN:405,(anonymous_16)
FN:409,(anonymous_17)
FN:427,(anonymous_18)
FN:441,(anonymous_19)
FN:455,(anonymous_20)
FN:465,(anonymous_21)
FNF:22
FNH:5
FNDA:0,(anonymous_0)
FNDA:0,(anonymous_1)
FNDA:0,(anonymous_2)
FNDA:0,(anonymous_3)
FNDA:0,(anonymous_4)
FNDA:0,(anonymous_5)
FNDA:0,(anonymous_6)
FNDA:0,(anonymous_7)
FNDA:0,(anonymous_8)
FNDA:0,(anonymous_9)
FNDA:2,(anonymous_10)
FNDA:2,(anonymous_11)
FNDA:0,(anonymous_12)
FNDA:2,(anonymous_13)
FNDA:0,(anonymous_14)
FNDA:0,(anonymous_15)
FNDA:0,(anonymous_16)
FNDA:0,(anonymous_17)
FNDA:0,(anonymous_18)
FNDA:0,(anonymous_19)
FNDA:1,(anonymous_20)
FNDA:2,(anonymous_21)
DA:42,5
DA:44,0
DA:45,0
DA:47,0
DA:48,0
DA:49,0
DA:53,0
DA:55,0
DA:56,0
DA:63,0
DA:64,0
DA:67,0
DA:69,0
DA:70,0
DA:77,0
DA:83,5
DA:84,0
DA:86,0
DA:87,0
DA:88,0
DA:90,0
DA:91,0
DA:95,0
DA:98,5
DA:99,0
DA:101,0
DA:102,0
DA:103,0
DA:105,0
DA:111,0
DA:118,5
DA:119,0
DA:121,0
DA:128,5
DA:129,0
DA:130,0
DA:137,0
DA:140,5
DA:141,0
DA:144,5
DA:145,0
DA:146,0
DA:153,0
DA:156,5
DA:157,0
DA:158,0
DA:159,0
DA:165,0
DA:173,5
DA:174,0
DA:176,0
DA:177,0
DA:178,0
DA:180,0
DA:181,0
DA:185,0
DA:188,5
DA:189,0
DA:190,0
DA:191,0
DA:192,0
DA:198,0
DA:200,0
DA:207,0
DA:210,5
DA:211,2
DA:212,2
DA:217,2
DA:218,1
DA:225,1
DA:227,1
DA:228,0
DA:235,1
DA:236,0
DA:244,1
DA:250,1
DA:251,1
DA:252,1
DA:253,1
DA:259,0
DA:260,0
DA:263,0
DA:264,0
DA:265,0
DA:271,0
DA:273,0
DA:280,0
DA:281,0
DA:282,0
DA:283,0
DA:284,0
DA:286,0
DA:288,0
DA:289,0
DA:293,5
DA:294,2
DA:296,2
DA:297,2
DA:298,0
DA:301,2
DA:302,2
DA:303,0
DA:310,2
DA:311,1
DA:313,1
DA:314,1
DA:317,1
DA:320,1
DA:324,1
DA:325,0
DA:328,1
DA:335,5
DA:336,0
DA:337,0
DA:344,0
DA:347,5
DA:348,2
DA:350,2
DA:351,0
DA:356,0
DA:359,2
DA:360,1
DA:369,2
DA:372,5
DA:373,0
DA:374,0
DA:375,0
DA:376,0
DA:382,0
DA:383,0
DA:389,0
DA:390,0
DA:395,5
DA:396,0
DA:398,0
DA:405,5
DA:406,0
DA:409,5
DA:410,0
DA:411,0
DA:412,0
DA:418,0
DA:419,0
DA:427,5
DA:428,0
DA:429,0
DA:430,0
DA:433,0
DA:441,0
DA:450,0
DA:452,0
DA:455,5
DA:456,1
DA:457,1
DA:458,1
DA:460,0
DA:461,0
DA:465,5
DA:466,2
DA:467,2
DA:468,2
DA:469,1
DA:471,1
DA:473,0
DA:474,0
LF:165
LH:59
BRDA:48,0,0,0
BRDA:48,0,1,0
BRDA:55,1,0,0
BRDA:55,1,1,0
BRDA:55,2,0,0
BRDA:55,2,1,0
BRDA:63,3,0,0
BRDA:63,3,1,0
BRDA:69,4,0,0
BRDA:69,4,1,0
BRDA:86,5,0,0
BRDA:86,5,1,0
BRDA:87,6,0,0
BRDA:87,6,1,0
BRDA:90,7,0,0
BRDA:90,7,1,0
BRDA:101,8,0,0
BRDA:101,8,1,0
BRDA:102,9,0,0
BRDA:102,9,1,0
BRDA:129,10,0,0
BRDA:129,10,1,0
BRDA:145,11,0,0
BRDA:145,11,1,0
BRDA:158,12,0,0
BRDA:158,12,1,0
BRDA:176,13,0,0
BRDA:176,13,1,0
BRDA:177,14,0,0
BRDA:177,14,1,0
BRDA:180,15,0,0
BRDA:180,15,1,0
BRDA:191,16,0,0
BRDA:191,16,1,0
BRDA:211,17,0,2
BRDA:211,17,1,0
BRDA:217,18,0,1
BRDA:217,18,1,1
BRDA:227,19,0,0
BRDA:227,19,1,1
BRDA:235,20,0,0
BRDA:235,20,1,1
BRDA:260,21,0,0
BRDA:260,21,1,0
BRDA:260,21,2,0
BRDA:264,22,0,0
BRDA:264,22,1,0
BRDA:289,23,0,0
BRDA:289,23,1,0
BRDA:289,23,2,0
BRDA:297,24,0,0
BRDA:297,24,1,2
BRDA:302,25,0,0
BRDA:302,25,1,2
BRDA:302,26,0,2
BRDA:302,26,1,0
BRDA:310,27,0,1
BRDA:310,27,1,1
BRDA:313,28,0,1
BRDA:313,28,1,0
BRDA:324,29,0,0
BRDA:324,29,1,1
BRDA:336,30,0,0
BRDA:336,30,1,0
BRDA:350,31,0,0
BRDA:350,31,1,2
BRDA:359,32,0,1
BRDA:359,32,1,1
BRDA:359,33,0,2
BRDA:359,33,1,1
BRDA:375,34,0,0
BRDA:375,34,1,0
BRDA:382,35,0,0
BRDA:382,35,1,0
BRDA:411,36,0,0
BRDA:411,36,1,0
BRDA:427,37,0,0
BRDA:429,38,0,0
BRDA:429,38,1,0
BRDA:435,39,0,0
BRDA:435,39,1,0
BRDA:443,40,0,0
BRDA:443,40,1,0
BRDA:444,41,0,0
BRDA:444,41,1,0
BRDA:445,42,0,0
BRDA:445,42,1,0
BRDA:468,43,0,1
BRDA:468,43,1,1
BRF:89
BRH:19
end_of_record
TN:
SF:src\services\chat.service.js
FN:8,(anonymous_0)
FN:12,(anonymous_1)
FN:16,(anonymous_2)
FN:20,(anonymous_3)
FNF:4
FNH:4
FNDA:1,(anonymous_0)
FNDA:1,(anonymous_1)
FNDA:1,(anonymous_2)
FNDA:1,(anonymous_3)
DA:8,5
DA:9,1
DA:12,5
DA:13,1
DA:16,5
DA:17,1
DA:20,5
DA:21,1
LF:8
LH:8
BRF:0
BRH:0
end_of_record
TN:
SF:src\services\chatbot.service.js
FN:9,(anonymous_0)
FN:15,(anonymous_1)
FN:28,(anonymous_2)
FNF:3
FNH:2
FNDA:0,(anonymous_0)
FNDA:1,(anonymous_1)
FNDA:2,(anonymous_2)
DA:6,5
DA:7,5
DA:9,5
DA:10,0
DA:13,5
DA:15,5
DA:16,1
DA:18,1
DA:23,1
DA:24,1
DA:25,1
DA:28,5
DA:29,2
DA:30,1
DA:33,1
DA:34,1
LF:16
LH:15
BRDA:29,0,0,1
BRDA:29,0,1,1
BRDA:29,1,0,2
BRDA:29,1,1,1
BRF:4
BRH:4
end_of_record
TN:
SF:src\services\complaint.service.js
FN:10,(anonymous_0)
FN:49,(anonymous_1)
FN:62,(anonymous_2)
FN:75,(anonymous_3)
FNF:4
FNH:4
FNDA:4,(anonymous_0)
FNDA:1,(anonymous_1)
FNDA:1,(anonymous_2)
FNDA:1,(anonymous_3)
DA:10,5
DA:11,4
DA:13,4
DA:14,4
DA:15,1
DA:19,3
DA:20,1
DA:24,2
DA:26,2
DA:36,2
DA:38,2
DA:44,0
DA:45,0
DA:49,5
DA:50,1
DA:51,1
DA:52,1
DA:57,0
DA:58,0
DA:62,5
DA:63,1
DA:64,1
DA:65,0
DA:70,1
DA:71,1
DA:75,5
DA:76,1
DA:77,1
DA:78,1
DA:83,0
DA:84,0
LF:31
LH:24
BRDA:14,0,0,1
BRDA:14,0,1,3
BRDA:19,1,0,1
BRDA:19,1,1,2
BRDA:19,2,0,3
BRDA:19,2,1,2
BRDA:29,3,0,2
BRDA:29,3,1,1
BRDA:33,4,0,1
BRDA:33,4,1,1
BRF:10
BRH:10
end_of_record
TN:
SF:src\services\manager.service.js
FN:16,(anonymous_0)
FN:18,(anonymous_1)
FN:24,(anonymous_2)
FN:33,(anonymous_3)
FN:65,(anonymous_4)
FN:89,(anonymous_5)
FN:93,(anonymous_6)
FN:97,(anonymous_7)
FN:110,(anonymous_8)
FN:138,(anonymous_9)
FNF:10
FNH:8
FNDA:12,(anonymous_0)
FNDA:2,(anonymous_1)
FNDA:2,(anonymous_2)
FNDA:3,(anonymous_3)
FNDA:3,(anonymous_4)
FNDA:0,(anonymous_5)
FNDA:0,(anonymous_6)
FNDA:1,(anonymous_7)
FNDA:3,(anonymous_8)
FNDA:7,(anonymous_9)
DA:16,12
DA:18,5
DA:19,2
DA:20,0
DA:23,2
DA:24,2
DA:27,2
DA:33,5
DA:34,3
DA:35,0
DA:38,3
DA:39,1
DA:42,2
DA:43,0
DA:46,2
DA:47,2
DA:48,2
DA:49,0
DA:51,2
DA:54,0
DA:55,0
DA:56,0
DA:57,0
DA:59,0
DA:62,0
DA:65,5
DA:67,3
DA:68,3
DA:69,1
DA:71,2
DA:72,1
DA:79,1
DA:80,1
DA:86,1
DA:89,5
DA:90,0
DA:93,5
DA:94,0
DA:97,5
DA:98,1
DA:99,1
DA:100,1
DA:105,0
DA:106,0
DA:110,5
DA:111,3
DA:112,3
DA:113,3
DA:114,1
DA:118,2
DA:119,1
DA:126,1
DA:127,1
DA:133,0
DA:134,0
DA:138,5
DA:139,7
DA:140,7
DA:141,7
DA:142,1
DA:145,6
DA:146,0
DA:149,6
DA:150,6
DA:151,0
DA:152,0
DA:153,0
DA:157,6
DA:158,6
DA:161,6
DA:162,1
DA:165,5
DA:166,1
DA:175,4
DA:177,4
DA:178,1
DA:185,3
DA:186,3
DA:193,3
DA:194,1
DA:201,2
DA:203,2
DA:204,2
DA:205,2
DA:206,2
DA:208,2
DA:209,1
DA:216,1
DA:218,1
DA:219,1
DA:229,1
DA:230,1
DA:240,1
DA:241,1
DA:251,1
DA:252,1
DA:253,1
DA:256,1
DA:257,1
DA:258,1
DA:260,1
DA:276,1
DA:283,0
DA:284,0
LF:104
LH:82
BRDA:19,0,0,0
BRDA:19,0,1,2
BRDA:29,1,0,2
BRDA:29,1,1,0
BRDA:34,2,0,0
BRDA:34,2,1,3
BRDA:38,3,0,1
BRDA:38,3,1,2
BRDA:42,4,0,0
BRDA:42,4,1,2
BRDA:46,5,0,2
BRDA:46,5,1,0
BRDA:46,6,0,2
BRDA:46,6,1,2
BRDA:46,6,2,2
BRDA:48,7,0,0
BRDA:48,7,1,2
BRDA:54,8,0,0
BRDA:54,8,1,0
BRDA:54,9,0,0
BRDA:54,9,1,0
BRDA:54,9,2,0
BRDA:56,10,0,0
BRDA:56,10,1,0
BRDA:68,11,0,1
BRDA:68,11,1,2
BRDA:71,12,0,1
BRDA:71,12,1,1
BRDA:113,13,0,1
BRDA:113,13,1,2
BRDA:118,14,0,1
BRDA:118,14,1,1
BRDA:118,15,0,2
BRDA:118,15,1,2
BRDA:141,16,0,1
BRDA:141,16,1,6
BRDA:145,17,0,0
BRDA:145,17,1,6
BRDA:145,18,0,6
BRDA:145,18,1,6
BRDA:150,19,0,0
BRDA:150,19,1,6
BRDA:151,20,0,0
BRDA:151,20,1,0
BRDA:152,21,0,0
BRDA:152,21,1,0
BRDA:157,22,0,6
BRDA:157,22,1,0
BRDA:161,23,0,1
BRDA:161,23,1,5
BRDA:165,24,0,1
BRDA:165,24,1,4
BRDA:177,25,0,1
BRDA:177,25,1,3
BRDA:193,26,0,1
BRDA:193,26,1,2
BRDA:193,27,0,3
BRDA:193,27,1,3
BRDA:193,27,2,3
BRDA:205,28,0,2
BRDA:205,28,1,0
BRDA:206,29,0,2
BRDA:206,29,1,0
BRDA:208,30,0,1
BRDA:208,30,1,1
BRDA:208,31,0,2
BRDA:208,31,1,2
BRDA:208,31,2,2
BRDA:218,32,0,1
BRDA:218,32,1,0
BRDA:224,33,0,0
BRDA:224,33,1,1
BRDA:225,34,0,1
BRDA:225,34,1,0
BRDA:229,35,0,1
BRDA:229,35,1,0
BRDA:236,36,0,1
BRDA:236,36,1,0
BRDA:240,37,0,1
BRDA:240,37,1,0
BRDA:247,38,0,1
BRDA:247,38,1,0
BRDA:251,39,0,1
BRDA:251,39,1,0
BRDA:252,40,0,0
BRDA:252,40,1,1
BRF:86
BRH:55
end_of_record
TN:
SF:src\services\seller.service.js
FN:48,(anonymous_0)
FN:57,(anonymous_1)
FN:67,(anonymous_2)
FN:148,(anonymous_3)
FN:164,isAllowed
FN:202,(anonymous_5)
FN:238,(anonymous_6)
FN:319,(anonymous_7)
FN:340,(anonymous_8)
FN:344,(anonymous_9)
FN:393,(anonymous_10)
FN:421,(anonymous_11)
FN:425,(anonymous_12)
FN:433,(anonymous_13)
FN:494,(anonymous_14)
FN:526,(anonymous_15)
FN:571,(anonymous_16)
FN:575,(anonymous_17)
FN:579,(anonymous_18)
FN:587,(anonymous_19)
FN:614,(anonymous_20)
FN:624,(anonymous_21)
FN:643,(anonymous_22)
FN:685,(anonymous_23)
FN:713,(anonymous_24)
FN:737,(anonymous_25)
FN:781,(anonymous_26)
FN:793,(anonymous_27)
FN:794,(anonymous_28)
FN:799,(anonymous_29)
FN:800,(anonymous_30)
FN:812,(anonymous_31)
FN:818,(anonymous_32)
FN:826,(anonymous_33)
FN:836,(anonymous_34)
FN:837,(anonymous_35)
FN:870,(anonymous_36)
FN:885,(anonymous_37)
FN:905,(anonymous_38)
FN:906,(anonymous_39)
FN:909,(anonymous_40)
FN:910,(anonymous_41)
FN:913,(anonymous_42)
FN:914,(anonymous_43)
FN:919,(anonymous_44)
FNF:45
FNH:12
FNDA:0,(anonymous_0)
FNDA:0,(anonymous_1)
FNDA:0,(anonymous_2)
FNDA:3,(anonymous_3)
FNDA:3,isAllowed
FNDA:1,(anonymous_5)
FNDA:0,(anonymous_6)
FNDA:2,(anonymous_7)
FNDA:5,(anonymous_8)
FNDA:5,(anonymous_9)
FNDA:4,(anonymous_10)
FNDA:1,(anonymous_11)
FNDA:0,(anonymous_12)
FNDA:0,(anonymous_13)
FNDA:1,(anonymous_14)
FNDA:1,(anonymous_15)
FNDA:0,(anonymous_16)
FNDA:0,(anonymous_17)
FNDA:0,(anonymous_18)
FNDA:0,(anonymous_19)
FNDA:2,(anonymous_20)
FNDA:2,(anonymous_21)
FNDA:0,(anonymous_22)
FNDA:0,(anonymous_23)
FNDA:0,(anonymous_24)
FNDA:0,(anonymous_25)
FNDA:0,(anonymous_26)
FNDA:0,(anonymous_27)
FNDA:0,(anonymous_28)
FNDA:0,(anonymous_29)
FNDA:0,(anonymous_30)
FNDA:0,(anonymous_31)
FNDA:0,(anonymous_32)
FNDA:0,(anonymous_33)
FNDA:0,(anonymous_34)
FNDA:0,(anonymous_35)
FNDA:0,(anonymous_36)
FNDA:0,(anonymous_37)
FNDA:0,(anonymous_38)
FNDA:0,(anonymous_39)
FNDA:0,(anonymous_40)
FNDA:0,(anonymous_41)
FNDA:0,(anonymous_42)
FNDA:0,(anonymous_43)
FNDA:0,(anonymous_44)
DA:48,5
DA:50,5
DA:57,5
DA:58,0
DA:59,0
DA:61,0
DA:62,0
DA:64,0
DA:67,5
DA:68,0
DA:69,0
DA:77,0
DA:78,0
DA:86,0
DA:87,0
DA:95,0
DA:96,0
DA:104,0
DA:105,0
DA:113,0
DA:114,0
DA:122,0
DA:123,0
DA:131,0
DA:132,0
DA:140,0
DA:148,5
DA:165,3
DA:166,3
DA:168,3
DA:169,1
DA:170,1
DA:173,3
DA:187,3
DA:192,3
DA:193,3
DA:194,1
DA:196,2
DA:197,1
DA:202,1
DA:203,1
DA:205,1
DA:207,1
DA:223,1
DA:224,1
DA:225,1
DA:226,1
DA:229,0
DA:233,1
DA:234,1
DA:235,1
DA:238,5
DA:239,0
DA:241,0
DA:242,0
DA:243,0
DA:252,0
DA:253,0
DA:260,0
DA:262,0
DA:269,0
DA:270,0
DA:319,5
DA:320,2
DA:322,2
DA:323,1
DA:329,1
DA:331,1
DA:337,1
DA:340,5
DA:341,5
DA:342,5
DA:344,5
DA:345,5
DA:347,5
DA:348,1
DA:351,4
DA:352,4
DA:357,4
DA:358,1
DA:361,3
DA:363,3
DA:370,3
DA:371,3
DA:373,3
DA:374,3
DA:375,1
DA:383,1
DA:386,2
DA:388,0
DA:389,0
DA:393,5
DA:394,4
DA:396,4
DA:397,1
DA:400,3
DA:401,3
DA:402,1
DA:405,2
DA:406,2
DA:407,1
DA:410,1
DA:417,1
DA:421,5
DA:422,1
DA:425,5
DA:426,0
DA:427,0
DA:429,0
DA:430,0
DA:431,0
DA:433,0
DA:434,0
DA:435,0
DA:441,0
DA:442,0
DA:451,0
DA:452,0
DA:455,0
DA:456,0
DA:458,0
DA:465,0
DA:466,0
DA:469,0
DA:470,0
DA:485,0
DA:487,0
DA:489,0
DA:490,0
DA:494,5
DA:495,1
DA:496,1
DA:497,0
DA:503,0
DA:506,1
DA:507,0
DA:516,1
DA:523,1
DA:526,5
DA:527,1
DA:529,1
DA:530,0
DA:535,0
DA:537,1
DA:543,1
DA:571,5
DA:572,0
DA:575,5
DA:576,0
DA:579,5
DA:580,0
DA:587,5
DA:588,0
DA:589,0
DA:591,0
DA:592,0
DA:599,0
DA:606,0
DA:607,0
DA:614,5
DA:615,2
DA:616,2
DA:617,1
DA:619,1
DA:620,1
DA:624,5
DA:625,2
DA:627,2
DA:628,1
DA:635,1
DA:643,5
DA:644,0
DA:645,0
DA:646,0
DA:647,0
DA:654,0
DA:655,0
DA:656,0
DA:662,0
DA:663,0
DA:664,0
DA:665,0
DA:667,0
DA:668,0
DA:670,0
DA:682,0
DA:683,0
DA:685,0
DA:686,0
DA:688,0
DA:689,0
DA:690,0
DA:692,0
DA:696,0
DA:697,0
DA:700,0
DA:705,0
DA:709,0
DA:710,0
DA:711,0
DA:713,0
DA:714,0
DA:715,0
DA:717,0
DA:718,0
DA:719,0
DA:720,0
DA:722,0
DA:725,0
DA:726,0
DA:727,0
DA:728,0
DA:730,0
DA:733,0
DA:736,0
DA:737,0
DA:738,0
DA:739,0
DA:741,0
DA:744,0
DA:749,0
DA:772,0
DA:773,0
DA:781,5
DA:782,0
DA:783,0
DA:784,0
DA:786,0
DA:791,0
DA:793,0
DA:794,0
DA:797,0
DA:799,0
DA:800,0
DA:803,0
DA:804,0
DA:805,0
DA:811,0
DA:812,0
DA:813,0
DA:814,0
DA:817,0
DA:818,0
DA:819,0
DA:820,0
DA:821,0
DA:822,0
DA:823,0
DA:826,0
DA:827,0
DA:828,0
DA:829,0
DA:831,0
DA:834,0
DA:835,0
DA:836,0
DA:837,0
DA:839,0
DA:848,0
DA:854,0
DA:870,0
DA:885,0
DA:886,0
DA:887,0
DA:904,0
DA:905,0
DA:906,0
DA:908,0
DA:909,0
DA:910,0
DA:912,0
DA:913,0
DA:914,0
DA:916,0
DA:919,0
DA:930,0
DA:931,0
LF:277
LH:99
BRDA:48,0,0,0
BRDA:48,0,1,0
BRDA:58,1,0,0
BRDA:58,1,1,0
BRDA:61,2,0,0
BRDA:61,2,1,0
BRDA:68,3,0,0
BRDA:68,3,1,0
BRDA:77,4,0,0
BRDA:77,4,1,0
BRDA:86,5,0,0
BRDA:86,5,1,0
BRDA:95,6,0,0
BRDA:95,6,1,0
BRDA:104,7,0,0
BRDA:104,7,1,0
BRDA:113,8,0,0
BRDA:113,8,1,0
BRDA:122,9,0,0
BRDA:122,9,1,0
BRDA:131,10,0,0
BRDA:131,10,1,0
BRDA:168,11,0,1
BRDA:168,11,1,2
BRDA:168,12,0,3
BRDA:168,12,1,3
BRDA:168,12,2,2
BRDA:193,13,0,1
BRDA:193,13,1,2
BRDA:196,14,0,1
BRDA:196,14,1,1
BRDA:196,15,0,2
BRDA:196,15,1,2
BRDA:203,16,0,1
BRDA:203,16,1,0
BRDA:205,17,0,1
BRDA:205,17,1,0
BRDA:205,18,0,1
BRDA:205,18,1,0
BRDA:225,19,0,1
BRDA:225,19,1,0
BRDA:225,20,0,1
BRDA:225,20,1,1
BRDA:229,21,0,0
BRDA:229,21,1,0
BRDA:242,22,0,0
BRDA:242,22,1,0
BRDA:252,23,0,0
BRDA:252,23,1,0
BRDA:273,24,0,0
BRDA:273,24,1,0
BRDA:322,25,0,1
BRDA:322,25,1,1
BRDA:342,26,0,0
BRDA:342,26,1,5
BRDA:344,27,0,5
BRDA:344,27,1,0
BRDA:345,28,0,0
BRDA:345,28,1,5
BRDA:347,29,0,1
BRDA:347,29,1,4
BRDA:347,30,0,5
BRDA:347,30,1,4
BRDA:347,30,2,0
BRDA:351,31,0,4
BRDA:351,31,1,4
BRDA:352,32,0,2
BRDA:352,32,1,2
BRDA:357,33,0,1
BRDA:357,33,1,3
BRDA:357,34,0,4
BRDA:357,34,1,4
BRDA:357,34,2,2
BRDA:374,35,0,1
BRDA:374,35,1,2
BRDA:383,36,0,1
BRDA:383,36,1,0
BRDA:389,37,0,0
BRDA:389,37,1,0
BRDA:389,37,2,0
BRDA:396,38,0,1
BRDA:396,38,1,3
BRDA:401,39,0,1
BRDA:401,39,1,2
BRDA:406,40,0,1
BRDA:406,40,1,1
BRDA:421,41,0,0
BRDA:427,42,0,0
BRDA:427,42,1,0
BRDA:435,43,0,0
BRDA:435,43,1,0
BRDA:451,44,0,0
BRDA:451,44,1,0
BRDA:465,45,0,0
BRDA:465,45,1,0
BRDA:496,46,0,0
BRDA:496,46,1,1
BRDA:506,47,0,0
BRDA:506,47,1,1
BRDA:506,48,0,1
BRDA:506,48,1,0
BRDA:529,49,0,0
BRDA:529,49,1,1
BRDA:591,50,0,0
BRDA:591,50,1,0
BRDA:595,51,0,0
BRDA:595,51,1,0
BRDA:627,52,0,1
BRDA:627,52,1,1
BRDA:630,53,0,1
BRDA:630,53,1,0
BRDA:631,54,0,1
BRDA:631,54,1,0
BRDA:646,55,0,0
BRDA:646,55,1,0
BRDA:655,56,0,0
BRDA:655,56,1,0
BRDA:686,57,0,0
BRDA:686,57,1,0
BRDA:688,58,0,0
BRDA:688,58,1,0
BRDA:689,59,0,0
BRDA:689,59,1,0
BRDA:696,60,0,0
BRDA:696,60,1,0
BRDA:714,61,0,0
BRDA:714,61,1,0
BRDA:717,62,0,0
BRDA:717,62,1,0
BRDA:719,63,0,0
BRDA:719,63,1,0
BRDA:719,64,0,0
BRDA:719,64,1,0
BRDA:725,65,0,0
BRDA:725,65,1,0
BRDA:727,66,0,0
BRDA:727,66,1,0
BRDA:727,67,0,0
BRDA:727,67,1,0
BRDA:738,68,0,0
BRDA:738,68,1,0
BRDA:741,69,0,0
BRDA:741,69,1,0
BRDA:793,70,0,0
BRDA:793,70,1,0
BRDA:794,71,0,0
BRDA:794,71,1,0
BRDA:800,72,0,0
BRDA:800,72,1,0
BRDA:804,73,0,0
BRDA:804,73,1,0
BRDA:804,74,0,0
BRDA:804,74,1,0
BRDA:819,75,0,0
BRDA:819,75,1,0
BRDA:819,76,0,0
BRDA:819,76,1,0
BRDA:820,77,0,0
BRDA:820,77,1,0
BRDA:821,78,0,0
BRDA:821,78,1,0
BRDA:827,79,0,0
BRDA:827,79,1,0
BRDA:828,80,0,0
BRDA:828,80,1,0
BRDA:828,81,0,0
BRDA:828,81,1,0
BRDA:829,82,0,0
BRDA:829,82,1,0
BRDA:829,83,0,0
BRDA:829,83,1,0
BRDA:831,84,0,0
BRDA:831,84,1,0
BRDA:831,85,0,0
BRDA:831,85,1,0
BRDA:831,85,2,0
BRDA:834,86,0,0
BRDA:834,86,1,0
BRDA:835,87,0,0
BRDA:835,87,1,0
BRDA:835,88,0,0
BRDA:835,88,1,0
BRDA:839,89,0,0
BRDA:839,89,1,0
BRDA:848,90,0,0
BRDA:848,90,1,0
BRDA:850,91,0,0
BRDA:850,91,1,0
BRDA:858,92,0,0
BRDA:858,92,1,0
BRDA:860,93,0,0
BRDA:860,93,1,0
BRDA:865,94,0,0
BRDA:865,94,1,0
BRDA:866,95,0,0
BRDA:866,95,1,0
BRDA:873,96,0,0
BRDA:873,96,1,0
BRDA:874,97,0,0
BRDA:874,97,1,0
BRDA:876,98,0,0
BRDA:876,98,1,0
BRDA:881,99,0,0
BRDA:881,99,1,0
BRDA:891,100,0,0
BRDA:891,100,1,0
BRDA:893,101,0,0
BRDA:893,101,1,0
BRDA:898,102,0,0
BRDA:898,102,1,0
BRDA:899,103,0,0
BRDA:899,103,1,0
BRDA:900,104,0,0
BRDA:900,104,1,0
BRF:214
BRH:52
end_of_record
